INFO: [main] edu.cmu.pslc.learnsphere.analysis.GLRKT.GLRKTMain 22 May 2019 23:08:44,052 - Command-line args: [-componentXmlFile, C:\Users\LIANG ZHANG\Documents\NetBeansProjects\WorkflowComponents\GLRKT/test/components/ComponentGLRKT.xml, -workflowDir, C:\Users\LIANG ZHANG\Documents\NetBeansProjects\WorkflowComponents\GLRKT/test/, -toolDir, C:\Users\LIANG ZHANG\Documents\NetBeansProjects\WorkflowComponents\GLRKT/, -schemaFile, C:\Users\LIANG ZHANG\Documents\NetBeansProjects\WorkflowComponents\GLRKT/schemas/GLRKT_v1_0.xsd]
INFO: [main] edu.cmu.pslc.learnsphere.analysis.GLRKT.GLRKTMain 22 May 2019 23:08:44,117 - Initializing workflow component.
INFO: [main] edu.cmu.pslc.datashop.servlet.workflows.WorkflowHelper 22 May 2019 23:08:45,986 - Reading C:\Users\LIANG ZHANG\Documents\NetBeansProjects\WorkflowComponents\GLRKT/test/components/ComponentGLRKT.xml
INFO: [main] edu.cmu.pslc.datashop.servlet.workflows.WorkflowHelper 22 May 2019 23:08:45,987 - File absolute path: C:\Users\LIANG ZHANG\Documents\NetBeansProjects\WorkflowComponents\GLRKT\test\components\ComponentGLRKT.xml
INFO: [main] edu.cmu.pslc.learnsphere.analysis.GLRKT.GLRKTMain 22 May 2019 23:08:46,063 - Initializing component options.
INFO: [main] edu.cmu.pslc.learnsphere.analysis.GLRKT.GLRKTMain 22 May 2019 23:08:46,063 - Using existing component options.
INFO: [main] edu.cmu.pslc.learnsphere.analysis.GLRKT.GLRKTMain 22 May 2019 23:08:46,272 - Processing Options
INFO: [main] edu.cmu.pslc.learnsphere.analysis.GLRKT.GLRKTMain 22 May 2019 23:08:46,273 - Validating workflow component.
INFO: [main] edu.cmu.pslc.learnsphere.analysis.GLRKT.GLRKTMain 22 May 2019 23:08:46,578 - Testing workflow component.
INFO: [main] edu.cmu.pslc.learnsphere.analysis.GLRKT.GLRKTMain 22 May 2019 23:08:46,578 - Executing workflow component.
INFO: [main] edu.cmu.pslc.learnsphere.analysis.GLRKT.GLRKTMain 22 May 2019 23:08:46,582 - Executing process: [C:\Program, Files\R\R-3.4.4\bin\x64\Rscript.exe, C:\Users\LIANG ZHANG\Documents\NetBeansProjects\WorkflowComponents\GLRKT/program/GLRKT.R, -programDir, C:\Users\LIANG ZHANG\Documents\NetBeansProjects\WorkflowComponents\GLRKT/, -workingDir, C:\Users\LIANG ZHANG\Documents\NetBeansProjects\WorkflowComponents\GLRKT/test//ComponentTestOutput/output/, -mode, best fit model, -optRow1, basesuc,KC (Default),.3,.3, -optRow10, null, -optRow2, basefail,KC (Cluster),.3,NA, -optRow3, basesuc,KC (Cluster),NA,.3, -optRow4, propdec,Anon Student Id,.97,NA, -optRow5, null, -optRow6, null, -optRow7, null, -optRow8, null, -optRow9, null, -node, 0, -fileIndex, 0, C:\Users\LIANG ZHANG\Documents\NetBeansProjects\WorkflowComponents\GLRKT\test\testdata\ds1940_tx_All_Data_84_2016_1109_094411.txt]
INFO: [main] edu.cmu.pslc.datashop.servlet.workflows.WorkflowHelper 22 May 2019 23:09:14,882 - First line: Row	Sample.Name	Transaction.Id	Anon.Student.Id	Session.Id	Time	Time.Zone	Duration..sec.	Student.Response.Type	Student.Response.Subtype	Tutor.Response.Type	Tutor.Response.Subtype	Level..Unit.	Level..Unitname.	Problem.Name	Problem.View	Problem.Start.Time	Step.Name	Attempt.At.Step	Is.Last.Attempt	Outcome	Selection	Action	Input	Feedback.Text	Feedback.Classification	Help.Level	Total.Num.Hints	Condition.Name	Condition.Type	Condition.Name.1	Condition.Type.1	Condition.Name.2	Condition.Type.2	Condition.Name.3	Condition.Type.3	KC..Default.	KC.Category..Default.	KC..Cluster.	KC.Category..Cluster.	KC..Item.Model.	KC.Category..Item.Model.	KC..Single.KC.	KC.Category..Single.KC.	KC..Unique.step.	KC.Category..Unique.step.	School	Class	CF..Correct.Answer.	CF..Display.Order.	CF..End.Latency.	CF..Response.Time.	CF..Review.Latency.	CF..Set.Shuffled.Index.	CF..Start.Latency.	CF..Stim.File.Index.	CF..Stimulus.Version.	CF..Time.	CF..ansbin.	CF..reltime.	index	indexcomp	cor	icor	tcor	F1	F2	F3	F4	pred
INFO: [main] edu.cmu.pslc.datashop.servlet.workflows.WorkflowHelper 22 May 2019 23:09:14,883 - Delim: 	
INFO: [main] edu.cmu.pslc.datashop.servlet.workflows.WorkflowHelper 22 May 2019 23:09:14,983 - First line: Type 'citation("pROC")' for a citation.
INFO: [main] edu.cmu.pslc.datashop.servlet.workflows.WorkflowHelper 22 May 2019 23:09:14,984 - Delim: 	
INFO: [main] edu.cmu.pslc.datashop.servlet.workflows.WorkflowHelper 22 May 2019 23:09:14,987 - First line: <model_output>
INFO: [main] edu.cmu.pslc.datashop.servlet.workflows.WorkflowHelper 22 May 2019 23:09:14,988 - Delim: 	
INFO: [main] edu.cmu.pslc.learnsphere.analysis.GLRKT.GLRKTMain 22 May 2019 23:11:00,501 - Command-line args: [-componentXmlFile, C:\Users\LIANG ZHANG\Documents\NetBeansProjects\WorkflowComponents\GLRKT/test/components/ComponentGLRKT.xml, -workflowDir, C:\Users\LIANG ZHANG\Documents\NetBeansProjects\WorkflowComponents\GLRKT/test/, -toolDir, C:\Users\LIANG ZHANG\Documents\NetBeansProjects\WorkflowComponents\GLRKT/, -schemaFile, C:\Users\LIANG ZHANG\Documents\NetBeansProjects\WorkflowComponents\GLRKT/schemas/GLRKT_v1_0.xsd]
INFO: [main] edu.cmu.pslc.learnsphere.analysis.GLRKT.GLRKTMain 22 May 2019 23:11:00,504 - Initializing workflow component.
INFO: [main] edu.cmu.pslc.datashop.servlet.workflows.WorkflowHelper 22 May 2019 23:11:00,947 - Reading C:\Users\LIANG ZHANG\Documents\NetBeansProjects\WorkflowComponents\GLRKT/test/components/ComponentGLRKT.xml
INFO: [main] edu.cmu.pslc.datashop.servlet.workflows.WorkflowHelper 22 May 2019 23:11:00,949 - File absolute path: C:\Users\LIANG ZHANG\Documents\NetBeansProjects\WorkflowComponents\GLRKT\test\components\ComponentGLRKT.xml
INFO: [main] edu.cmu.pslc.learnsphere.analysis.GLRKT.GLRKTMain 22 May 2019 23:11:00,988 - Initializing component options.
INFO: [main] edu.cmu.pslc.learnsphere.analysis.GLRKT.GLRKTMain 22 May 2019 23:11:00,989 - Using existing component options.
INFO: [main] edu.cmu.pslc.learnsphere.analysis.GLRKT.GLRKTMain 22 May 2019 23:11:01,208 - Processing Options
INFO: [main] edu.cmu.pslc.learnsphere.analysis.GLRKT.GLRKTMain 22 May 2019 23:11:01,209 - Validating workflow component.
INFO: [main] edu.cmu.pslc.learnsphere.analysis.GLRKT.GLRKTMain 22 May 2019 23:11:01,556 - Testing workflow component.
INFO: [main] edu.cmu.pslc.learnsphere.analysis.GLRKT.GLRKTMain 22 May 2019 23:11:01,556 - Executing workflow component.
INFO: [main] edu.cmu.pslc.learnsphere.analysis.GLRKT.GLRKTMain 22 May 2019 23:11:01,561 - Executing process: [C:\Program, Files\R\R-3.4.4\bin\x64\Rscript.exe, C:\Users\LIANG ZHANG\Documents\NetBeansProjects\WorkflowComponents\GLRKT/program/GLRKT.R, -programDir, C:\Users\LIANG ZHANG\Documents\NetBeansProjects\WorkflowComponents\GLRKT/, -workingDir, C:\Users\LIANG ZHANG\Documents\NetBeansProjects\WorkflowComponents\GLRKT/test//ComponentTestOutput/output/, -mode, best fit model, -optRow1, basesuc,KC (Default),.3,.3, -optRow10, null, -optRow2, basefail,KC (Cluster),.3,.3, -optRow3, basesuc,KC (Cluster),NA,.3, -optRow4, propdec,Anon Student Id,.97,NA, -optRow5, null, -optRow6, null, -optRow7, null, -optRow8, null, -optRow9, null, -node, 0, -fileIndex, 0, C:\Users\LIANG ZHANG\Documents\NetBeansProjects\WorkflowComponents\GLRKT\test\testdata\ds1940_tx_All_Data_84_2016_1109_094411.txt]
INFO: [main] edu.cmu.pslc.datashop.servlet.workflows.WorkflowHelper 22 May 2019 23:11:16,882 - First line: Row	Sample.Name	Transaction.Id	Anon.Student.Id	Session.Id	Time	Time.Zone	Duration..sec.	Student.Response.Type	Student.Response.Subtype	Tutor.Response.Type	Tutor.Response.Subtype	Level..Unit.	Level..Unitname.	Problem.Name	Problem.View	Problem.Start.Time	Step.Name	Attempt.At.Step	Is.Last.Attempt	Outcome	Selection	Action	Input	Feedback.Text	Feedback.Classification	Help.Level	Total.Num.Hints	Condition.Name	Condition.Type	Condition.Name.1	Condition.Type.1	Condition.Name.2	Condition.Type.2	Condition.Name.3	Condition.Type.3	KC..Default.	KC.Category..Default.	KC..Cluster.	KC.Category..Cluster.	KC..Item.Model.	KC.Category..Item.Model.	KC..Single.KC.	KC.Category..Single.KC.	KC..Unique.step.	KC.Category..Unique.step.	School	Class	CF..Correct.Answer.	CF..Display.Order.	CF..End.Latency.	CF..Response.Time.	CF..Review.Latency.	CF..Set.Shuffled.Index.	CF..Start.Latency.	CF..Stim.File.Index.	CF..Stimulus.Version.	CF..Time.	CF..ansbin.	CF..reltime.	index	indexcomp	cor	icor	tcor	F1	F2	F3	F4	pred
INFO: [main] edu.cmu.pslc.datashop.servlet.workflows.WorkflowHelper 22 May 2019 23:11:16,883 - Delim: 	
INFO: [main] edu.cmu.pslc.datashop.servlet.workflows.WorkflowHelper 22 May 2019 23:11:16,904 - First line: Type 'citation("pROC")' for a citation.
INFO: [main] edu.cmu.pslc.datashop.servlet.workflows.WorkflowHelper 22 May 2019 23:11:16,905 - Delim: 	
INFO: [main] edu.cmu.pslc.datashop.servlet.workflows.WorkflowHelper 22 May 2019 23:11:16,909 - First line: <model_output>
INFO: [main] edu.cmu.pslc.datashop.servlet.workflows.WorkflowHelper 22 May 2019 23:11:16,909 - Delim: 	
INFO: [main] edu.cmu.pslc.learnsphere.analysis.GLRKT.GLRKTMain 25 May 2019 00:13:26,698 - Command-line args: [-componentXmlFile, C:\Users\LIANG ZHANG\Documents\NetBeansProjects\WorkflowComponents\GLRKT/test/components/ComponentGLRKT.xml, -workflowDir, C:\Users\LIANG ZHANG\Documents\NetBeansProjects\WorkflowComponents\GLRKT/test/, -toolDir, C:\Users\LIANG ZHANG\Documents\NetBeansProjects\WorkflowComponents\GLRKT/, -schemaFile, C:\Users\LIANG ZHANG\Documents\NetBeansProjects\WorkflowComponents\GLRKT/schemas/GLRKT_v1_0.xsd]
INFO: [main] edu.cmu.pslc.learnsphere.analysis.GLRKT.GLRKTMain 25 May 2019 00:13:26,746 - Initializing workflow component.
INFO: [main] edu.cmu.pslc.datashop.servlet.workflows.WorkflowHelper 25 May 2019 00:13:27,730 - Reading C:\Users\LIANG ZHANG\Documents\NetBeansProjects\WorkflowComponents\GLRKT/test/components/ComponentGLRKT.xml
INFO: [main] edu.cmu.pslc.datashop.servlet.workflows.WorkflowHelper 25 May 2019 00:13:27,730 - File absolute path: C:\Users\LIANG ZHANG\Documents\NetBeansProjects\WorkflowComponents\GLRKT\test\components\ComponentGLRKT.xml
INFO: [main] edu.cmu.pslc.learnsphere.analysis.GLRKT.GLRKTMain 25 May 2019 00:13:27,810 - Initializing component options.
INFO: [main] edu.cmu.pslc.learnsphere.analysis.GLRKT.GLRKTMain 25 May 2019 00:13:27,810 - Using existing component options.
INFO: [main] edu.cmu.pslc.learnsphere.analysis.GLRKT.GLRKTMain 25 May 2019 00:13:28,202 - Processing Options
INFO: [main] edu.cmu.pslc.learnsphere.analysis.GLRKT.GLRKTMain 25 May 2019 00:13:28,202 - Validating workflow component.
INFO: [main] edu.cmu.pslc.learnsphere.analysis.GLRKT.GLRKTMain 25 May 2019 00:13:28,869 - Testing workflow component.
INFO: [main] edu.cmu.pslc.learnsphere.analysis.GLRKT.GLRKTMain 25 May 2019 00:13:28,869 - Executing workflow component.
INFO: [main] edu.cmu.pslc.learnsphere.analysis.GLRKT.GLRKTMain 25 May 2019 00:13:28,893 - Executing process: [C:\Program, Files\R\R-3.4.4\bin\x64\Rscript.exe, C:\Users\LIANG ZHANG\Documents\NetBeansProjects\WorkflowComponents\GLRKT/program/GLRKT.R, -programDir, C:\Users\LIANG ZHANG\Documents\NetBeansProjects\WorkflowComponents\GLRKT/, -workingDir, C:\Users\LIANG ZHANG\Documents\NetBeansProjects\WorkflowComponents\GLRKT/test//ComponentTestOutput/output/, -mode, best fit model, -optRow1, basesuc,KC (Default),.3,.3, -optRow10, null, -optRow2, basefail,KC (Cluster),.3,.3, -optRow3, basesuc,KC (Cluster),NA,.3, -optRow4, propdec,Anon Student Id,.97,NA, -optRow5, null, -optRow6, null, -optRow7, null, -optRow8, null, -optRow9, null, -node, 0, -fileIndex, 0, C:\Users\LIANG ZHANG\Documents\NetBeansProjects\WorkflowComponents\GLRKT\test\testdata\GLRKT.txt]
INFO: [main] edu.cmu.pslc.datashop.servlet.workflows.WorkflowHelper 25 May 2019 00:14:04,653 - First line: Row	Sample.Name	Transaction.Id	Anon.Student.Id	Session.Id	Time	Time.Zone	Duration..sec.	Student.Response.Type	Student.Response.Subtype	Tutor.Response.Type	Tutor.Response.Subtype	Level..Unit.	Level..Unitname.	Problem.Name	Problem.View	Problem.Start.Time	Step.Name	Attempt.At.Step	Is.Last.Attempt	Outcome	Selection	Action	Input	Feedback.Text	Feedback.Classification	Help.Level	Total.Num.Hints	Condition.Name	Condition.Type	Condition.Name.1	Condition.Type.1	Condition.Name.2	Condition.Type.2	Condition.Name.3	Condition.Type.3	KC..Default.	KC.Category..Default.	KC..Cluster.	KC.Category..Cluster.	KC..Item.Model.	KC.Category..Item.Model.	KC..Single.KC.	KC.Category..Single.KC.	KC..Unique.step.	KC.Category..Unique.step.	School	Class	CF..Correct.Answer.	CF..Display.Order.	CF..End.Latency.	CF..Response.Time.	CF..Review.Latency.	CF..Set.Shuffled.Index.	CF..Start.Latency.	CF..Stim.File.Index.	CF..Stimulus.Version.	CF..Time.	CF..ansbin.	CF..reltime.	index	indexcomp	cor	icor	tcor	F1	F2	F3	F4	pred
INFO: [main] edu.cmu.pslc.datashop.servlet.workflows.WorkflowHelper 25 May 2019 00:14:04,657 - Delim: 	
INFO: [main] edu.cmu.pslc.datashop.servlet.workflows.WorkflowHelper 25 May 2019 00:14:04,705 - First line: Type 'citation("pROC")' for a citation.
INFO: [main] edu.cmu.pslc.datashop.servlet.workflows.WorkflowHelper 25 May 2019 00:14:04,705 - Delim: 	
INFO: [main] edu.cmu.pslc.datashop.servlet.workflows.WorkflowHelper 25 May 2019 00:14:04,709 - First line: <model_output>
INFO: [main] edu.cmu.pslc.datashop.servlet.workflows.WorkflowHelper 25 May 2019 00:14:04,713 - Delim: 	
INFO: [main] edu.cmu.pslc.learnsphere.analysis.GLRKT.GLRKTMain 25 May 2019 01:22:55,344 - Command-line args: [-componentXmlFile, C:\Users\LIANG ZHANG\Documents\NetBeansProjects\WorkflowComponents\GLRKT/test/components/ComponentGLRKT.xml, -workflowDir, C:\Users\LIANG ZHANG\Documents\NetBeansProjects\WorkflowComponents\GLRKT/test/, -toolDir, C:\Users\LIANG ZHANG\Documents\NetBeansProjects\WorkflowComponents\GLRKT/, -schemaFile, C:\Users\LIANG ZHANG\Documents\NetBeansProjects\WorkflowComponents\GLRKT/schemas/GLRKT_v1_0.xsd]
INFO: [main] edu.cmu.pslc.learnsphere.analysis.GLRKT.GLRKTMain 25 May 2019 01:22:55,373 - Initializing workflow component.
INFO: [main] edu.cmu.pslc.datashop.servlet.workflows.WorkflowHelper 25 May 2019 01:22:55,875 - Reading C:\Users\LIANG ZHANG\Documents\NetBeansProjects\WorkflowComponents\GLRKT/test/components/ComponentGLRKT.xml
INFO: [main] edu.cmu.pslc.datashop.servlet.workflows.WorkflowHelper 25 May 2019 01:22:55,876 - File absolute path: C:\Users\LIANG ZHANG\Documents\NetBeansProjects\WorkflowComponents\GLRKT\test\components\ComponentGLRKT.xml
INFO: [main] edu.cmu.pslc.learnsphere.analysis.GLRKT.GLRKTMain 25 May 2019 01:22:55,939 - Initializing component options.
INFO: [main] edu.cmu.pslc.learnsphere.analysis.GLRKT.GLRKTMain 25 May 2019 01:22:55,940 - Using existing component options.
INFO: [main] edu.cmu.pslc.learnsphere.analysis.GLRKT.GLRKTMain 25 May 2019 01:22:56,212 - Processing Options
INFO: [main] edu.cmu.pslc.learnsphere.analysis.GLRKT.GLRKTMain 25 May 2019 01:22:56,213 - Validating workflow component.
INFO: [main] edu.cmu.pslc.learnsphere.analysis.GLRKT.GLRKTMain 25 May 2019 01:22:56,802 - Testing workflow component.
INFO: [main] edu.cmu.pslc.learnsphere.analysis.GLRKT.GLRKTMain 25 May 2019 01:22:56,803 - Executing workflow component.
INFO: [main] edu.cmu.pslc.learnsphere.analysis.GLRKT.GLRKTMain 25 May 2019 01:22:56,808 - Executing process: [C:\Program, Files\R\R-3.4.4\bin\x64\Rscript.exe, C:\Users\LIANG ZHANG\Documents\NetBeansProjects\WorkflowComponents\GLRKT/program/GLRKT.R, -programDir, C:\Users\LIANG ZHANG\Documents\NetBeansProjects\WorkflowComponents\GLRKT/, -workingDir, C:\Users\LIANG ZHANG\Documents\NetBeansProjects\WorkflowComponents\GLRKT/test//ComponentTestOutput/output/, -mode, best fit model, -optRow1, basesuc,KC (Default),.3,.3, -optRow10, null, -optRow2, basefail,KC (Cluster),.3,.3, -optRow3, basesuc,KC (Cluster),NA,.3, -optRow4, propdec,Anon Student Id,.97,NA, -optRow5, null, -optRow6, null, -optRow7, null, -optRow8, null, -optRow9, null, -node, 0, -fileIndex, 0, C:\Users\LIANG ZHANG\Documents\NetBeansProjects\WorkflowComponents\GLRKT\test\testdata\ds1940_tx_All_Data_84_2016_1109_094411.txt]
INFO: [main] edu.cmu.pslc.datashop.servlet.workflows.WorkflowHelper 25 May 2019 01:23:47,404 - First line: Row	Sample.Name	Transaction.Id	Anon.Student.Id	Session.Id	Time	Time.Zone	Duration..sec.	Student.Response.Type	Student.Response.Subtype	Tutor.Response.Type	Tutor.Response.Subtype	Level..Unit.	Level..Unitname.	Problem.Name	Problem.View	Problem.Start.Time	Step.Name	Attempt.At.Step	Is.Last.Attempt	Outcome	Selection	Action	Input	Feedback.Text	Feedback.Classification	Help.Level	Total.Num.Hints	Condition.Name	Condition.Type	Condition.Name.1	Condition.Type.1	Condition.Name.2	Condition.Type.2	Condition.Name.3	Condition.Type.3	KC..Default.	KC.Category..Default.	KC..Cluster.	KC.Category..Cluster.	KC..Item.Model.	KC.Category..Item.Model.	KC..Single.KC.	KC.Category..Single.KC.	KC..Unique.step.	KC.Category..Unique.step.	School	Class	CF..Correct.Answer.	CF..Display.Order.	CF..End.Latency.	CF..Response.Time.	CF..Review.Latency.	CF..Set.Shuffled.Index.	CF..Start.Latency.	CF..Stim.File.Index.	CF..Stimulus.Version.	CF..Time.	CF..ansbin.	CF..reltime.	index	indexcomp	cor	icor	tcor	F1	F2	F3	F4	pred
INFO: [main] edu.cmu.pslc.datashop.servlet.workflows.WorkflowHelper 25 May 2019 01:23:47,410 - Delim: 	
INFO: [main] edu.cmu.pslc.datashop.servlet.workflows.WorkflowHelper 25 May 2019 01:23:47,465 - First line: Type 'citation("pROC")' for a citation.
INFO: [main] edu.cmu.pslc.datashop.servlet.workflows.WorkflowHelper 25 May 2019 01:23:47,466 - Delim: 	
INFO: [main] edu.cmu.pslc.datashop.servlet.workflows.WorkflowHelper 25 May 2019 01:23:47,476 - First line: <model_output>
INFO: [main] edu.cmu.pslc.datashop.servlet.workflows.WorkflowHelper 25 May 2019 01:23:47,480 - Delim: 	
INFO: [main] edu.cmu.pslc.learnsphere.analysis.GLRKT.GLRKTMain 25 May 2019 01:33:41,018 - Command-line args: [-componentXmlFile, C:\Users\LIANG ZHANG\Documents\NetBeansProjects\WorkflowComponents\GLRKT/test/components/ComponentGLRKT.xml, -workflowDir, C:\Users\LIANG ZHANG\Documents\NetBeansProjects\WorkflowComponents\GLRKT/test/, -toolDir, C:\Users\LIANG ZHANG\Documents\NetBeansProjects\WorkflowComponents\GLRKT/, -schemaFile, C:\Users\LIANG ZHANG\Documents\NetBeansProjects\WorkflowComponents\GLRKT/schemas/GLRKT_v1_0.xsd]
INFO: [main] edu.cmu.pslc.learnsphere.analysis.GLRKT.GLRKTMain 25 May 2019 01:33:41,059 - Initializing workflow component.
INFO: [main] edu.cmu.pslc.datashop.servlet.workflows.WorkflowHelper 25 May 2019 01:33:41,521 - Reading C:\Users\LIANG ZHANG\Documents\NetBeansProjects\WorkflowComponents\GLRKT/test/components/ComponentGLRKT.xml
INFO: [main] edu.cmu.pslc.datashop.servlet.workflows.WorkflowHelper 25 May 2019 01:33:41,522 - File absolute path: C:\Users\LIANG ZHANG\Documents\NetBeansProjects\WorkflowComponents\GLRKT\test\components\ComponentGLRKT.xml
INFO: [main] edu.cmu.pslc.learnsphere.analysis.GLRKT.GLRKTMain 25 May 2019 01:33:41,563 - Initializing component options.
INFO: [main] edu.cmu.pslc.learnsphere.analysis.GLRKT.GLRKTMain 25 May 2019 01:33:41,563 - Using existing component options.
INFO: [main] edu.cmu.pslc.learnsphere.analysis.GLRKT.GLRKTMain 25 May 2019 01:33:41,887 - Processing Options
INFO: [main] edu.cmu.pslc.learnsphere.analysis.GLRKT.GLRKTMain 25 May 2019 01:33:41,891 - Validating workflow component.
INFO: [main] edu.cmu.pslc.learnsphere.analysis.GLRKT.GLRKTMain 25 May 2019 01:33:42,394 - Testing workflow component.
INFO: [main] edu.cmu.pslc.learnsphere.analysis.GLRKT.GLRKTMain 25 May 2019 01:33:42,394 - Executing workflow component.
INFO: [main] edu.cmu.pslc.learnsphere.analysis.GLRKT.GLRKTMain 25 May 2019 01:33:42,401 - Executing process: [C:\Program, Files\R\R-3.4.4\bin\x64\Rscript.exe, C:\Users\LIANG ZHANG\Documents\NetBeansProjects\WorkflowComponents\GLRKT/program/GLRKT.R, -programDir, C:\Users\LIANG ZHANG\Documents\NetBeansProjects\WorkflowComponents\GLRKT/, -workingDir, C:\Users\LIANG ZHANG\Documents\NetBeansProjects\WorkflowComponents\GLRKT/test//ComponentTestOutput/output/, -mode, best fit model, -optRow1, basesuc,KC (Default),.3,.3, -optRow10, null, -optRow2, basefail,KC (Cluster),.3,.3, -optRow3, basesuc,KC (Cluster),NA,.3, -optRow4, propdec,Anon Student Id,.97,NA, -optRow5, null, -optRow6, null, -optRow7, null, -optRow8, null, -optRow9, null, -node, 0, -fileIndex, 0, C:\Users\LIANG ZHANG\Documents\NetBeansProjects\WorkflowComponents\GLRKT\test\testdata\GLRKT.txt]
INFO: [main] edu.cmu.pslc.datashop.servlet.workflows.WorkflowHelper 25 May 2019 01:34:31,612 - First line: Row	Sample.Name	Transaction.Id	Anon.Student.Id	Session.Id	Time	Time.Zone	Duration..sec.	Student.Response.Type	Student.Response.Subtype	Tutor.Response.Type	Tutor.Response.Subtype	Level..Unit.	Level..Unitname.	Problem.Name	Problem.View	Problem.Start.Time	Step.Name	Attempt.At.Step	Is.Last.Attempt	Outcome	Selection	Action	Input	Feedback.Text	Feedback.Classification	Help.Level	Total.Num.Hints	Condition.Name	Condition.Type	Condition.Name.1	Condition.Type.1	Condition.Name.2	Condition.Type.2	Condition.Name.3	Condition.Type.3	KC..Default.	KC.Category..Default.	KC..Cluster.	KC.Category..Cluster.	KC..Item.Model.	KC.Category..Item.Model.	KC..Single.KC.	KC.Category..Single.KC.	KC..Unique.step.	KC.Category..Unique.step.	School	Class	CF..Correct.Answer.	CF..Display.Order.	CF..End.Latency.	CF..Response.Time.	CF..Review.Latency.	CF..Set.Shuffled.Index.	CF..Start.Latency.	CF..Stim.File.Index.	CF..Stimulus.Version.	CF..Time.	CF..ansbin.	CF..KCindex.	CF..reltime.	index	indexcomp	cor	icor	tcor	F1	F2	F3	F4	pred
INFO: [main] edu.cmu.pslc.datashop.servlet.workflows.WorkflowHelper 25 May 2019 01:34:31,613 - Delim: 	
INFO: [main] edu.cmu.pslc.datashop.servlet.workflows.WorkflowHelper 25 May 2019 01:34:31,661 - First line: Type 'citation("pROC")' for a citation.
INFO: [main] edu.cmu.pslc.datashop.servlet.workflows.WorkflowHelper 25 May 2019 01:34:31,662 - Delim: 	
INFO: [main] edu.cmu.pslc.datashop.servlet.workflows.WorkflowHelper 25 May 2019 01:34:31,666 - First line: <model_output>
INFO: [main] edu.cmu.pslc.datashop.servlet.workflows.WorkflowHelper 25 May 2019 01:34:31,667 - Delim: 	
INFO: [main] edu.cmu.pslc.learnsphere.analysis.GLRKT.GLRKTMain 25 May 2019 01:35:55,725 - Command-line args: [-componentXmlFile, C:\Users\LIANG ZHANG\Documents\NetBeansProjects\WorkflowComponents\GLRKT/test/components/ComponentGLRKT.xml, -workflowDir, C:\Users\LIANG ZHANG\Documents\NetBeansProjects\WorkflowComponents\GLRKT/test/, -toolDir, C:\Users\LIANG ZHANG\Documents\NetBeansProjects\WorkflowComponents\GLRKT/, -schemaFile, C:\Users\LIANG ZHANG\Documents\NetBeansProjects\WorkflowComponents\GLRKT/schemas/GLRKT_v1_0.xsd]
INFO: [main] edu.cmu.pslc.learnsphere.analysis.GLRKT.GLRKTMain 25 May 2019 01:35:55,727 - Initializing workflow component.
INFO: [main] edu.cmu.pslc.datashop.servlet.workflows.WorkflowHelper 25 May 2019 01:35:56,163 - Reading C:\Users\LIANG ZHANG\Documents\NetBeansProjects\WorkflowComponents\GLRKT/test/components/ComponentGLRKT.xml
INFO: [main] edu.cmu.pslc.datashop.servlet.workflows.WorkflowHelper 25 May 2019 01:35:56,165 - File absolute path: C:\Users\LIANG ZHANG\Documents\NetBeansProjects\WorkflowComponents\GLRKT\test\components\ComponentGLRKT.xml
INFO: [main] edu.cmu.pslc.learnsphere.analysis.GLRKT.GLRKTMain 25 May 2019 01:35:56,226 - Initializing component options.
INFO: [main] edu.cmu.pslc.learnsphere.analysis.GLRKT.GLRKTMain 25 May 2019 01:35:56,227 - Using existing component options.
INFO: [main] edu.cmu.pslc.learnsphere.analysis.GLRKT.GLRKTMain 25 May 2019 01:35:56,530 - Processing Options
INFO: [main] edu.cmu.pslc.learnsphere.analysis.GLRKT.GLRKTMain 25 May 2019 01:35:56,532 - Validating workflow component.
INFO: [main] edu.cmu.pslc.learnsphere.analysis.GLRKT.GLRKTMain 25 May 2019 01:35:57,060 - Testing workflow component.
INFO: [main] edu.cmu.pslc.learnsphere.analysis.GLRKT.GLRKTMain 25 May 2019 01:35:57,061 - Executing workflow component.
INFO: [main] edu.cmu.pslc.learnsphere.analysis.GLRKT.GLRKTMain 25 May 2019 01:35:57,065 - Executing process: [C:\Program, Files\R\R-3.4.4\bin\x64\Rscript.exe, C:\Users\LIANG ZHANG\Documents\NetBeansProjects\WorkflowComponents\GLRKT/program/GLRKT.R, -programDir, C:\Users\LIANG ZHANG\Documents\NetBeansProjects\WorkflowComponents\GLRKT/, -workingDir, C:\Users\LIANG ZHANG\Documents\NetBeansProjects\WorkflowComponents\GLRKT/test//ComponentTestOutput/output/, -mode, best fit model, -optRow1, basesuc,KC (Default),.3,.3, -optRow10, null, -optRow2, basefail,KC (Cluster),.3,.3, -optRow3, basesuc,KC (Cluster),NA,.3, -optRow4, propdec,Anon Student Id,.97,NA, -optRow5, null, -optRow6, null, -optRow7, null, -optRow8, null, -optRow9, null, -node, 0, -fileIndex, 0, C:\Users\LIANG ZHANG\Documents\NetBeansProjects\WorkflowComponents\GLRKT\test\testdata\GLRKT.txt]
INFO: [main] edu.cmu.pslc.datashop.servlet.workflows.WorkflowHelper 25 May 2019 01:36:29,352 - First line: Row	Sample.Name	Transaction.Id	Anon.Student.Id	Session.Id	Time	Time.Zone	Duration..sec.	Student.Response.Type	Student.Response.Subtype	Tutor.Response.Type	Tutor.Response.Subtype	Level..Unit.	Level..Unitname.	Problem.Name	Problem.View	Problem.Start.Time	Step.Name	Attempt.At.Step	Is.Last.Attempt	Outcome	Selection	Action	Input	Feedback.Text	Feedback.Classification	Help.Level	Total.Num.Hints	Condition.Name	Condition.Type	Condition.Name.1	Condition.Type.1	Condition.Name.2	Condition.Type.2	Condition.Name.3	Condition.Type.3	KC..Default.	KC.Category..Default.	KC..Cluster.	KC.Category..Cluster.	KC..Item.Model.	KC.Category..Item.Model.	KC..Single.KC.	KC.Category..Single.KC.	KC..Unique.step.	KC.Category..Unique.step.	School	Class	CF..Correct.Answer.	CF..Display.Order.	CF..End.Latency.	CF..Response.Time.	CF..Review.Latency.	CF..Set.Shuffled.Index.	CF..Start.Latency.	CF..Stim.File.Index.	CF..Stimulus.Version.	CF..Time.	CF..ansbin.	CF..KCindex.	CF..reltime.	index	indexcomp	cor	icor	tcor	F1	F2	F3	F4	pred
INFO: [main] edu.cmu.pslc.datashop.servlet.workflows.WorkflowHelper 25 May 2019 01:36:29,353 - Delim: 	
INFO: [main] edu.cmu.pslc.datashop.servlet.workflows.WorkflowHelper 25 May 2019 01:36:29,400 - First line: Type 'citation("pROC")' for a citation.
INFO: [main] edu.cmu.pslc.datashop.servlet.workflows.WorkflowHelper 25 May 2019 01:36:29,402 - Delim: 	
INFO: [main] edu.cmu.pslc.datashop.servlet.workflows.WorkflowHelper 25 May 2019 01:36:29,408 - First line: <model_output>
INFO: [main] edu.cmu.pslc.datashop.servlet.workflows.WorkflowHelper 25 May 2019 01:36:29,415 - Delim: 	
INFO: [main] edu.cmu.pslc.learnsphere.analysis.GLRKT.GLRKTMain 25 May 2019 01:39:21,049 - Command-line args: [-componentXmlFile, C:\Users\LIANG ZHANG\Documents\NetBeansProjects\WorkflowComponents\GLRKT/test/components/ComponentGLRKT.xml, -workflowDir, C:\Users\LIANG ZHANG\Documents\NetBeansProjects\WorkflowComponents\GLRKT/test/, -toolDir, C:\Users\LIANG ZHANG\Documents\NetBeansProjects\WorkflowComponents\GLRKT/, -schemaFile, C:\Users\LIANG ZHANG\Documents\NetBeansProjects\WorkflowComponents\GLRKT/schemas/GLRKT_v1_0.xsd]
INFO: [main] edu.cmu.pslc.learnsphere.analysis.GLRKT.GLRKTMain 25 May 2019 01:39:21,053 - Initializing workflow component.
INFO: [main] edu.cmu.pslc.datashop.servlet.workflows.WorkflowHelper 25 May 2019 01:39:21,489 - Reading C:\Users\LIANG ZHANG\Documents\NetBeansProjects\WorkflowComponents\GLRKT/test/components/ComponentGLRKT.xml
INFO: [main] edu.cmu.pslc.datashop.servlet.workflows.WorkflowHelper 25 May 2019 01:39:21,492 - File absolute path: C:\Users\LIANG ZHANG\Documents\NetBeansProjects\WorkflowComponents\GLRKT\test\components\ComponentGLRKT.xml
INFO: [main] edu.cmu.pslc.learnsphere.analysis.GLRKT.GLRKTMain 25 May 2019 01:39:21,541 - Initializing component options.
INFO: [main] edu.cmu.pslc.learnsphere.analysis.GLRKT.GLRKTMain 25 May 2019 01:39:21,542 - Using existing component options.
INFO: [main] edu.cmu.pslc.learnsphere.analysis.GLRKT.GLRKTMain 25 May 2019 01:39:21,892 - Processing Options
INFO: [main] edu.cmu.pslc.learnsphere.analysis.GLRKT.GLRKTMain 25 May 2019 01:39:21,894 - Validating workflow component.
INFO: [main] edu.cmu.pslc.learnsphere.analysis.GLRKT.GLRKTMain 25 May 2019 01:39:22,355 - Testing workflow component.
INFO: [main] edu.cmu.pslc.learnsphere.analysis.GLRKT.GLRKTMain 25 May 2019 01:39:22,355 - Executing workflow component.
INFO: [main] edu.cmu.pslc.learnsphere.analysis.GLRKT.GLRKTMain 25 May 2019 01:39:22,363 - Executing process: [C:\Program, Files\R\R-3.4.4\bin\x64\Rscript.exe, C:\Users\LIANG ZHANG\Documents\NetBeansProjects\WorkflowComponents\GLRKT/program/GLRKT.R, -programDir, C:\Users\LIANG ZHANG\Documents\NetBeansProjects\WorkflowComponents\GLRKT/, -workingDir, C:\Users\LIANG ZHANG\Documents\NetBeansProjects\WorkflowComponents\GLRKT/test//ComponentTestOutput/output/, -mode, best fit model, -optRow1, basesuc,KC (Default),.3,.3, -optRow10, null, -optRow2, basefail,KC (Cluster),.3,.3, -optRow3, basesuc,KC (Cluster),NA,.3, -optRow4, propdec,Anon Student Id,.97,NA, -optRow5, null, -optRow6, null, -optRow7, null, -optRow8, null, -optRow9, null, -node, 0, -fileIndex, 0, C:\Users\LIANG ZHANG\Documents\NetBeansProjects\WorkflowComponents\GLRKT\test\testdata\GLRKT.txt]
INFO: [main] edu.cmu.pslc.datashop.servlet.workflows.WorkflowHelper 25 May 2019 01:39:43,512 - First line: Row	Sample.Name	Transaction.Id	Anon.Student.Id	Session.Id	Time	Time.Zone	Duration..sec.	Student.Response.Type	Student.Response.Subtype	Tutor.Response.Type	Tutor.Response.Subtype	Level..Unit.	Level..Unitname.	Problem.Name	Problem.View	Problem.Start.Time	Step.Name	Attempt.At.Step	Is.Last.Attempt	Outcome	Selection	Action	Input	Feedback.Text	Feedback.Classification	Help.Level	Total.Num.Hints	Condition.Name	Condition.Type	Condition.Name.1	Condition.Type.1	Condition.Name.2	Condition.Type.2	Condition.Name.3	Condition.Type.3	KC..Default.	KC.Category..Default.	KC..Cluster.	KC.Category..Cluster.	KC..Item.Model.	KC.Category..Item.Model.	KC..Single.KC.	KC.Category..Single.KC.	KC..Unique.step.	KC.Category..Unique.step.	School	Class	CF..Correct.Answer.	CF..Display.Order.	CF..End.Latency.	CF..Response.Time.	CF..Review.Latency.	CF..Set.Shuffled.Index.	CF..Start.Latency.	CF..Stim.File.Index.	CF..Stimulus.Version.	CF..Time.	CF..ansbin.	CF..KCindex.	CF..reltime.	index	indexcomp	cor	icor	tcor	F1	F2	F3	F4	pred
INFO: [main] edu.cmu.pslc.datashop.servlet.workflows.WorkflowHelper 25 May 2019 01:39:43,516 - Delim: 	
INFO: [main] edu.cmu.pslc.datashop.servlet.workflows.WorkflowHelper 25 May 2019 01:39:43,550 - First line: Type 'citation("pROC")' for a citation.
INFO: [main] edu.cmu.pslc.datashop.servlet.workflows.WorkflowHelper 25 May 2019 01:39:43,551 - Delim: 	
INFO: [main] edu.cmu.pslc.datashop.servlet.workflows.WorkflowHelper 25 May 2019 01:39:43,556 - First line: <model_output>
INFO: [main] edu.cmu.pslc.datashop.servlet.workflows.WorkflowHelper 25 May 2019 01:39:43,559 - Delim: 	
INFO: [main] edu.cmu.pslc.learnsphere.analysis.GLRKT.GLRKTMain 25 May 2019 01:41:02,017 - Command-line args: [-componentXmlFile, C:\Users\LIANG ZHANG\Documents\NetBeansProjects\WorkflowComponents\GLRKT/test/components/ComponentGLRKT.xml, -workflowDir, C:\Users\LIANG ZHANG\Documents\NetBeansProjects\WorkflowComponents\GLRKT/test/, -toolDir, C:\Users\LIANG ZHANG\Documents\NetBeansProjects\WorkflowComponents\GLRKT/, -schemaFile, C:\Users\LIANG ZHANG\Documents\NetBeansProjects\WorkflowComponents\GLRKT/schemas/GLRKT_v1_0.xsd]
INFO: [main] edu.cmu.pslc.learnsphere.analysis.GLRKT.GLRKTMain 25 May 2019 01:41:02,020 - Initializing workflow component.
INFO: [main] edu.cmu.pslc.datashop.servlet.workflows.WorkflowHelper 25 May 2019 01:41:02,503 - Reading C:\Users\LIANG ZHANG\Documents\NetBeansProjects\WorkflowComponents\GLRKT/test/components/ComponentGLRKT.xml
INFO: [main] edu.cmu.pslc.datashop.servlet.workflows.WorkflowHelper 25 May 2019 01:41:02,507 - File absolute path: C:\Users\LIANG ZHANG\Documents\NetBeansProjects\WorkflowComponents\GLRKT\test\components\ComponentGLRKT.xml
INFO: [main] edu.cmu.pslc.learnsphere.analysis.GLRKT.GLRKTMain 25 May 2019 01:41:02,542 - Initializing component options.
INFO: [main] edu.cmu.pslc.learnsphere.analysis.GLRKT.GLRKTMain 25 May 2019 01:41:02,543 - Using existing component options.
INFO: [main] edu.cmu.pslc.learnsphere.analysis.GLRKT.GLRKTMain 25 May 2019 01:41:02,942 - Processing Options
INFO: [main] edu.cmu.pslc.learnsphere.analysis.GLRKT.GLRKTMain 25 May 2019 01:41:02,943 - Validating workflow component.
INFO: [main] edu.cmu.pslc.learnsphere.analysis.GLRKT.GLRKTMain 25 May 2019 01:41:03,377 - Testing workflow component.
INFO: [main] edu.cmu.pslc.learnsphere.analysis.GLRKT.GLRKTMain 25 May 2019 01:41:03,377 - Executing workflow component.
INFO: [main] edu.cmu.pslc.learnsphere.analysis.GLRKT.GLRKTMain 25 May 2019 01:41:03,385 - Executing process: [C:\Program, Files\R\R-3.4.4\bin\x64\Rscript.exe, C:\Users\LIANG ZHANG\Documents\NetBeansProjects\WorkflowComponents\GLRKT/program/GLRKT.R, -programDir, C:\Users\LIANG ZHANG\Documents\NetBeansProjects\WorkflowComponents\GLRKT/, -workingDir, C:\Users\LIANG ZHANG\Documents\NetBeansProjects\WorkflowComponents\GLRKT/test//ComponentTestOutput/output/, -mode, best fit model, -optRow1, basesuc,KC (Default),.3,.3, -optRow10, null, -optRow2, basefail,KC (Cluster),.3,.3, -optRow3, basesuc,KC (Cluster),NA,.3, -optRow4, propdec,Anon Student Id,.97,NA, -optRow5, null, -optRow6, null, -optRow7, null, -optRow8, null, -optRow9, null, -node, 0, -fileIndex, 0, C:\Users\LIANG ZHANG\Documents\NetBeansProjects\WorkflowComponents\GLRKT\test\testdata\GLRKT.txt]
INFO: [main] edu.cmu.pslc.datashop.servlet.workflows.WorkflowHelper 25 May 2019 01:41:31,534 - First line: Row	Sample.Name	Transaction.Id	Anon.Student.Id	Session.Id	Time	Time.Zone	Duration..sec.	Student.Response.Type	Student.Response.Subtype	Tutor.Response.Type	Tutor.Response.Subtype	Level..Unit.	Level..Unitname.	Problem.Name	Problem.View	Problem.Start.Time	Step.Name	Attempt.At.Step	Is.Last.Attempt	Outcome	Selection	Action	Input	Feedback.Text	Feedback.Classification	Help.Level	Total.Num.Hints	Condition.Name	Condition.Type	Condition.Name.1	Condition.Type.1	Condition.Name.2	Condition.Type.2	Condition.Name.3	Condition.Type.3	KC..Default.	KC.Category..Default.	KC..Cluster.	KC.Category..Cluster.	KC..Item.Model.	KC.Category..Item.Model.	KC..Single.KC.	KC.Category..Single.KC.	KC..Unique.step.	KC.Category..Unique.step.	School	Class	CF..Correct.Answer.	CF..Display.Order.	CF..End.Latency.	CF..Response.Time.	CF..Review.Latency.	CF..Set.Shuffled.Index.	CF..Start.Latency.	CF..Stim.File.Index.	CF..Stimulus.Version.	CF..Time.	CF..ansbin.	CF..KCindex.	CF..reltime.	index	indexcomp	cor	icor	tcor	F1	F2	F3	F4	pred
INFO: [main] edu.cmu.pslc.datashop.servlet.workflows.WorkflowHelper 25 May 2019 01:41:31,537 - Delim: 	
INFO: [main] edu.cmu.pslc.datashop.servlet.workflows.WorkflowHelper 25 May 2019 01:41:31,566 - First line: Type 'citation("pROC")' for a citation.
INFO: [main] edu.cmu.pslc.datashop.servlet.workflows.WorkflowHelper 25 May 2019 01:41:31,566 - Delim: 	
INFO: [main] edu.cmu.pslc.datashop.servlet.workflows.WorkflowHelper 25 May 2019 01:41:31,573 - First line: <model_output>
INFO: [main] edu.cmu.pslc.datashop.servlet.workflows.WorkflowHelper 25 May 2019 01:41:31,573 - Delim: 	
INFO: [main] edu.cmu.pslc.learnsphere.analysis.GLRKT.GLRKTMain 25 May 2019 01:42:24,821 - Command-line args: [-componentXmlFile, C:\Users\LIANG ZHANG\Documents\NetBeansProjects\WorkflowComponents\GLRKT/test/components/ComponentGLRKT.xml, -workflowDir, C:\Users\LIANG ZHANG\Documents\NetBeansProjects\WorkflowComponents\GLRKT/test/, -toolDir, C:\Users\LIANG ZHANG\Documents\NetBeansProjects\WorkflowComponents\GLRKT/, -schemaFile, C:\Users\LIANG ZHANG\Documents\NetBeansProjects\WorkflowComponents\GLRKT/schemas/GLRKT_v1_0.xsd]
INFO: [main] edu.cmu.pslc.learnsphere.analysis.GLRKT.GLRKTMain 25 May 2019 01:42:24,824 - Initializing workflow component.
INFO: [main] edu.cmu.pslc.datashop.servlet.workflows.WorkflowHelper 25 May 2019 01:42:25,335 - Reading C:\Users\LIANG ZHANG\Documents\NetBeansProjects\WorkflowComponents\GLRKT/test/components/ComponentGLRKT.xml
INFO: [main] edu.cmu.pslc.datashop.servlet.workflows.WorkflowHelper 25 May 2019 01:42:25,341 - File absolute path: C:\Users\LIANG ZHANG\Documents\NetBeansProjects\WorkflowComponents\GLRKT\test\components\ComponentGLRKT.xml
INFO: [main] edu.cmu.pslc.learnsphere.analysis.GLRKT.GLRKTMain 25 May 2019 01:42:25,414 - Initializing component options.
INFO: [main] edu.cmu.pslc.learnsphere.analysis.GLRKT.GLRKTMain 25 May 2019 01:42:25,418 - Using existing component options.
INFO: [main] edu.cmu.pslc.learnsphere.analysis.GLRKT.GLRKTMain 25 May 2019 01:42:25,754 - Processing Options
INFO: [main] edu.cmu.pslc.learnsphere.analysis.GLRKT.GLRKTMain 25 May 2019 01:42:25,756 - Validating workflow component.
INFO: [main] edu.cmu.pslc.learnsphere.analysis.GLRKT.GLRKTMain 25 May 2019 01:42:26,272 - Testing workflow component.
INFO: [main] edu.cmu.pslc.learnsphere.analysis.GLRKT.GLRKTMain 25 May 2019 01:42:26,273 - Executing workflow component.
INFO: [main] edu.cmu.pslc.learnsphere.analysis.GLRKT.GLRKTMain 25 May 2019 01:42:26,280 - Executing process: [C:\Program, Files\R\R-3.4.4\bin\x64\Rscript.exe, C:\Users\LIANG ZHANG\Documents\NetBeansProjects\WorkflowComponents\GLRKT/program/GLRKT.R, -programDir, C:\Users\LIANG ZHANG\Documents\NetBeansProjects\WorkflowComponents\GLRKT/, -workingDir, C:\Users\LIANG ZHANG\Documents\NetBeansProjects\WorkflowComponents\GLRKT/test//ComponentTestOutput/output/, -mode, best fit model, -optRow1, basesuc,KC (Default),.3,.3, -optRow10, null, -optRow2, basefail,KC (Cluster),.3,.3, -optRow3, basesuc,KC (Cluster),NA,.3, -optRow4, propdec,Anon Student Id,.97,NA, -optRow5, null, -optRow6, null, -optRow7, null, -optRow8, null, -optRow9, null, -node, 0, -fileIndex, 0, C:\Users\LIANG ZHANG\Documents\NetBeansProjects\WorkflowComponents\GLRKT\test\testdata\GLRKT.txt]
INFO: [main] edu.cmu.pslc.datashop.servlet.workflows.WorkflowHelper 25 May 2019 01:43:23,794 - First line: Row	Sample.Name	Transaction.Id	Anon.Student.Id	Session.Id	Time	Time.Zone	Duration..sec.	Student.Response.Type	Student.Response.Subtype	Tutor.Response.Type	Tutor.Response.Subtype	Level..Unit.	Level..Unitname.	Problem.Name	Problem.View	Problem.Start.Time	Step.Name	Attempt.At.Step	Is.Last.Attempt	Outcome	Selection	Action	Input	Feedback.Text	Feedback.Classification	Help.Level	Total.Num.Hints	Condition.Name	Condition.Type	Condition.Name.1	Condition.Type.1	Condition.Name.2	Condition.Type.2	Condition.Name.3	Condition.Type.3	KC..Default.	KC.Category..Default.	KC..Cluster.	KC.Category..Cluster.	KC..Item.Model.	KC.Category..Item.Model.	KC..Single.KC.	KC.Category..Single.KC.	KC..Unique.step.	KC.Category..Unique.step.	School	Class	CF..Correct.Answer.	CF..Display.Order.	CF..End.Latency.	CF..Response.Time.	CF..Review.Latency.	CF..Set.Shuffled.Index.	CF..Start.Latency.	CF..Stim.File.Index.	CF..Stimulus.Version.	CF..Time.	CF..ansbin.	CF..KCindex.	CF..reltime.	index	indexcomp	cor	icor	tcor	F1	F2	F3	F4	pred
INFO: [main] edu.cmu.pslc.datashop.servlet.workflows.WorkflowHelper 25 May 2019 01:43:23,796 - Delim: 	
INFO: [main] edu.cmu.pslc.datashop.servlet.workflows.WorkflowHelper 25 May 2019 01:43:23,824 - First line: Type 'citation("pROC")' for a citation.
INFO: [main] edu.cmu.pslc.datashop.servlet.workflows.WorkflowHelper 25 May 2019 01:43:23,831 - Delim: 	
INFO: [main] edu.cmu.pslc.datashop.servlet.workflows.WorkflowHelper 25 May 2019 01:43:23,836 - First line: <model_output>
INFO: [main] edu.cmu.pslc.datashop.servlet.workflows.WorkflowHelper 25 May 2019 01:43:23,837 - Delim: 	
