INFO: [main] edu.cmu.learnsphere.visualization.efficiencyCurves.EfficiencyCurvesMain 20 Aug 2019 12:51:16,717 - Command-line args: [-componentXmlFile, C:\Users\LIANG ZHANG\Documents\NetBeansProjects\WorkflowComponents2\WorkflowComponents\EfficiencyCurves/test/components/ComponentEfficiencyCurves.xml, -workflowDir, C:\Users\LIANG ZHANG\Documents\NetBeansProjects\WorkflowComponents2\WorkflowComponents\EfficiencyCurves/test/, -toolDir, C:\Users\LIANG ZHANG\Documents\NetBeansProjects\WorkflowComponents2\WorkflowComponents\EfficiencyCurves/, -schemaFile, C:\Users\LIANG ZHANG\Documents\NetBeansProjects\WorkflowComponents2\WorkflowComponents\EfficiencyCurves/schemas/EfficiencyCurves_v1_0.xsd]
INFO: [main] edu.cmu.learnsphere.visualization.efficiencyCurves.EfficiencyCurvesMain 20 Aug 2019 12:51:16,721 - Initializing workflow component.
INFO: [main] edu.cmu.pslc.datashop.servlet.workflows.WorkflowFileUtils 20 Aug 2019 12:51:16,990 - Reading C:\Users\LIANG ZHANG\Documents\NetBeansProjects\WorkflowComponents2\WorkflowComponents\EfficiencyCurves/test/components/ComponentEfficiencyCurves.xml
INFO: [main] edu.cmu.pslc.datashop.servlet.workflows.WorkflowFileUtils 20 Aug 2019 12:51:16,994 - File absolute path: C:\Users\LIANG ZHANG\Documents\NetBeansProjects\WorkflowComponents2\WorkflowComponents\EfficiencyCurves\test\components\ComponentEfficiencyCurves.xml
INFO: [main] edu.cmu.learnsphere.visualization.efficiencyCurves.EfficiencyCurvesMain 20 Aug 2019 12:51:17,016 - Initializing component options.
INFO: [main] edu.cmu.learnsphere.visualization.efficiencyCurves.EfficiencyCurvesMain 20 Aug 2019 12:51:17,017 - Using existing component options.
INFO: [main] edu.cmu.learnsphere.visualization.efficiencyCurves.EfficiencyCurvesMain 20 Aug 2019 12:51:17,139 - Processing Options
INFO: [main] edu.cmu.learnsphere.visualization.efficiencyCurves.EfficiencyCurvesMain 20 Aug 2019 12:51:17,139 - Validating workflow component.
ERROR: [main] edu.cmu.learnsphere.visualization.efficiencyCurves.EfficiencyCurvesMain 20 Aug 2019 12:51:17,484 - org.xml.sax.SAXParseException; systemId: file:/C:/Users/LIANG%20ZHANG/Documents/NetBeansProjects/WorkflowComponents2/WorkflowComponents/EfficiencyCurves/schemas/EfficiencyCurves_v1_0.xsd; lineNumber: 32; columnNumber: 38; sch-props-correct.2: A schema cannot contain two global components with the same name; this schema contains two occurrences of ',OptionsType'.
INFO: [main] edu.cmu.learnsphere.visualization.efficiencyCurves.EfficiencyCurvesMain 20 Aug 2019 12:57:13,236 - Command-line args: [-componentXmlFile, C:\Users\LIANG ZHANG\Documents\NetBeansProjects\WorkflowComponents2\WorkflowComponents\EfficiencyCurves/test/components/ComponentEfficiencyCurves.xml, -workflowDir, C:\Users\LIANG ZHANG\Documents\NetBeansProjects\WorkflowComponents2\WorkflowComponents\EfficiencyCurves/test/, -toolDir, C:\Users\LIANG ZHANG\Documents\NetBeansProjects\WorkflowComponents2\WorkflowComponents\EfficiencyCurves/, -schemaFile, C:\Users\LIANG ZHANG\Documents\NetBeansProjects\WorkflowComponents2\WorkflowComponents\EfficiencyCurves/schemas/EfficiencyCurves_v1_0.xsd]
INFO: [main] edu.cmu.learnsphere.visualization.efficiencyCurves.EfficiencyCurvesMain 20 Aug 2019 12:57:13,238 - Initializing workflow component.
INFO: [main] edu.cmu.pslc.datashop.servlet.workflows.WorkflowFileUtils 20 Aug 2019 12:57:13,604 - Reading C:\Users\LIANG ZHANG\Documents\NetBeansProjects\WorkflowComponents2\WorkflowComponents\EfficiencyCurves/test/components/ComponentEfficiencyCurves.xml
INFO: [main] edu.cmu.pslc.datashop.servlet.workflows.WorkflowFileUtils 20 Aug 2019 12:57:13,611 - File absolute path: C:\Users\LIANG ZHANG\Documents\NetBeansProjects\WorkflowComponents2\WorkflowComponents\EfficiencyCurves\test\components\ComponentEfficiencyCurves.xml
INFO: [main] edu.cmu.learnsphere.visualization.efficiencyCurves.EfficiencyCurvesMain 20 Aug 2019 12:57:13,635 - Initializing component options.
INFO: [main] edu.cmu.learnsphere.visualization.efficiencyCurves.EfficiencyCurvesMain 20 Aug 2019 12:57:13,635 - Using existing component options.
INFO: [main] edu.cmu.learnsphere.visualization.efficiencyCurves.EfficiencyCurvesMain 20 Aug 2019 12:57:13,746 - Processing Options
INFO: [main] edu.cmu.learnsphere.visualization.efficiencyCurves.EfficiencyCurvesMain 20 Aug 2019 12:57:13,747 - Validating workflow component.
ERROR: [main] edu.cmu.learnsphere.visualization.efficiencyCurves.EfficiencyCurvesMain 20 Aug 2019 12:57:14,030 - org.xml.sax.SAXParseException; systemId: file:/C:/Users/LIANG%20ZHANG/Documents/NetBeansProjects/WorkflowComponents2/WorkflowComponents/EfficiencyCurves/schemas/EfficiencyCurves_v1_0.xsd; lineNumber: 48; columnNumber: 67; src-resolve: Cannot resolve the name 'InputType' to a(n) 'type definition' component.
INFO: [main] edu.cmu.learnsphere.visualization.efficiencyCurves.EfficiencyCurvesMain 20 Aug 2019 12:59:10,779 - Command-line args: [-componentXmlFile, C:\Users\LIANG ZHANG\Documents\NetBeansProjects\WorkflowComponents2\WorkflowComponents\EfficiencyCurves/test/components/ComponentEfficiencyCurves.xml, -workflowDir, C:\Users\LIANG ZHANG\Documents\NetBeansProjects\WorkflowComponents2\WorkflowComponents\EfficiencyCurves/test/, -toolDir, C:\Users\LIANG ZHANG\Documents\NetBeansProjects\WorkflowComponents2\WorkflowComponents\EfficiencyCurves/, -schemaFile, C:\Users\LIANG ZHANG\Documents\NetBeansProjects\WorkflowComponents2\WorkflowComponents\EfficiencyCurves/schemas/EfficiencyCurves_v1_0.xsd]
INFO: [main] edu.cmu.learnsphere.visualization.efficiencyCurves.EfficiencyCurvesMain 20 Aug 2019 12:59:10,783 - Initializing workflow component.
INFO: [main] edu.cmu.pslc.datashop.servlet.workflows.WorkflowFileUtils 20 Aug 2019 12:59:11,119 - Reading C:\Users\LIANG ZHANG\Documents\NetBeansProjects\WorkflowComponents2\WorkflowComponents\EfficiencyCurves/test/components/ComponentEfficiencyCurves.xml
INFO: [main] edu.cmu.pslc.datashop.servlet.workflows.WorkflowFileUtils 20 Aug 2019 12:59:11,128 - File absolute path: C:\Users\LIANG ZHANG\Documents\NetBeansProjects\WorkflowComponents2\WorkflowComponents\EfficiencyCurves\test\components\ComponentEfficiencyCurves.xml
INFO: [main] edu.cmu.learnsphere.visualization.efficiencyCurves.EfficiencyCurvesMain 20 Aug 2019 12:59:11,156 - Initializing component options.
INFO: [main] edu.cmu.learnsphere.visualization.efficiencyCurves.EfficiencyCurvesMain 20 Aug 2019 12:59:11,156 - Using existing component options.
INFO: [main] edu.cmu.learnsphere.visualization.efficiencyCurves.EfficiencyCurvesMain 20 Aug 2019 12:59:11,284 - Processing Options
INFO: [main] edu.cmu.learnsphere.visualization.efficiencyCurves.EfficiencyCurvesMain 20 Aug 2019 12:59:11,284 - Validating workflow component.
INFO: [main] edu.cmu.learnsphere.visualization.efficiencyCurves.EfficiencyCurvesMain 20 Aug 2019 12:59:11,710 - Testing workflow component.
INFO: [main] edu.cmu.learnsphere.visualization.efficiencyCurves.EfficiencyCurvesMain 20 Aug 2019 12:59:11,710 - Executing workflow component.
INFO: [main] edu.cmu.learnsphere.visualization.efficiencyCurves.EfficiencyCurvesMain 20 Aug 2019 12:59:11,734 - Executing process: [C:\Program, Files\R\R-3.4.4\bin\x64\Rscript.exe, C:\Users\LIANG ZHANG\Documents\NetBeansProjects\WorkflowComponents2\WorkflowComponents\EfficiencyCurves/program/EfficiencyCurves.R, -programDir, C:\Users\LIANG ZHANG\Documents\NetBeansProjects\WorkflowComponents2\WorkflowComponents\EfficiencyCurves/, -workingDir, C:\Users\LIANG ZHANG\Documents\NetBeansProjects\WorkflowComponents2\WorkflowComponents\EfficiencyCurves/test//ComponentTestOutput/output/, -difcorComp, 2.5, -difincor1, -.1, -failcost, 25, -latency_coef, .7, -latency_intercept, 10]
INFO: [main] edu.cmu.learnsphere.visualization.efficiencyCurves.EfficiencyCurvesMain 20 Aug 2019 13:03:23,988 - Command-line args: [-componentXmlFile, C:\Users\LIANG ZHANG\Documents\NetBeansProjects\WorkflowComponents2\WorkflowComponents\EfficiencyCurves/test/components/ComponentEfficiencyCurves.xml, -workflowDir, C:\Users\LIANG ZHANG\Documents\NetBeansProjects\WorkflowComponents2\WorkflowComponents\EfficiencyCurves/test/, -toolDir, C:\Users\LIANG ZHANG\Documents\NetBeansProjects\WorkflowComponents2\WorkflowComponents\EfficiencyCurves/, -schemaFile, C:\Users\LIANG ZHANG\Documents\NetBeansProjects\WorkflowComponents2\WorkflowComponents\EfficiencyCurves/schemas/EfficiencyCurves_v1_0.xsd]
INFO: [main] edu.cmu.learnsphere.visualization.efficiencyCurves.EfficiencyCurvesMain 20 Aug 2019 13:03:23,988 - Initializing workflow component.
INFO: [main] edu.cmu.pslc.datashop.servlet.workflows.WorkflowFileUtils 20 Aug 2019 13:03:24,204 - Reading C:\Users\LIANG ZHANG\Documents\NetBeansProjects\WorkflowComponents2\WorkflowComponents\EfficiencyCurves/test/components/ComponentEfficiencyCurves.xml
INFO: [main] edu.cmu.pslc.datashop.servlet.workflows.WorkflowFileUtils 20 Aug 2019 13:03:24,212 - File absolute path: C:\Users\LIANG ZHANG\Documents\NetBeansProjects\WorkflowComponents2\WorkflowComponents\EfficiencyCurves\test\components\ComponentEfficiencyCurves.xml
INFO: [main] edu.cmu.learnsphere.visualization.efficiencyCurves.EfficiencyCurvesMain 20 Aug 2019 13:03:24,248 - Initializing component options.
INFO: [main] edu.cmu.learnsphere.visualization.efficiencyCurves.EfficiencyCurvesMain 20 Aug 2019 13:03:24,248 - Using existing component options.
INFO: [main] edu.cmu.learnsphere.visualization.efficiencyCurves.EfficiencyCurvesMain 20 Aug 2019 13:03:24,408 - Processing Options
INFO: [main] edu.cmu.learnsphere.visualization.efficiencyCurves.EfficiencyCurvesMain 20 Aug 2019 13:03:24,408 - Validating workflow component.
INFO: [main] edu.cmu.learnsphere.visualization.efficiencyCurves.EfficiencyCurvesMain 20 Aug 2019 13:03:24,714 - Testing workflow component.
INFO: [main] edu.cmu.learnsphere.visualization.efficiencyCurves.EfficiencyCurvesMain 20 Aug 2019 13:03:24,714 - Executing workflow component.
INFO: [main] edu.cmu.learnsphere.visualization.efficiencyCurves.EfficiencyCurvesMain 20 Aug 2019 13:03:24,718 - Executing process: [C:\Program, Files\R\R-3.4.4\bin\x64\Rscript.exe, C:\Users\LIANG ZHANG\Documents\NetBeansProjects\WorkflowComponents2\WorkflowComponents\EfficiencyCurves/program/EfficiencyCurves.R, -programDir, C:\Users\LIANG ZHANG\Documents\NetBeansProjects\WorkflowComponents2\WorkflowComponents\EfficiencyCurves/, -workingDir, C:\Users\LIANG ZHANG\Documents\NetBeansProjects\WorkflowComponents2\WorkflowComponents\EfficiencyCurves/test//ComponentTestOutput/output/, -difcorComp, 2.5, -difincor1, -.1, -failcost, 25, -latency_coef, .7, -latency_intercept, 10]
INFO: [main] edu.cmu.learnsphere.visualization.efficiencyCurves.EfficiencyCurvesMain 20 Aug 2019 16:33:35,494 - Command-line args: [-componentXmlFile, C:\Users\LIANG ZHANG\Documents\NetBeansProjects\WorkflowComponents2\WorkflowComponents\EfficiencyCurves/test/components/ComponentEfficiencyCurves.xml, -workflowDir, C:\Users\LIANG ZHANG\Documents\NetBeansProjects\WorkflowComponents2\WorkflowComponents\EfficiencyCurves/test/, -toolDir, C:\Users\LIANG ZHANG\Documents\NetBeansProjects\WorkflowComponents2\WorkflowComponents\EfficiencyCurves/, -schemaFile, C:\Users\LIANG ZHANG\Documents\NetBeansProjects\WorkflowComponents2\WorkflowComponents\EfficiencyCurves/schemas/EfficiencyCurves_v1_0.xsd]
INFO: [main] edu.cmu.learnsphere.visualization.efficiencyCurves.EfficiencyCurvesMain 20 Aug 2019 16:33:35,512 - Initializing workflow component.
INFO: [main] edu.cmu.pslc.datashop.servlet.workflows.WorkflowFileUtils 20 Aug 2019 16:33:35,754 - Reading C:\Users\LIANG ZHANG\Documents\NetBeansProjects\WorkflowComponents2\WorkflowComponents\EfficiencyCurves/test/components/ComponentEfficiencyCurves.xml
INFO: [main] edu.cmu.pslc.datashop.servlet.workflows.WorkflowFileUtils 20 Aug 2019 16:33:35,759 - File absolute path: C:\Users\LIANG ZHANG\Documents\NetBeansProjects\WorkflowComponents2\WorkflowComponents\EfficiencyCurves\test\components\ComponentEfficiencyCurves.xml
INFO: [main] edu.cmu.learnsphere.visualization.efficiencyCurves.EfficiencyCurvesMain 20 Aug 2019 16:33:35,789 - Initializing component options.
INFO: [main] edu.cmu.learnsphere.visualization.efficiencyCurves.EfficiencyCurvesMain 20 Aug 2019 16:33:35,789 - Using existing component options.
INFO: [main] edu.cmu.learnsphere.visualization.efficiencyCurves.EfficiencyCurvesMain 20 Aug 2019 16:33:35,924 - Processing Options
INFO: [main] edu.cmu.learnsphere.visualization.efficiencyCurves.EfficiencyCurvesMain 20 Aug 2019 16:33:35,931 - Validating workflow component.
INFO: [main] edu.cmu.learnsphere.visualization.efficiencyCurves.EfficiencyCurvesMain 20 Aug 2019 16:33:36,247 - Testing workflow component.
INFO: [main] edu.cmu.learnsphere.visualization.efficiencyCurves.EfficiencyCurvesMain 20 Aug 2019 16:33:36,248 - Executing workflow component.
INFO: [main] edu.cmu.learnsphere.visualization.efficiencyCurves.EfficiencyCurvesMain 20 Aug 2019 16:33:36,251 - Executing process: [C:\Program, Files\R\R-3.4.4\bin\x64\Rscript.exe, C:\Users\LIANG ZHANG\Documents\NetBeansProjects\WorkflowComponents2\WorkflowComponents\EfficiencyCurves/program/EfficiencyCurves.R, -programDir, C:\Users\LIANG ZHANG\Documents\NetBeansProjects\WorkflowComponents2\WorkflowComponents\EfficiencyCurves/, -workingDir, C:\Users\LIANG ZHANG\Documents\NetBeansProjects\WorkflowComponents2\WorkflowComponents\EfficiencyCurves/test//ComponentTestOutput/output/, -difcorComp, 2.5, -difincor1, -.1, -failcost, 25, -latency_coef, .7, -latency_intercept, 10]
INFO: [main] edu.cmu.learnsphere.visualization.efficiencyCurves.EfficiencyCurvesMain 20 Aug 2019 16:34:30,888 - Command-line args: [-componentXmlFile, C:\Users\LIANG ZHANG\Documents\NetBeansProjects\WorkflowComponents2\WorkflowComponents\EfficiencyCurves/test/components/ComponentEfficiencyCurves.xml, -workflowDir, C:\Users\LIANG ZHANG\Documents\NetBeansProjects\WorkflowComponents2\WorkflowComponents\EfficiencyCurves/test/, -toolDir, C:\Users\LIANG ZHANG\Documents\NetBeansProjects\WorkflowComponents2\WorkflowComponents\EfficiencyCurves/, -schemaFile, C:\Users\LIANG ZHANG\Documents\NetBeansProjects\WorkflowComponents2\WorkflowComponents\EfficiencyCurves/schemas/EfficiencyCurves_v1_0.xsd]
INFO: [main] edu.cmu.learnsphere.visualization.efficiencyCurves.EfficiencyCurvesMain 20 Aug 2019 16:34:30,894 - Initializing workflow component.
INFO: [main] edu.cmu.pslc.datashop.servlet.workflows.WorkflowFileUtils 20 Aug 2019 16:34:31,138 - Reading C:\Users\LIANG ZHANG\Documents\NetBeansProjects\WorkflowComponents2\WorkflowComponents\EfficiencyCurves/test/components/ComponentEfficiencyCurves.xml
INFO: [main] edu.cmu.pslc.datashop.servlet.workflows.WorkflowFileUtils 20 Aug 2019 16:34:31,145 - File absolute path: C:\Users\LIANG ZHANG\Documents\NetBeansProjects\WorkflowComponents2\WorkflowComponents\EfficiencyCurves\test\components\ComponentEfficiencyCurves.xml
INFO: [main] edu.cmu.learnsphere.visualization.efficiencyCurves.EfficiencyCurvesMain 20 Aug 2019 16:34:31,170 - Initializing component options.
INFO: [main] edu.cmu.learnsphere.visualization.efficiencyCurves.EfficiencyCurvesMain 20 Aug 2019 16:34:31,170 - Using existing component options.
INFO: [main] edu.cmu.learnsphere.visualization.efficiencyCurves.EfficiencyCurvesMain 20 Aug 2019 16:34:31,290 - Processing Options
INFO: [main] edu.cmu.learnsphere.visualization.efficiencyCurves.EfficiencyCurvesMain 20 Aug 2019 16:34:31,291 - Validating workflow component.
INFO: [main] edu.cmu.learnsphere.visualization.efficiencyCurves.EfficiencyCurvesMain 20 Aug 2019 16:34:31,598 - Testing workflow component.
INFO: [main] edu.cmu.learnsphere.visualization.efficiencyCurves.EfficiencyCurvesMain 20 Aug 2019 16:34:31,598 - Executing workflow component.
INFO: [main] edu.cmu.learnsphere.visualization.efficiencyCurves.EfficiencyCurvesMain 20 Aug 2019 16:34:31,601 - Executing process: [C:\Program, Files\R\R-3.4.4\bin\x64\Rscript.exe, C:\Users\LIANG ZHANG\Documents\NetBeansProjects\WorkflowComponents2\WorkflowComponents\EfficiencyCurves/program/EfficiencyCurves.R, -programDir, C:\Users\LIANG ZHANG\Documents\NetBeansProjects\WorkflowComponents2\WorkflowComponents\EfficiencyCurves/, -workingDir, C:\Users\LIANG ZHANG\Documents\NetBeansProjects\WorkflowComponents2\WorkflowComponents\EfficiencyCurves/test//ComponentTestOutput/output/, -difcorComp, 2.5, -difincor1, -.1, -failcost, 25, -latency_coef, .7, -latency_intercept, 10]
INFO: [main] edu.cmu.learnsphere.visualization.efficiencyCurves.EfficiencyCurvesMain 20 Aug 2019 16:36:32,108 - Command-line args: [-componentXmlFile, C:\Users\LIANG ZHANG\Documents\NetBeansProjects\WorkflowComponents2\WorkflowComponents\EfficiencyCurves/test/components/ComponentEfficiencyCurves.xml, -workflowDir, C:\Users\LIANG ZHANG\Documents\NetBeansProjects\WorkflowComponents2\WorkflowComponents\EfficiencyCurves/test/, -toolDir, C:\Users\LIANG ZHANG\Documents\NetBeansProjects\WorkflowComponents2\WorkflowComponents\EfficiencyCurves/, -schemaFile, C:\Users\LIANG ZHANG\Documents\NetBeansProjects\WorkflowComponents2\WorkflowComponents\EfficiencyCurves/schemas/EfficiencyCurves_v1_0.xsd]
INFO: [main] edu.cmu.learnsphere.visualization.efficiencyCurves.EfficiencyCurvesMain 20 Aug 2019 16:36:32,112 - Initializing workflow component.
INFO: [main] edu.cmu.pslc.datashop.servlet.workflows.WorkflowFileUtils 20 Aug 2019 16:36:32,320 - Reading C:\Users\LIANG ZHANG\Documents\NetBeansProjects\WorkflowComponents2\WorkflowComponents\EfficiencyCurves/test/components/ComponentEfficiencyCurves.xml
INFO: [main] edu.cmu.pslc.datashop.servlet.workflows.WorkflowFileUtils 20 Aug 2019 16:36:32,326 - File absolute path: C:\Users\LIANG ZHANG\Documents\NetBeansProjects\WorkflowComponents2\WorkflowComponents\EfficiencyCurves\test\components\ComponentEfficiencyCurves.xml
INFO: [main] edu.cmu.learnsphere.visualization.efficiencyCurves.EfficiencyCurvesMain 20 Aug 2019 16:36:32,346 - Initializing component options.
INFO: [main] edu.cmu.learnsphere.visualization.efficiencyCurves.EfficiencyCurvesMain 20 Aug 2019 16:36:32,346 - Using existing component options.
INFO: [main] edu.cmu.learnsphere.visualization.efficiencyCurves.EfficiencyCurvesMain 20 Aug 2019 16:36:32,466 - Processing Options
INFO: [main] edu.cmu.learnsphere.visualization.efficiencyCurves.EfficiencyCurvesMain 20 Aug 2019 16:36:32,467 - Validating workflow component.
INFO: [main] edu.cmu.learnsphere.visualization.efficiencyCurves.EfficiencyCurvesMain 20 Aug 2019 16:36:32,838 - Testing workflow component.
INFO: [main] edu.cmu.learnsphere.visualization.efficiencyCurves.EfficiencyCurvesMain 20 Aug 2019 16:36:32,839 - Executing workflow component.
INFO: [main] edu.cmu.learnsphere.visualization.efficiencyCurves.EfficiencyCurvesMain 20 Aug 2019 16:36:32,841 - Executing process: [C:\Program, Files\R\R-3.4.4\bin\x64\Rscript.exe, C:\Users\LIANG ZHANG\Documents\NetBeansProjects\WorkflowComponents2\WorkflowComponents\EfficiencyCurves/program/EfficiencyCurves.R, -programDir, C:\Users\LIANG ZHANG\Documents\NetBeansProjects\WorkflowComponents2\WorkflowComponents\EfficiencyCurves/, -workingDir, C:\Users\LIANG ZHANG\Documents\NetBeansProjects\WorkflowComponents2\WorkflowComponents\EfficiencyCurves/test//ComponentTestOutput/output/, -difcorComp, 2.5, -difincor1, -.1, -failcost, 25, -latency_coef, .7, -latency_intercept, 10]
INFO: [main] edu.cmu.learnsphere.visualization.efficiencyCurves.EfficiencyCurvesMain 20 Aug 2019 16:37:07,393 - Command-line args: [-componentXmlFile, C:\Users\LIANG ZHANG\Documents\NetBeansProjects\WorkflowComponents2\WorkflowComponents\EfficiencyCurves/test/components/ComponentEfficiencyCurves.xml, -workflowDir, C:\Users\LIANG ZHANG\Documents\NetBeansProjects\WorkflowComponents2\WorkflowComponents\EfficiencyCurves/test/, -toolDir, C:\Users\LIANG ZHANG\Documents\NetBeansProjects\WorkflowComponents2\WorkflowComponents\EfficiencyCurves/, -schemaFile, C:\Users\LIANG ZHANG\Documents\NetBeansProjects\WorkflowComponents2\WorkflowComponents\EfficiencyCurves/schemas/EfficiencyCurves_v1_0.xsd]
INFO: [main] edu.cmu.learnsphere.visualization.efficiencyCurves.EfficiencyCurvesMain 20 Aug 2019 16:37:07,397 - Initializing workflow component.
INFO: [main] edu.cmu.pslc.datashop.servlet.workflows.WorkflowFileUtils 20 Aug 2019 16:37:07,633 - Reading C:\Users\LIANG ZHANG\Documents\NetBeansProjects\WorkflowComponents2\WorkflowComponents\EfficiencyCurves/test/components/ComponentEfficiencyCurves.xml
INFO: [main] edu.cmu.pslc.datashop.servlet.workflows.WorkflowFileUtils 20 Aug 2019 16:37:07,639 - File absolute path: C:\Users\LIANG ZHANG\Documents\NetBeansProjects\WorkflowComponents2\WorkflowComponents\EfficiencyCurves\test\components\ComponentEfficiencyCurves.xml
INFO: [main] edu.cmu.learnsphere.visualization.efficiencyCurves.EfficiencyCurvesMain 20 Aug 2019 16:37:07,658 - Initializing component options.
INFO: [main] edu.cmu.learnsphere.visualization.efficiencyCurves.EfficiencyCurvesMain 20 Aug 2019 16:37:07,658 - Using existing component options.
INFO: [main] edu.cmu.learnsphere.visualization.efficiencyCurves.EfficiencyCurvesMain 20 Aug 2019 16:37:07,808 - Processing Options
INFO: [main] edu.cmu.learnsphere.visualization.efficiencyCurves.EfficiencyCurvesMain 20 Aug 2019 16:37:07,809 - Validating workflow component.
INFO: [main] edu.cmu.learnsphere.visualization.efficiencyCurves.EfficiencyCurvesMain 20 Aug 2019 16:37:08,104 - Testing workflow component.
INFO: [main] edu.cmu.learnsphere.visualization.efficiencyCurves.EfficiencyCurvesMain 20 Aug 2019 16:37:08,104 - Executing workflow component.
INFO: [main] edu.cmu.learnsphere.visualization.efficiencyCurves.EfficiencyCurvesMain 20 Aug 2019 16:37:08,107 - Executing process: [C:\Program, Files\R\R-3.4.4\bin\x64\Rscript.exe, C:\Users\LIANG ZHANG\Documents\NetBeansProjects\WorkflowComponents2\WorkflowComponents\EfficiencyCurves/program/EfficiencyCurves.R, -programDir, C:\Users\LIANG ZHANG\Documents\NetBeansProjects\WorkflowComponents2\WorkflowComponents\EfficiencyCurves/, -workingDir, C:\Users\LIANG ZHANG\Documents\NetBeansProjects\WorkflowComponents2\WorkflowComponents\EfficiencyCurves/test//ComponentTestOutput/output/, -difcorComp, 2.5, -difincor1, -.1, -failcost, 25, -latency_coef, .7, -latency_intercept, 10]
