
Output requested as uniqmat
	C2T_1	C2T_2	C2T_3	C2T_4	C2T_5	C2T_6	C2T_7	C2T_8	C2T_9	C2T_10	C2T_11	C2T_12	C2T_13	C2T_14	C2T_15	C2T_16	C2T_17	C2T_18	C2T_19	C2T_20	C2T_21	C2T_22	C2T_23	C2T_24	C2T_25	C2T_26	C2T_27	C2T_28	C2T_29	C2T_30
C1T_1	-0.03138116	0.004203491	0.06994807	0.1388281	0.01016356	0.04283211	0.03771314	-0.03138116	0	0.1056104	-0.02488231	1	-0.01945688	0	-0.03659183	0.059784	0.07500567	0.07658154	0.09349147	0.08831283	0.0638878	0.1379665	0.08127274	0.04083578	0.1188113	0.06638247	0.001309265	-0.1335391	0.0009663973	0.04619974
C1T_2	-0.06684689	1	-0.1925547	0.1635075	-0.04197574	0.09037871	0.204161	-0.06684689	0	0.1046668	0.01333329	0.004203491	0.2106339	0	0.003268009	0.06666481	0.06046434	-0.1243416	0.0803416	0.1403248	-0.1649012	0.002909335	0.1076083	0.03134934	0.1036464	0.06126012	0.0575103	-0.08599264	0.04970933	0.07007634
C1T_3	0.1130021	-0.1925547	1	0.06749427	0.1221402	0.04883903	-0.06293406	0.1130021	0	0.03489832	-0.002268889	0.06994807	0.003583001	0	-0.008065377	0.04757292	-0.02156188	0.06870704	0.03058108	0.2015138	0.1446366	-0.01366364	0.02822414	0.1208485	0.07323021	0.002782451	-0.02810623	-0.05685702	0.03008329	-0.0497357
C1T_4	-0.04530828	0.07481458	0.08098514	0.7689974	0.1016911	-0.01225473	0.1415418	-0.04530828	0	0.2499701	0.08374962	0.203712	0.05624343	0	0.1389348	0.2754191	0.1619284	0.1399318	-0.00163843	0.2156613	0.00696644	0.2355935	0.2744864	0.1154299	0.2396646	0.3991439	0.1391572	0.04012512	0.2615368	0.003035248
C1T_5	-0.00784567	0.1076083	0.02822414	0.2534677	0.1191269	0.06107582	0.1121985	-0.00784567	0	0.8075444	0.04219962	0.08127274	0.01110141	0	0.01632819	0.08897779	0.06257965	0.03980515	0.02589245	0.120948	-0.1080054	-0.02226933	1	0.09582949	0.8011619	0.1865989	0.6147346	0.1312846	0.8162795	-0.03601469
C1T_6	0.007179775	0.01333329	-0.002268889	0.08793239	0.03799563	0.02520213	-0.008064401	0.007179775	0	0.07013468	1	-0.02488231	0.02306617	0	0.05591844	-0.03418263	-0.1693513	0.1722556	0.300465	0.08418297	0.001209821	0.08504359	0.04219962	0.2148673	0.0927777	0.06486525	-0.00153583	0.03488968	0.06909315	0.01066573
C1T_7	0	0	0	0	0	0	0	0	0	0	0	0	0	0	0	0	0	0	0	0	0	0	0	0	0	0	0	0	0	0
C1T_8	0.05981871	-0.0778977	0.08110054	0.04108666	-0.06584646	0.1131981	0.0690385	0.05981871	0	0.05060235	-0.06239364	0.002872913	0.1081908	0	0.2016585	0.1248918	0.0504453	0.02743566	0.01958122	-0.05309715	0.0009909129	0.152692	0.06636655	0.09853818	0.08099582	0.1135427	0.02979637	0.03408523	0.07087537	0.06007278
C1T_9	-0.1216482	-0.04347661	-0.04062114	0.01281618	0.09235277	0.07581243	-0.07712495	-0.1216482	0	-0.06004029	0.1085139	0.01187339	0.04126123	0	0.07891773	0.1464305	0.01181514	0.1440519	0.07272098	-0.04356287	-0.1398012	0.07508694	-0.01894593	0.03522115	-0.0345775	0.01704047	0.02980373	0.08863394	0.02618942	-0.09408538
C1T_10	-0.02050513	0.1157929	0.03921178	0.01401601	0.02767251	0.7634179	0.0257855	-0.02050513	0	0.2032959	0.05587785	0.02916891	0.02423354	0	0.04150443	0.02490368	-0.03326172	0.018622	-0.02867169	-0.03981718	-0.05529113	-0.03344098	0.1568123	0.1380402	0.2007514	0.1636496	0.02878967	-0.00309636	0.09835136	-0.03052936
C1T_11	0.006955792	0.1046668	0.03489832	0.2731801	0.04290871	0.1463666	0.04815134	0.006955792	0	1	0.07013468	0.1056104	0.1173071	0	0.03496671	0.06244644	0.05386209	-0.03745943	0.08326551	0.1442493	-0.1093877	-0.0386527	0.8075444	0.178842	0.6738709	0.1873875	0.07327408	0.06305595	0.66633	-0.003933045
C1T_12	0.05748892	0.02320026	0.05311247	0.1506238	0.2262117	0.04806004	0.03788288	0.05748892	0	0.06229614	0.07898995	-0.0519785	0.1227229	0	0.6180547	0.0514845	-0.0120444	0.1000634	0.008033666	0.02835416	-0.01601	0.2859279	0.05809662	0.1953987	0.0448097	0.1265137	0.04711687	-0.02203714	0.08556371	0.02871913
C1T_13	-0.03382654	0.04838112	0.07696804	0.1230974	0.07958925	0.0577485	0.07997418	-0.03382654	0	0.09800225	0.04991569	0.5831852	-0.09958141	0	-0.05593118	0.09566303	0.1114654	0.09173555	-0.005510738	0.06425029	0.01835475	0.05624707	0.3351437	0.05280893	0.6775591	0.09655866	0.4775817	0.002850299	0.2744102	-0.007262332
C1T_14	0.09514323	0.2106339	0.003583001	0.04857567	0.02904792	-0.004644733	-0.04345578	0.09514323	0	0.1173071	0.02306617	-0.01945688	1	0	0.1122499	0.05498064	-0.03997077	-0.05167095	0.06594288	0.03049504	-0.03097613	0.1493318	0.01110141	0.123539	-0.000921634	-0.04466017	-0.1480353	0.01233245	0.05252234	-0.04412745
C1T_15	0.003927464	0.09037871	0.04883903	0.01702634	0.006271204	1	-0.01302085	0.003927464	0	0.1463666	0.02520213	0.04283211	-0.004644733	0	-0.004216159	0.00666871	-0.05421012	0.01032877	-0.03417082	-0.1183601	-0.05215475	-0.01143153	0.06107582	0.1368643	0.1096121	0.1138965	-0.05657269	0.005960651	0.02228992	0.01282616
C1T_16	0	0	0	0	0	0	0	0	0	0	0	0	0	0	0	0	0	0	0	0	0	0	0	0	0	0	0	0	0	0
C1T_17	-0.119301	0.06666481	0.04757292	0.1934203	0.07152727	0.00666871	0.06182778	-0.119301	0	0.06244644	-0.03418263	0.059784	0.05498064	0	0.01148855	1	0.5227399	0.0702776	0.04064432	-0.017661	-0.004531265	0.1294011	0.08897779	0.1389508	0.08543877	0.0699867	0.09745651	-0.01146187	0.1311554	-0.01225793
C1T_18	0.03134056	0.002909335	-0.01366364	0.1927338	-0.0110217	-0.01143153	0.1475935	0.03134056	0	-0.0386527	0.08504359	0.1379665	0.1493318	0	0.08274361	0.1294011	0.04123133	0.08185426	0.1036265	-0.02471572	0.009983139	1	-0.02226933	0.02944462	-0.04675901	-0.001922149	0.02831892	0.007534662	0.03333743	0.017108
C1T_19	-0.04643578	0.1251209	0.02851616	-0.01518308	0.09867354	0.08498187	0.04163493	-0.04643578	0	0.0579931	-0.006230224	-0.0001937426	0.1459084	0	0.1370365	0.00597011	-0.01617235	0.04466186	0.001160839	0.01599007	0.04148916	0.03789856	0.0222162	0.01109423	0.04277051	0.01733607	-0.02420036	0.001248968	0.02526073	-0.03751688
C1T_20	-0.007223518	0.08826653	0.1499114	0.2156041	0.1582229	0.1931659	0.005978758	-0.007223518	0	0.202395	0.169231	0.6531504	0.08651173	0	0.01706892	0.1292086	0.08376337	0.1924648	0.2852843	0.1277187	0.03568292	0.1957869	0.1282874	0.5894966	0.1817467	0.1803053	0.001127719	-0.01507505	0.1861402	0.06895046
C1T_21	-0.001709098	0.1403248	0.2015138	0.2774921	0.03700633	-0.1183601	-0.02411059	-0.001709098	0	0.1442493	0.08418297	0.08831283	0.03049504	0	-0.002513382	-0.017661	0.001391629	0.03408208	0.0100997	1	0.08829594	-0.02471572	0.120948	0.1253719	0.1035918	0.1613441	0.02709949	-0.1032855	0.07603835	0.03789428
C1T_22	0.01504148	0.03134934	0.1208485	0.1309217	0.2941584	0.1368643	0.004710388	0.01504148	0	0.178842	0.2148673	0.04083578	0.123539	0	0.05784734	0.1389508	0.07037972	0.1564132	0.1951308	0.1253719	0.001613862	0.02944462	0.09582949	1	0.1177361	0.1192478	-0.02054984	-0.0742522	0.1467331	0.08000124
C1T_23	-0.03986163	0.0803416	0.03058108	-0.0531437	0.07954877	-0.03417082	-0.0008753118	-0.03986163	0	0.08326551	0.300465	0.09349147	0.06594288	0	-0.03666308	0.04064432	-0.0004977721	0.1401468	1	0.0100997	-0.04118439	0.1036265	0.02589245	0.1951308	-0.001683232	-0.04224269	-0.05503005	0.03554254	0.1070115	0.03943721
C1T_24	-0.03662752	-0.04197574	0.1221402	0.08489121	1	0.006271204	-0.06469284	-0.03662752	0	0.04290871	0.03799563	0.01016356	0.02904792	0	0.08712984	0.07152727	0.02288393	0.2755168	0.07954877	0.03700633	0.1031891	-0.0110217	0.1191269	0.2941584	0.09786913	0.04493314	0.1428027	-0.05224375	0.1220666	-0.04326642
C1T_25	-0.05299957	0.07007634	-0.0497357	0.006769822	-0.04326642	0.01282616	0.2057764	-0.05299957	0	-0.003933045	0.01066573	0.04619974	-0.04412745	0	-0.01029231	-0.01225793	0.0557558	-0.1054872	0.03943721	0.03789428	0.2836498	0.017108	-0.03601469	0.08000124	-0.03620576	0.08165977	-0.04656969	-0.08173924	-0.03948441	1
C1T_26	-0.07480666	-0.008787316	0.12082	-0.06446878	0.09210203	0.02892319	0.02853094	-0.07480666	0	0.04162458	-0.03014508	0.04577471	0.001604085	0	0.1483622	0.0418522	-0.03187153	0.02741584	0.04830592	0.0354138	-0.02051218	-0.0389472	0.02805727	0.1310587	0.02763318	0.0535334	-0.00684219	-0.001805121	0.07080501	0.02060099
C1T_27	-0.007178908	-0.08599264	-0.05685702	0.01420548	-0.05224375	0.005960651	0.004592759	-0.007178908	0	0.06305595	0.03488968	-0.1335391	0.01233245	0	-0.07357212	-0.01146187	-0.02432656	0.007937814	0.03554254	-0.1032855	-0.05423134	0.007534662	0.1312846	-0.0742522	0.08486516	0.08045171	0.1889067	1	0.5033672	-0.08173924
C1T_28	-0.02000074	-0.1243416	0.06870704	0.05607052	0.2755168	0.01032877	-0.01134134	-0.02000074	0	-0.03745943	0.1722556	0.07658154	-0.05167095	0	0.02967565	0.0702776	0.05970104	1	0.1401468	0.03408208	0.1667999	0.08185426	0.03980515	0.1564132	0.01372972	0.1705932	0.1379382	0.007937814	0.05339475	-0.1054872
C1T_29	0.1245291	0.05627725	-0.001797721	0.008836263	0.02452822	0.04256324	0.07045745	0.1245291	0	0.0576607	0.1350914	0.05055491	0.06264022	0	0.003583265	0.0985511	0.06390254	0.1360118	0.1189242	0.09699859	-0.0687527	0.1643159	0.08317742	0.2392952	0.1123572	-0.005008622	0.1047946	0.04080481	0.1410357	0.1210571
C1T_30	-0.01666072	0.02109943	0.1244374	0.1853737	0.1745002	0.1117482	0.03290866	-0.01666072	0	0.1858335	0.1015545	0.8250651	0.0542586	0	0.003367585	0.1265231	0.09995284	0.1498694	0.1853259	0.1417234	0.05214889	0.1272965	0.1193709	0.5982586	0.1618642	0.1206726	-0.01057113	-0.1490849	0.08375394	0.08229236
C1T_31	0.04769977	-0.01252845	0.09864906	-0.01191211	-0.04950244	0.005119831	0.04740683	0.04769977	0	0.08015213	0.1335281	0.04731203	-0.0670225	0	0.03613086	0.06904081	0.01996817	0.02581563	0.1239797	0.1182127	0.02706962	0.1011856	0.1215705	0.1804603	0.08781532	-0.03909766	0.1583469	0.04103133	0.174502	0.07235821
C1T_32	0	0	0	0	0	0	0	0	0	0	0	0	0	0	0	0	0	0	0	0	0	0	0	0	0	0	0	0	0	0

C1T_1	mean
C1T_2	dividing
C1T_3	sum
C1T_4	measure|represent|describe
C1T_5	standard error
C1T_6	density
C1T_7	1
C1T_8	multiple|many
C1T_9	variability
C1T_10	range|set
C1T_11	standard deviation
C1T_12	different|far|variable
C1T_13	root mean squared error
C1T_14	divided
C1T_15	range
C1T_16	2
C1T_17	observations
C1T_18	count
C1T_19	individual|single
C1T_20	mean|sample mean|average
C1T_21	equal
C1T_22	sample
C1T_23	population
C1T_24	variance
C1T_25	participated
C1T_26	represents|describes|shows
C1T_27	normal
C1T_28	statistic
C1T_29	probability
C1T_30	sample mean|mean
C1T_31	probability|likelihood|chance
C1T_32	99.7

C2T_1	[timeout]
C2T_2	dividing
C2T_3	sum
C2T_4	measure
C2T_5	variance
C2T_6	range
C2T_7	mode
C2T_8	timeout
C2T_9	rane
C2T_10	standard deviation
C2T_11	density
C2T_12	mean
C2T_13	divided
C2T_14	1
C2T_15	different
C2T_16	observations
C2T_17	observation
C2T_18	statistic
C2T_19	population
C2T_20	equal
C2T_21	participate
C2T_22	count
C2T_23	standard error
C2T_24	sample
C2T_25	squared standard root error
C2T_26	measures
C2T_27	error
C2T_28	normal
C2T_29	standard error normal distribution
C2T_30	participated

