INFO: [main] edu.cmu.learnsphere.visualization.LearningCurveGraph.LearningCurveGraphMain 13 May 2019 12:43:26,509 - Command-line args: [-componentXmlFile, C:\Users\LIANG ZHANG\Documents\NetBeansProjects\WorkflowComponents\LearningCurveGraph/test/components/ComponentLearningCurveGraph.xml, -workflowDir, C:\Users\LIANG ZHANG\Documents\NetBeansProjects\WorkflowComponents\LearningCurveGraph/test/, -toolDir, C:\Users\LIANG ZHANG\Documents\NetBeansProjects\WorkflowComponents\LearningCurveGraph/, -schemaFile, C:\Users\LIANG ZHANG\Documents\NetBeansProjects\WorkflowComponents\LearningCurveGraph/schemas/LearningCurveGraph_v1_0.xsd]
INFO: [main] edu.cmu.learnsphere.visualization.LearningCurveGraph.LearningCurveGraphMain 13 May 2019 12:43:26,541 - Initializing workflow component.
INFO: [main] edu.cmu.pslc.datashop.servlet.workflows.WorkflowHelper 13 May 2019 12:43:28,239 - Reading C:\Users\LIANG ZHANG\Documents\NetBeansProjects\WorkflowComponents\LearningCurveGraph/test/components/ComponentLearningCurveGraph.xml
INFO: [main] edu.cmu.pslc.datashop.servlet.workflows.WorkflowHelper 13 May 2019 12:43:28,239 - File absolute path: C:\Users\LIANG ZHANG\Documents\NetBeansProjects\WorkflowComponents\LearningCurveGraph\test\components\ComponentLearningCurveGraph.xml
INFO: [main] edu.cmu.learnsphere.visualization.LearningCurveGraph.LearningCurveGraphMain 13 May 2019 12:43:28,333 - Initializing component options.
INFO: [main] edu.cmu.learnsphere.visualization.LearningCurveGraph.LearningCurveGraphMain 13 May 2019 12:43:28,333 - Using existing component options.
INFO: [main] edu.cmu.learnsphere.visualization.LearningCurveGraph.LearningCurveGraphMain 13 May 2019 12:43:28,676 - Processing Options
INFO: [main] edu.cmu.learnsphere.visualization.LearningCurveGraph.LearningCurveGraphMain 13 May 2019 12:43:28,676 - Validating workflow component.
INFO: [main] edu.cmu.learnsphere.visualization.LearningCurveGraph.LearningCurveGraphMain 13 May 2019 12:43:29,333 - Testing workflow component.
INFO: [main] edu.cmu.learnsphere.visualization.LearningCurveGraph.LearningCurveGraphMain 13 May 2019 12:43:29,333 - Executing workflow component.
INFO: [main] edu.cmu.learnsphere.visualization.LearningCurveGraph.LearningCurveGraphMain 13 May 2019 12:43:29,379 - Executing process: [C:\Program, Files\R\R-3.4.4\bin\x64\Rscript.exe, C:\Users\LIANG ZHANG\Documents\NetBeansProjects\WorkflowComponents\LearningCurveGraph/program/LearningCurveGraph.R, -programDir, C:\Users\LIANG ZHANG\Documents\NetBeansProjects\WorkflowComponents\LearningCurveGraph/, -workingDir, C:\Users\LIANG ZHANG\Documents\NetBeansProjects\WorkflowComponents\LearningCurveGraph/test//ComponentTestOutput/output/, -freqthres, 0.1, -node, 0, -fileIndex, 0, C:\Users\LIANG ZHANG\Documents\NetBeansProjects\WorkflowComponents\LearningCurveGraph\test\testdata\temp_pred_01.txt, -node, 0, -fileIndex, 1, C:\Users\LIANG ZHANG\Documents\NetBeansProjects\WorkflowComponents\LearningCurveGraph\test\testdata\temp_pred_02.txt, -node, 0, -fileIndex, 2, C:\Users\LIANG ZHANG\Documents\NetBeansProjects\WorkflowComponents\LearningCurveGraph\test\testdata\temp_pred_03.txt]
INFO: [main] edu.cmu.learnsphere.visualization.LearningCurveGraph.LearningCurveGraphMain 13 May 2019 13:09:07,927 - Command-line args: [-componentXmlFile, C:\Users\LIANG ZHANG\Documents\NetBeansProjects\WorkflowComponents\LearningCurveGraph/test/components/ComponentLearningCurveGraph.xml, -workflowDir, C:\Users\LIANG ZHANG\Documents\NetBeansProjects\WorkflowComponents\LearningCurveGraph/test/, -toolDir, C:\Users\LIANG ZHANG\Documents\NetBeansProjects\WorkflowComponents\LearningCurveGraph/, -schemaFile, C:\Users\LIANG ZHANG\Documents\NetBeansProjects\WorkflowComponents\LearningCurveGraph/schemas/LearningCurveGraph_v1_0.xsd]
INFO: [main] edu.cmu.learnsphere.visualization.LearningCurveGraph.LearningCurveGraphMain 13 May 2019 13:09:07,927 - Initializing workflow component.
INFO: [main] edu.cmu.pslc.datashop.servlet.workflows.WorkflowHelper 13 May 2019 13:09:08,378 - Reading C:\Users\LIANG ZHANG\Documents\NetBeansProjects\WorkflowComponents\LearningCurveGraph/test/components/ComponentLearningCurveGraph.xml
INFO: [main] edu.cmu.pslc.datashop.servlet.workflows.WorkflowHelper 13 May 2019 13:09:08,382 - File absolute path: C:\Users\LIANG ZHANG\Documents\NetBeansProjects\WorkflowComponents\LearningCurveGraph\test\components\ComponentLearningCurveGraph.xml
INFO: [main] edu.cmu.learnsphere.visualization.LearningCurveGraph.LearningCurveGraphMain 13 May 2019 13:09:08,426 - Initializing component options.
INFO: [main] edu.cmu.learnsphere.visualization.LearningCurveGraph.LearningCurveGraphMain 13 May 2019 13:09:08,426 - Using existing component options.
INFO: [main] edu.cmu.learnsphere.visualization.LearningCurveGraph.LearningCurveGraphMain 13 May 2019 13:09:08,594 - Processing Options
INFO: [main] edu.cmu.learnsphere.visualization.LearningCurveGraph.LearningCurveGraphMain 13 May 2019 13:09:08,594 - Validating workflow component.
INFO: [main] edu.cmu.learnsphere.visualization.LearningCurveGraph.LearningCurveGraphMain 13 May 2019 13:09:08,969 - Testing workflow component.
INFO: [main] edu.cmu.learnsphere.visualization.LearningCurveGraph.LearningCurveGraphMain 13 May 2019 13:09:08,969 - Executing workflow component.
INFO: [main] edu.cmu.learnsphere.visualization.LearningCurveGraph.LearningCurveGraphMain 13 May 2019 13:09:08,973 - Executing process: [C:\Program, Files\R\R-3.4.4\bin\x64\Rscript.exe, C:\Users\LIANG ZHANG\Documents\NetBeansProjects\WorkflowComponents\LearningCurveGraph/program/LearningCurveGraph.R, -programDir, C:\Users\LIANG ZHANG\Documents\NetBeansProjects\WorkflowComponents\LearningCurveGraph/, -workingDir, C:\Users\LIANG ZHANG\Documents\NetBeansProjects\WorkflowComponents\LearningCurveGraph/test//ComponentTestOutput/output/, -freqthres, 0.02, -node, 0, -fileIndex, 0, C:\Users\LIANG ZHANG\Documents\NetBeansProjects\WorkflowComponents\LearningCurveGraph\test\testdata\temp_pred_01.txt, -node, 0, -fileIndex, 1, C:\Users\LIANG ZHANG\Documents\NetBeansProjects\WorkflowComponents\LearningCurveGraph\test\testdata\temp_pred_02.txt, -node, 0, -fileIndex, 2, C:\Users\LIANG ZHANG\Documents\NetBeansProjects\WorkflowComponents\LearningCurveGraph\test\testdata\temp_pred_03.txt]
INFO: [main] edu.cmu.learnsphere.visualization.LearningCurveGraph.LearningCurveGraphMain 14 May 2019 23:02:30,190 - Command-line args: [-componentXmlFile, C:\Users\LIANG ZHANG\Documents\NetBeansProjects\WorkflowComponents\LearningCurveGraph/test/components/ComponentLearningCurveGraph.xml, -workflowDir, C:\Users\LIANG ZHANG\Documents\NetBeansProjects\WorkflowComponents\LearningCurveGraph/test/, -toolDir, C:\Users\LIANG ZHANG\Documents\NetBeansProjects\WorkflowComponents\LearningCurveGraph/, -schemaFile, C:\Users\LIANG ZHANG\Documents\NetBeansProjects\WorkflowComponents\LearningCurveGraph/schemas/LearningCurveGraph_v1_0.xsd]
INFO: [main] edu.cmu.learnsphere.visualization.LearningCurveGraph.LearningCurveGraphMain 14 May 2019 23:02:30,255 - Initializing workflow component.
INFO: [main] edu.cmu.pslc.datashop.servlet.workflows.WorkflowHelper 14 May 2019 23:02:30,603 - Reading C:\Users\LIANG ZHANG\Documents\NetBeansProjects\WorkflowComponents\LearningCurveGraph/test/components/ComponentLearningCurveGraph.xml
INFO: [main] edu.cmu.pslc.datashop.servlet.workflows.WorkflowHelper 14 May 2019 23:02:30,604 - File absolute path: C:\Users\LIANG ZHANG\Documents\NetBeansProjects\WorkflowComponents\LearningCurveGraph\test\components\ComponentLearningCurveGraph.xml
INFO: [main] edu.cmu.learnsphere.visualization.LearningCurveGraph.LearningCurveGraphMain 14 May 2019 23:02:30,637 - Initializing component options.
INFO: [main] edu.cmu.learnsphere.visualization.LearningCurveGraph.LearningCurveGraphMain 14 May 2019 23:02:30,638 - Using existing component options.
INFO: [main] edu.cmu.learnsphere.visualization.LearningCurveGraph.LearningCurveGraphMain 14 May 2019 23:02:30,861 - Processing Options
INFO: [main] edu.cmu.learnsphere.visualization.LearningCurveGraph.LearningCurveGraphMain 14 May 2019 23:02:30,862 - Validating workflow component.
INFO: [main] edu.cmu.learnsphere.visualization.LearningCurveGraph.LearningCurveGraphMain 14 May 2019 23:02:31,400 - Testing workflow component.
INFO: [main] edu.cmu.learnsphere.visualization.LearningCurveGraph.LearningCurveGraphMain 14 May 2019 23:02:31,400 - Executing workflow component.
INFO: [main] edu.cmu.learnsphere.visualization.LearningCurveGraph.LearningCurveGraphMain 14 May 2019 23:02:31,403 - Executing process: [C:\Program, Files\R\R-3.4.4\bin\x64\Rscript.exe, C:\Users\LIANG ZHANG\Documents\NetBeansProjects\WorkflowComponents\LearningCurveGraph/program/LearningCurveGraph.R, -programDir, C:\Users\LIANG ZHANG\Documents\NetBeansProjects\WorkflowComponents\LearningCurveGraph/, -workingDir, C:\Users\LIANG ZHANG\Documents\NetBeansProjects\WorkflowComponents\LearningCurveGraph/test//ComponentTestOutput/output/, -freqthres, 0.02, -node, 0, -fileIndex, 0, C:\Users\LIANG ZHANG\Documents\NetBeansProjects\WorkflowComponents\LearningCurveGraph\test\testdata\temp_pred_01.txt, -node, 0, -fileIndex, 1, C:\Users\LIANG ZHANG\Documents\NetBeansProjects\WorkflowComponents\LearningCurveGraph\test\testdata\temp_pred_02.txt, -node, 0, -fileIndex, 2, C:\Users\LIANG ZHANG\Documents\NetBeansProjects\WorkflowComponents\LearningCurveGraph\test\testdata\temp_pred_03.txt]
