INFO: [main] edu.cmu.learnsphere.transform.generateGLRKTFeatures.GenerateGLRKTFeaturesMain 08 May 2019 16:51:35,494 - Command-line args: [-componentXmlFile, C:\Users\LIANG ZHANG\Documents\NetBeansProjects\WorkflowComponents\GenerateGLRKTFeatures/test/components/ComponentGenerateGLRKTFeatures.xml, -workflowDir, C:\Users\LIANG ZHANG\Documents\NetBeansProjects\WorkflowComponents\GenerateGLRKTFeatures/test/, -toolDir, C:\Users\LIANG ZHANG\Documents\NetBeansProjects\WorkflowComponents\GenerateGLRKTFeatures/, -schemaFile, C:\Users\LIANG ZHANG\Documents\NetBeansProjects\WorkflowComponents\GenerateGLRKTFeatures/schemas/GenerateGLRKTFeatures_v1_0.xsd]
INFO: [main] edu.cmu.learnsphere.transform.generateGLRKTFeatures.GenerateGLRKTFeaturesMain 08 May 2019 16:51:35,497 - Initializing workflow component.
INFO: [main] edu.cmu.pslc.datashop.servlet.workflows.WorkflowHelper 08 May 2019 16:51:35,851 - Reading C:\Users\LIANG ZHANG\Documents\NetBeansProjects\WorkflowComponents\GenerateGLRKTFeatures/test/components/ComponentGenerateGLRKTFeatures.xml
INFO: [main] edu.cmu.pslc.datashop.servlet.workflows.WorkflowHelper 08 May 2019 16:51:35,854 - File absolute path: C:\Users\LIANG ZHANG\Documents\NetBeansProjects\WorkflowComponents\GenerateGLRKTFeatures\test\components\ComponentGenerateGLRKTFeatures.xml
INFO: [main] edu.cmu.learnsphere.transform.generateGLRKTFeatures.GenerateGLRKTFeaturesMain 08 May 2019 16:51:35,887 - Initializing component options.
INFO: [main] edu.cmu.learnsphere.transform.generateGLRKTFeatures.GenerateGLRKTFeaturesMain 08 May 2019 16:51:35,887 - Using existing component options.
INFO: [main] edu.cmu.learnsphere.transform.generateGLRKTFeatures.GenerateGLRKTFeaturesMain 08 May 2019 16:51:36,081 - Processing Options
INFO: [main] edu.cmu.learnsphere.transform.generateGLRKTFeatures.GenerateGLRKTFeaturesMain 08 May 2019 16:51:36,082 - Validating workflow component.
INFO: [main] edu.cmu.learnsphere.transform.generateGLRKTFeatures.GenerateGLRKTFeaturesMain 08 May 2019 16:51:36,461 - Testing workflow component.
INFO: [main] edu.cmu.learnsphere.transform.generateGLRKTFeatures.GenerateGLRKTFeaturesMain 08 May 2019 16:51:36,461 - Executing workflow component.
INFO: [main] edu.cmu.learnsphere.transform.generateGLRKTFeatures.GenerateGLRKTFeaturesMain 08 May 2019 16:51:36,462 - Executing process: [C:\Program, Files\R\R-3.4.4\bin\x64\Rscript.exe, C:\Users\LIANG ZHANG\Documents\NetBeansProjects\WorkflowComponents\GenerateGLRKTFeatures/program/GenerateGLRKTFeatures.R, -programDir, C:\Users\LIANG ZHANG\Documents\NetBeansProjects\WorkflowComponents\GenerateGLRKTFeatures/, -workingDir, C:\Users\LIANG ZHANG\Documents\NetBeansProjects\WorkflowComponents\GenerateGLRKTFeatures/test//ComponentTestOutput/output/, -node, 0, -fileIndex, 0, C:\Users\LIANG ZHANG\Documents\NetBeansProjects\WorkflowComponents\GenerateGLRKTFeatures\test\testdata\ds1940_tx_All_Data_84_2016_1109_094411.txt]
INFO: [main] edu.cmu.learnsphere.transform.generateGLRKTFeatures.GenerateGLRKTFeaturesMain 08 May 2019 16:55:51,294 - Command-line args: [-componentXmlFile, C:\Users\LIANG ZHANG\Documents\NetBeansProjects\WorkflowComponents\GenerateGLRKTFeatures/test/components/ComponentGenerateGLRKTFeatures.xml, -workflowDir, C:\Users\LIANG ZHANG\Documents\NetBeansProjects\WorkflowComponents\GenerateGLRKTFeatures/test/, -toolDir, C:\Users\LIANG ZHANG\Documents\NetBeansProjects\WorkflowComponents\GenerateGLRKTFeatures/, -schemaFile, C:\Users\LIANG ZHANG\Documents\NetBeansProjects\WorkflowComponents\GenerateGLRKTFeatures/schemas/GenerateGLRKTFeatures_v1_0.xsd]
INFO: [main] edu.cmu.learnsphere.transform.generateGLRKTFeatures.GenerateGLRKTFeaturesMain 08 May 2019 16:55:51,296 - Initializing workflow component.
INFO: [main] edu.cmu.pslc.datashop.servlet.workflows.WorkflowHelper 08 May 2019 16:55:51,674 - Reading C:\Users\LIANG ZHANG\Documents\NetBeansProjects\WorkflowComponents\GenerateGLRKTFeatures/test/components/ComponentGenerateGLRKTFeatures.xml
INFO: [main] edu.cmu.pslc.datashop.servlet.workflows.WorkflowHelper 08 May 2019 16:55:51,676 - File absolute path: C:\Users\LIANG ZHANG\Documents\NetBeansProjects\WorkflowComponents\GenerateGLRKTFeatures\test\components\ComponentGenerateGLRKTFeatures.xml
INFO: [main] edu.cmu.learnsphere.transform.generateGLRKTFeatures.GenerateGLRKTFeaturesMain 08 May 2019 16:55:51,710 - Initializing component options.
INFO: [main] edu.cmu.learnsphere.transform.generateGLRKTFeatures.GenerateGLRKTFeaturesMain 08 May 2019 16:55:51,710 - Using existing component options.
INFO: [main] edu.cmu.learnsphere.transform.generateGLRKTFeatures.GenerateGLRKTFeaturesMain 08 May 2019 16:55:51,855 - Processing Options
INFO: [main] edu.cmu.learnsphere.transform.generateGLRKTFeatures.GenerateGLRKTFeaturesMain 08 May 2019 16:55:51,856 - Validating workflow component.
INFO: [main] edu.cmu.learnsphere.transform.generateGLRKTFeatures.GenerateGLRKTFeaturesMain 08 May 2019 16:55:52,206 - Testing workflow component.
INFO: [main] edu.cmu.learnsphere.transform.generateGLRKTFeatures.GenerateGLRKTFeaturesMain 08 May 2019 16:55:52,206 - Executing workflow component.
INFO: [main] edu.cmu.learnsphere.transform.generateGLRKTFeatures.GenerateGLRKTFeaturesMain 08 May 2019 16:55:52,208 - Executing process: [C:\Program, Files\R\R-3.4.4\bin\x64\Rscript.exe, C:\Users\LIANG ZHANG\Documents\NetBeansProjects\WorkflowComponents\GenerateGLRKTFeatures/program/GenerateGLRKTFeatures.R, -programDir, C:\Users\LIANG ZHANG\Documents\NetBeansProjects\WorkflowComponents\GenerateGLRKTFeatures/, -workingDir, C:\Users\LIANG ZHANG\Documents\NetBeansProjects\WorkflowComponents\GenerateGLRKTFeatures/test//ComponentTestOutput/output/, -node, 0, -fileIndex, 0, C:\Users\LIANG ZHANG\Documents\NetBeansProjects\WorkflowComponents\GenerateGLRKTFeatures\test\testdata\ds1940_tx_All_Data_84_2016_1109_094411.txt]
INFO: [main] edu.cmu.learnsphere.transform.generateGLRKTFeatures.GenerateGLRKTFeaturesMain 08 May 2019 16:56:43,417 - Command-line args: [-componentXmlFile, C:\Users\LIANG ZHANG\Documents\NetBeansProjects\WorkflowComponents\GenerateGLRKTFeatures/test/components/ComponentGenerateGLRKTFeatures.xml, -workflowDir, C:\Users\LIANG ZHANG\Documents\NetBeansProjects\WorkflowComponents\GenerateGLRKTFeatures/test/, -toolDir, C:\Users\LIANG ZHANG\Documents\NetBeansProjects\WorkflowComponents\GenerateGLRKTFeatures/, -schemaFile, C:\Users\LIANG ZHANG\Documents\NetBeansProjects\WorkflowComponents\GenerateGLRKTFeatures/schemas/GenerateGLRKTFeatures_v1_0.xsd]
INFO: [main] edu.cmu.learnsphere.transform.generateGLRKTFeatures.GenerateGLRKTFeaturesMain 08 May 2019 16:56:43,419 - Initializing workflow component.
INFO: [main] edu.cmu.pslc.datashop.servlet.workflows.WorkflowHelper 08 May 2019 16:56:43,727 - Reading C:\Users\LIANG ZHANG\Documents\NetBeansProjects\WorkflowComponents\GenerateGLRKTFeatures/test/components/ComponentGenerateGLRKTFeatures.xml
INFO: [main] edu.cmu.pslc.datashop.servlet.workflows.WorkflowHelper 08 May 2019 16:56:43,728 - File absolute path: C:\Users\LIANG ZHANG\Documents\NetBeansProjects\WorkflowComponents\GenerateGLRKTFeatures\test\components\ComponentGenerateGLRKTFeatures.xml
INFO: [main] edu.cmu.learnsphere.transform.generateGLRKTFeatures.GenerateGLRKTFeaturesMain 08 May 2019 16:56:43,757 - Initializing component options.
INFO: [main] edu.cmu.learnsphere.transform.generateGLRKTFeatures.GenerateGLRKTFeaturesMain 08 May 2019 16:56:43,757 - Using existing component options.
INFO: [main] edu.cmu.learnsphere.transform.generateGLRKTFeatures.GenerateGLRKTFeaturesMain 08 May 2019 16:56:43,925 - Processing Options
INFO: [main] edu.cmu.learnsphere.transform.generateGLRKTFeatures.GenerateGLRKTFeaturesMain 08 May 2019 16:56:43,926 - Validating workflow component.
INFO: [main] edu.cmu.learnsphere.transform.generateGLRKTFeatures.GenerateGLRKTFeaturesMain 08 May 2019 16:56:44,286 - Testing workflow component.
INFO: [main] edu.cmu.learnsphere.transform.generateGLRKTFeatures.GenerateGLRKTFeaturesMain 08 May 2019 16:56:44,286 - Executing workflow component.
INFO: [main] edu.cmu.learnsphere.transform.generateGLRKTFeatures.GenerateGLRKTFeaturesMain 08 May 2019 16:56:44,288 - Executing process: [C:\Program, Files\R\R-3.4.4\bin\x64\Rscript.exe, C:\Users\LIANG ZHANG\Documents\NetBeansProjects\WorkflowComponents\GenerateGLRKTFeatures/program/GenerateGLRKTFeatures.R, -programDir, C:\Users\LIANG ZHANG\Documents\NetBeansProjects\WorkflowComponents\GenerateGLRKTFeatures/, -workingDir, C:\Users\LIANG ZHANG\Documents\NetBeansProjects\WorkflowComponents\GenerateGLRKTFeatures/test//ComponentTestOutput/output/, -node, 0, -fileIndex, 0, C:\Users\LIANG ZHANG\Documents\NetBeansProjects\WorkflowComponents\GenerateGLRKTFeatures\test\testdata\ds1940_tx_All_Data_84_2016_1109_094411.txt]
INFO: [main] edu.cmu.learnsphere.transform.generateGLRKTFeatures.GenerateGLRKTFeaturesMain 08 May 2019 17:03:27,057 - Command-line args: [-componentXmlFile, C:\Users\LIANG ZHANG\Documents\NetBeansProjects\WorkflowComponents\GenerateGLRKTFeatures/test/components/ComponentGenerateGLRKTFeatures.xml, -workflowDir, C:\Users\LIANG ZHANG\Documents\NetBeansProjects\WorkflowComponents\GenerateGLRKTFeatures/test/, -toolDir, C:\Users\LIANG ZHANG\Documents\NetBeansProjects\WorkflowComponents\GenerateGLRKTFeatures/, -schemaFile, C:\Users\LIANG ZHANG\Documents\NetBeansProjects\WorkflowComponents\GenerateGLRKTFeatures/schemas/GenerateGLRKTFeatures_v1_0.xsd]
INFO: [main] edu.cmu.learnsphere.transform.generateGLRKTFeatures.GenerateGLRKTFeaturesMain 08 May 2019 17:03:27,059 - Initializing workflow component.
INFO: [main] edu.cmu.pslc.datashop.servlet.workflows.WorkflowHelper 08 May 2019 17:03:27,420 - Reading C:\Users\LIANG ZHANG\Documents\NetBeansProjects\WorkflowComponents\GenerateGLRKTFeatures/test/components/ComponentGenerateGLRKTFeatures.xml
INFO: [main] edu.cmu.pslc.datashop.servlet.workflows.WorkflowHelper 08 May 2019 17:03:27,422 - File absolute path: C:\Users\LIANG ZHANG\Documents\NetBeansProjects\WorkflowComponents\GenerateGLRKTFeatures\test\components\ComponentGenerateGLRKTFeatures.xml
INFO: [main] edu.cmu.learnsphere.transform.generateGLRKTFeatures.GenerateGLRKTFeaturesMain 08 May 2019 17:03:27,449 - Initializing component options.
INFO: [main] edu.cmu.learnsphere.transform.generateGLRKTFeatures.GenerateGLRKTFeaturesMain 08 May 2019 17:03:27,450 - Using existing component options.
INFO: [main] edu.cmu.learnsphere.transform.generateGLRKTFeatures.GenerateGLRKTFeaturesMain 08 May 2019 17:03:27,617 - Processing Options
INFO: [main] edu.cmu.learnsphere.transform.generateGLRKTFeatures.GenerateGLRKTFeaturesMain 08 May 2019 17:03:27,618 - Validating workflow component.
INFO: [main] edu.cmu.learnsphere.transform.generateGLRKTFeatures.GenerateGLRKTFeaturesMain 08 May 2019 17:03:28,042 - Testing workflow component.
INFO: [main] edu.cmu.learnsphere.transform.generateGLRKTFeatures.GenerateGLRKTFeaturesMain 08 May 2019 17:03:28,043 - Executing workflow component.
INFO: [main] edu.cmu.learnsphere.transform.generateGLRKTFeatures.GenerateGLRKTFeaturesMain 08 May 2019 17:03:28,045 - Executing process: [C:\Program, Files\R\R-3.4.4\bin\x64\Rscript.exe, C:\Users\LIANG ZHANG\Documents\NetBeansProjects\WorkflowComponents\GenerateGLRKTFeatures/program/GenerateGLRKTFeatures.R, -programDir, C:\Users\LIANG ZHANG\Documents\NetBeansProjects\WorkflowComponents\GenerateGLRKTFeatures/, -workingDir, C:\Users\LIANG ZHANG\Documents\NetBeansProjects\WorkflowComponents\GenerateGLRKTFeatures/test//ComponentTestOutput/output/, -node, 0, -fileIndex, 0, C:\Users\LIANG ZHANG\Documents\NetBeansProjects\WorkflowComponents\GenerateGLRKTFeatures\test\testdata\ds1940_tx_All_Data_84_2016_1109_094411.txt]
