INFO: [main] edu.cmu.learnsphere.visualization.descriptionMain 22 Jul 2020 15:49:29,824 - Command-line args: [-componentXmlFile, C:\Users\sharm\Desktop\componentDev\WorkflowComponents-dev\description/test/components/Componentdescription.xml, -workflowDir, C:\Users\sharm\Desktop\componentDev\WorkflowComponents-dev\description/test/, -toolDir, C:\Users\sharm\Desktop\componentDev\WorkflowComponents-dev\description/, -schemaFile, C:\Users\sharm\Desktop\componentDev\WorkflowComponents-dev\description/schemas/description_v1_0.xsd]
INFO: [main] edu.cmu.learnsphere.visualization.descriptionMain 22 Jul 2020 15:49:29,825 - Initializing workflow component.
INFO: [main] edu.cmu.pslc.datashop.servlet.workflows.WorkflowFileUtils 22 Jul 2020 15:49:29,933 - Reading C:\Users\sharm\Desktop\componentDev\WorkflowComponents-dev\description/test/components/Componentdescription.xml
INFO: [main] edu.cmu.pslc.datashop.servlet.workflows.WorkflowFileUtils 22 Jul 2020 15:49:29,935 - File absolute path: C:\Users\sharm\Desktop\componentDev\WorkflowComponents-dev\description\test\components\Componentdescription.xml
INFO: [main] edu.cmu.learnsphere.visualization.descriptionMain 22 Jul 2020 15:49:29,947 - Initializing component options.
INFO: [main] edu.cmu.learnsphere.visualization.descriptionMain 22 Jul 2020 15:49:29,947 - Using existing component options.
INFO: [main] edu.cmu.learnsphere.visualization.descriptionMain 22 Jul 2020 15:49:30,028 - Processing Options
INFO: [main] edu.cmu.learnsphere.visualization.descriptionMain 22 Jul 2020 15:49:30,028 - Validating workflow component.
INFO: [main] edu.cmu.learnsphere.visualization.descriptionMain 22 Jul 2020 15:49:30,278 - Testing workflow component.
INFO: [main] edu.cmu.learnsphere.visualization.descriptionMain 22 Jul 2020 15:49:30,278 - Executing workflow component.
INFO: [main] edu.cmu.learnsphere.visualization.descriptionMain 22 Jul 2020 15:49:30,279 - Executing process: [C:/Program, Files/R/R-3.6.2/bin/Rscript, C:\Users\sharm\Desktop\componentDev\WorkflowComponents-dev\description//program/description.R, -programDir, C:\Users\sharm\Desktop\componentDev\WorkflowComponents-dev\description/, -workingDir, C:\Users\sharm\Desktop\componentDev\WorkflowComponents-dev\description/test//ComponentTestOutput/output/, -node, 0, -fileIndex, 0, C:\Users\sharm\Desktop\componentDev\WorkflowComponents-dev\description\test\test_data\sampledata1819.csv]
INFO: [main] edu.cmu.learnsphere.visualization.descriptionMain 23 Jul 2020 09:37:19,473 - Command-line args: [-componentXmlFile, C:\Users\sharm\Desktop\componentDev\WorkflowComponents-dev\description/test/components/Componentdescription.xml, -workflowDir, C:\Users\sharm\Desktop\componentDev\WorkflowComponents-dev\description/test/, -toolDir, C:\Users\sharm\Desktop\componentDev\WorkflowComponents-dev\description/, -schemaFile, C:\Users\sharm\Desktop\componentDev\WorkflowComponents-dev\description/schemas/description_v1_0.xsd]
INFO: [main] edu.cmu.learnsphere.visualization.descriptionMain 23 Jul 2020 09:37:19,575 - Initializing workflow component.
INFO: [main] edu.cmu.pslc.datashop.servlet.workflows.WorkflowFileUtils 23 Jul 2020 09:37:19,685 - Reading C:\Users\sharm\Desktop\componentDev\WorkflowComponents-dev\description/test/components/Componentdescription.xml
INFO: [main] edu.cmu.pslc.datashop.servlet.workflows.WorkflowFileUtils 23 Jul 2020 09:37:19,687 - File absolute path: C:\Users\sharm\Desktop\componentDev\WorkflowComponents-dev\description\test\components\Componentdescription.xml
INFO: [main] edu.cmu.learnsphere.visualization.descriptionMain 23 Jul 2020 09:37:19,700 - Initializing component options.
INFO: [main] edu.cmu.learnsphere.visualization.descriptionMain 23 Jul 2020 09:37:19,700 - Using existing component options.
INFO: [main] edu.cmu.learnsphere.visualization.descriptionMain 23 Jul 2020 09:37:19,777 - Processing Options
INFO: [main] edu.cmu.learnsphere.visualization.descriptionMain 23 Jul 2020 09:37:19,777 - Validating workflow component.
INFO: [main] edu.cmu.learnsphere.visualization.descriptionMain 23 Jul 2020 09:37:19,928 - Testing workflow component.
INFO: [main] edu.cmu.learnsphere.visualization.descriptionMain 23 Jul 2020 09:37:19,928 - Executing workflow component.
INFO: [main] edu.cmu.learnsphere.visualization.descriptionMain 23 Jul 2020 09:37:19,929 - Executing process: [C:/Program, Files/R/R-3.6.2/bin/Rscript, C:\Users\sharm\Desktop\componentDev\WorkflowComponents-dev\description//program/description.R, -programDir, C:\Users\sharm\Desktop\componentDev\WorkflowComponents-dev\description/, -workingDir, C:\Users\sharm\Desktop\componentDev\WorkflowComponents-dev\description/test//ComponentTestOutput/output/, -node, 0, -fileIndex, 0, C:\Users\sharm\Desktop\componentDev\WorkflowComponents-dev\description\test\test_data\sampledata1819.csv]
INFO: [main] edu.cmu.learnsphere.visualization.descriptionMain 23 Jul 2020 10:04:58,215 - Command-line args: [-componentXmlFile, C:\Users\sharm\Desktop\componentDev\WorkflowComponents-dev\description/test/components/Componentdescription.xml, -workflowDir, C:\Users\sharm\Desktop\componentDev\WorkflowComponents-dev\description/test/, -toolDir, C:\Users\sharm\Desktop\componentDev\WorkflowComponents-dev\description/, -schemaFile, C:\Users\sharm\Desktop\componentDev\WorkflowComponents-dev\description/schemas/description_v1_0.xsd]
INFO: [main] edu.cmu.learnsphere.visualization.descriptionMain 23 Jul 2020 10:04:58,216 - Initializing workflow component.
INFO: [main] edu.cmu.pslc.datashop.servlet.workflows.WorkflowFileUtils 23 Jul 2020 10:04:58,358 - Reading C:\Users\sharm\Desktop\componentDev\WorkflowComponents-dev\description/test/components/Componentdescription.xml
INFO: [main] edu.cmu.pslc.datashop.servlet.workflows.WorkflowFileUtils 23 Jul 2020 10:04:58,361 - File absolute path: C:\Users\sharm\Desktop\componentDev\WorkflowComponents-dev\description\test\components\Componentdescription.xml
INFO: [main] edu.cmu.learnsphere.visualization.descriptionMain 23 Jul 2020 10:04:58,375 - Initializing component options.
INFO: [main] edu.cmu.learnsphere.visualization.descriptionMain 23 Jul 2020 10:04:58,375 - Using existing component options.
INFO: [main] edu.cmu.learnsphere.visualization.descriptionMain 23 Jul 2020 10:04:58,481 - Processing Options
INFO: [main] edu.cmu.learnsphere.visualization.descriptionMain 23 Jul 2020 10:04:58,481 - Validating workflow component.
INFO: [main] edu.cmu.learnsphere.visualization.descriptionMain 23 Jul 2020 10:04:58,729 - Testing workflow component.
INFO: [main] edu.cmu.learnsphere.visualization.descriptionMain 23 Jul 2020 10:04:58,729 - Executing workflow component.
INFO: [main] edu.cmu.learnsphere.visualization.descriptionMain 23 Jul 2020 10:04:58,730 - Executing process: [C:/Program, Files/R/R-3.6.2/bin/Rscript, C:\Users\sharm\Desktop\componentDev\WorkflowComponents-dev\description//program/description.R, -programDir, C:\Users\sharm\Desktop\componentDev\WorkflowComponents-dev\description/, -workingDir, C:\Users\sharm\Desktop\componentDev\WorkflowComponents-dev\description/test//ComponentTestOutput/output/, -node, 0, -fileIndex, 0, C:\Users\sharm\Desktop\componentDev\WorkflowComponents-dev\description\test\test_data\sampledata1819.csv]
INFO: [main] edu.cmu.learnsphere.visualization.descriptionMain 23 Jul 2020 15:15:32,033 - Command-line args: [-componentXmlFile, C:\Users\sharm\Desktop\componentDev\WorkflowComponents-dev\description/test/components/Componentdescription.xml, -workflowDir, C:\Users\sharm\Desktop\componentDev\WorkflowComponents-dev\description/test/, -toolDir, C:\Users\sharm\Desktop\componentDev\WorkflowComponents-dev\description/, -schemaFile, C:\Users\sharm\Desktop\componentDev\WorkflowComponents-dev\description/schemas/description_v1_0.xsd]
INFO: [main] edu.cmu.learnsphere.visualization.descriptionMain 23 Jul 2020 15:15:32,035 - Initializing workflow component.
INFO: [main] edu.cmu.pslc.datashop.servlet.workflows.WorkflowFileUtils 23 Jul 2020 15:15:32,140 - Reading C:\Users\sharm\Desktop\componentDev\WorkflowComponents-dev\description/test/components/Componentdescription.xml
INFO: [main] edu.cmu.pslc.datashop.servlet.workflows.WorkflowFileUtils 23 Jul 2020 15:15:32,143 - File absolute path: C:\Users\sharm\Desktop\componentDev\WorkflowComponents-dev\description\test\components\Componentdescription.xml
INFO: [main] edu.cmu.learnsphere.visualization.descriptionMain 23 Jul 2020 15:15:32,154 - Initializing component options.
INFO: [main] edu.cmu.learnsphere.visualization.descriptionMain 23 Jul 2020 15:15:32,154 - Using existing component options.
INFO: [main] edu.cmu.learnsphere.visualization.descriptionMain 23 Jul 2020 15:15:32,261 - Processing Options
INFO: [main] edu.cmu.learnsphere.visualization.descriptionMain 23 Jul 2020 15:15:32,262 - Validating workflow component.
INFO: [main] edu.cmu.learnsphere.visualization.descriptionMain 23 Jul 2020 15:15:32,437 - Testing workflow component.
INFO: [main] edu.cmu.learnsphere.visualization.descriptionMain 23 Jul 2020 15:15:32,438 - Executing workflow component.
INFO: [main] edu.cmu.learnsphere.visualization.descriptionMain 23 Jul 2020 15:15:32,438 - Executing process: [C:/Program, Files/R/R-3.6.2/bin/Rscript, C:\Users\sharm\Desktop\componentDev\WorkflowComponents-dev\description//program/description.R, -programDir, C:\Users\sharm\Desktop\componentDev\WorkflowComponents-dev\description/, -workingDir, C:\Users\sharm\Desktop\componentDev\WorkflowComponents-dev\description/test//ComponentTestOutput/output/, -node, 0, -fileIndex, 0, C:\Users\sharm\Desktop\componentDev\WorkflowComponents-dev\description\test\test_data\sampledata1819.csv]
INFO: [main] edu.cmu.learnsphere.visualization.descriptionMain 23 Jul 2020 15:28:14,838 - Command-line args: [-componentXmlFile, C:\Users\sharm\Desktop\componentDev\WorkflowComponents-dev\description/test/components/Componentdescription.xml, -workflowDir, C:\Users\sharm\Desktop\componentDev\WorkflowComponents-dev\description/test/, -toolDir, C:\Users\sharm\Desktop\componentDev\WorkflowComponents-dev\description/, -schemaFile, C:\Users\sharm\Desktop\componentDev\WorkflowComponents-dev\description/schemas/description_v1_0.xsd]
INFO: [main] edu.cmu.learnsphere.visualization.descriptionMain 23 Jul 2020 15:28:14,839 - Initializing workflow component.
INFO: [main] edu.cmu.pslc.datashop.servlet.workflows.WorkflowFileUtils 23 Jul 2020 15:28:14,937 - Reading C:\Users\sharm\Desktop\componentDev\WorkflowComponents-dev\description/test/components/Componentdescription.xml
INFO: [main] edu.cmu.pslc.datashop.servlet.workflows.WorkflowFileUtils 23 Jul 2020 15:28:14,940 - File absolute path: C:\Users\sharm\Desktop\componentDev\WorkflowComponents-dev\description\test\components\Componentdescription.xml
INFO: [main] edu.cmu.learnsphere.visualization.descriptionMain 23 Jul 2020 15:28:14,952 - Initializing component options.
INFO: [main] edu.cmu.learnsphere.visualization.descriptionMain 23 Jul 2020 15:28:14,952 - Using existing component options.
INFO: [main] edu.cmu.learnsphere.visualization.descriptionMain 23 Jul 2020 15:28:15,053 - Processing Options
INFO: [main] edu.cmu.learnsphere.visualization.descriptionMain 23 Jul 2020 15:28:15,053 - Validating workflow component.
INFO: [main] edu.cmu.learnsphere.visualization.descriptionMain 23 Jul 2020 15:28:15,226 - Testing workflow component.
INFO: [main] edu.cmu.learnsphere.visualization.descriptionMain 23 Jul 2020 15:28:15,227 - Executing workflow component.
INFO: [main] edu.cmu.learnsphere.visualization.descriptionMain 23 Jul 2020 15:28:15,227 - Executing process: [C:/Program, Files/R/R-3.6.2/bin/Rscript, C:\Users\sharm\Desktop\componentDev\WorkflowComponents-dev\description//program/description.R, -programDir, C:\Users\sharm\Desktop\componentDev\WorkflowComponents-dev\description/, -workingDir, C:\Users\sharm\Desktop\componentDev\WorkflowComponents-dev\description/test//ComponentTestOutput/output/, -node, 0, -fileIndex, 0, C:\Users\sharm\Desktop\componentDev\WorkflowComponents-dev\description\test\test_data\sampledata1819.csv]
INFO: [main] edu.cmu.learnsphere.visualization.descriptionMain 23 Jul 2020 15:29:27,091 - Command-line args: [-componentXmlFile, C:\Users\sharm\Desktop\componentDev\WorkflowComponents-dev\description/test/components/Componentdescription.xml, -workflowDir, C:\Users\sharm\Desktop\componentDev\WorkflowComponents-dev\description/test/, -toolDir, C:\Users\sharm\Desktop\componentDev\WorkflowComponents-dev\description/, -schemaFile, C:\Users\sharm\Desktop\componentDev\WorkflowComponents-dev\description/schemas/description_v1_0.xsd]
INFO: [main] edu.cmu.learnsphere.visualization.descriptionMain 23 Jul 2020 15:29:27,092 - Initializing workflow component.
INFO: [main] edu.cmu.pslc.datashop.servlet.workflows.WorkflowFileUtils 23 Jul 2020 15:29:27,198 - Reading C:\Users\sharm\Desktop\componentDev\WorkflowComponents-dev\description/test/components/Componentdescription.xml
INFO: [main] edu.cmu.pslc.datashop.servlet.workflows.WorkflowFileUtils 23 Jul 2020 15:29:27,200 - File absolute path: C:\Users\sharm\Desktop\componentDev\WorkflowComponents-dev\description\test\components\Componentdescription.xml
INFO: [main] edu.cmu.learnsphere.visualization.descriptionMain 23 Jul 2020 15:29:27,212 - Initializing component options.
INFO: [main] edu.cmu.learnsphere.visualization.descriptionMain 23 Jul 2020 15:29:27,212 - Using existing component options.
INFO: [main] edu.cmu.learnsphere.visualization.descriptionMain 23 Jul 2020 15:29:27,295 - Processing Options
INFO: [main] edu.cmu.learnsphere.visualization.descriptionMain 23 Jul 2020 15:29:27,296 - Validating workflow component.
INFO: [main] edu.cmu.learnsphere.visualization.descriptionMain 23 Jul 2020 15:29:27,501 - Testing workflow component.
INFO: [main] edu.cmu.learnsphere.visualization.descriptionMain 23 Jul 2020 15:29:27,501 - Executing workflow component.
INFO: [main] edu.cmu.learnsphere.visualization.descriptionMain 23 Jul 2020 15:29:27,501 - Executing process: [C:/Program, Files/R/R-3.6.2/bin/Rscript, C:\Users\sharm\Desktop\componentDev\WorkflowComponents-dev\description//program/description.R, -programDir, C:\Users\sharm\Desktop\componentDev\WorkflowComponents-dev\description/, -workingDir, C:\Users\sharm\Desktop\componentDev\WorkflowComponents-dev\description/test//ComponentTestOutput/output/, -node, 0, -fileIndex, 0, C:\Users\sharm\Desktop\componentDev\WorkflowComponents-dev\description\test\test_data\sampledata1819.csv]
INFO: [main] edu.cmu.learnsphere.visualization.descriptionMain 23 Jul 2020 15:31:12,994 - Command-line args: [-componentXmlFile, C:\Users\sharm\Desktop\componentDev\WorkflowComponents-dev\description/test/components/Componentdescription.xml, -workflowDir, C:\Users\sharm\Desktop\componentDev\WorkflowComponents-dev\description/test/, -toolDir, C:\Users\sharm\Desktop\componentDev\WorkflowComponents-dev\description/, -schemaFile, C:\Users\sharm\Desktop\componentDev\WorkflowComponents-dev\description/schemas/description_v1_0.xsd]
INFO: [main] edu.cmu.learnsphere.visualization.descriptionMain 23 Jul 2020 15:31:12,995 - Initializing workflow component.
INFO: [main] edu.cmu.pslc.datashop.servlet.workflows.WorkflowFileUtils 23 Jul 2020 15:31:13,122 - Reading C:\Users\sharm\Desktop\componentDev\WorkflowComponents-dev\description/test/components/Componentdescription.xml
INFO: [main] edu.cmu.pslc.datashop.servlet.workflows.WorkflowFileUtils 23 Jul 2020 15:31:13,124 - File absolute path: C:\Users\sharm\Desktop\componentDev\WorkflowComponents-dev\description\test\components\Componentdescription.xml
INFO: [main] edu.cmu.learnsphere.visualization.descriptionMain 23 Jul 2020 15:31:13,142 - Initializing component options.
INFO: [main] edu.cmu.learnsphere.visualization.descriptionMain 23 Jul 2020 15:31:13,143 - Using existing component options.
INFO: [main] edu.cmu.learnsphere.visualization.descriptionMain 23 Jul 2020 15:31:13,241 - Processing Options
INFO: [main] edu.cmu.learnsphere.visualization.descriptionMain 23 Jul 2020 15:31:13,241 - Validating workflow component.
INFO: [main] edu.cmu.learnsphere.visualization.descriptionMain 23 Jul 2020 15:31:13,401 - Testing workflow component.
INFO: [main] edu.cmu.learnsphere.visualization.descriptionMain 23 Jul 2020 15:31:13,402 - Executing workflow component.
INFO: [main] edu.cmu.learnsphere.visualization.descriptionMain 23 Jul 2020 15:31:13,402 - Executing process: [C:/Program, Files/R/R-3.6.2/bin/Rscript, C:\Users\sharm\Desktop\componentDev\WorkflowComponents-dev\description//program/description.R, -programDir, C:\Users\sharm\Desktop\componentDev\WorkflowComponents-dev\description/, -workingDir, C:\Users\sharm\Desktop\componentDev\WorkflowComponents-dev\description/test//ComponentTestOutput/output/, -node, 0, -fileIndex, 0, C:\Users\sharm\Desktop\componentDev\WorkflowComponents-dev\description\test\test_data\sampledata1819.csv]
INFO: [main] edu.cmu.learnsphere.visualization.descriptionMain 23 Jul 2020 15:37:12,414 - Command-line args: [-componentXmlFile, C:\Users\sharm\Desktop\componentDev\WorkflowComponents-dev\description/test/components/Componentdescription.xml, -workflowDir, C:\Users\sharm\Desktop\componentDev\WorkflowComponents-dev\description/test/, -toolDir, C:\Users\sharm\Desktop\componentDev\WorkflowComponents-dev\description/, -schemaFile, C:\Users\sharm\Desktop\componentDev\WorkflowComponents-dev\description/schemas/description_v1_0.xsd]
INFO: [main] edu.cmu.learnsphere.visualization.descriptionMain 23 Jul 2020 15:37:12,415 - Initializing workflow component.
INFO: [main] edu.cmu.pslc.datashop.servlet.workflows.WorkflowFileUtils 23 Jul 2020 15:37:12,528 - Reading C:\Users\sharm\Desktop\componentDev\WorkflowComponents-dev\description/test/components/Componentdescription.xml
INFO: [main] edu.cmu.pslc.datashop.servlet.workflows.WorkflowFileUtils 23 Jul 2020 15:37:12,530 - File absolute path: C:\Users\sharm\Desktop\componentDev\WorkflowComponents-dev\description\test\components\Componentdescription.xml
INFO: [main] edu.cmu.learnsphere.visualization.descriptionMain 23 Jul 2020 15:37:12,542 - Initializing component options.
INFO: [main] edu.cmu.learnsphere.visualization.descriptionMain 23 Jul 2020 15:37:12,542 - Using existing component options.
INFO: [main] edu.cmu.learnsphere.visualization.descriptionMain 23 Jul 2020 15:37:12,652 - Processing Options
INFO: [main] edu.cmu.learnsphere.visualization.descriptionMain 23 Jul 2020 15:37:12,652 - Validating workflow component.
INFO: [main] edu.cmu.learnsphere.visualization.descriptionMain 23 Jul 2020 15:37:12,826 - Testing workflow component.
INFO: [main] edu.cmu.learnsphere.visualization.descriptionMain 23 Jul 2020 15:37:12,826 - Executing workflow component.
INFO: [main] edu.cmu.learnsphere.visualization.descriptionMain 23 Jul 2020 15:37:12,827 - Executing process: [C:/Program, Files/R/R-3.6.2/bin/Rscript, C:\Users\sharm\Desktop\componentDev\WorkflowComponents-dev\description//program/description.R, -programDir, C:\Users\sharm\Desktop\componentDev\WorkflowComponents-dev\description/, -workingDir, C:\Users\sharm\Desktop\componentDev\WorkflowComponents-dev\description/test//ComponentTestOutput/output/, -node, 0, -fileIndex, 0, C:\Users\sharm\Desktop\componentDev\WorkflowComponents-dev\description\test\test_data\sampledata1819.csv]
INFO: [main] edu.cmu.learnsphere.visualization.descriptionMain 23 Jul 2020 16:01:40,640 - Command-line args: [-componentXmlFile, C:\Users\sharm\Desktop\componentDev\WorkflowComponents-dev\description/test/components/Componentdescription.xml, -workflowDir, C:\Users\sharm\Desktop\componentDev\WorkflowComponents-dev\description/test/, -toolDir, C:\Users\sharm\Desktop\componentDev\WorkflowComponents-dev\description/, -schemaFile, C:\Users\sharm\Desktop\componentDev\WorkflowComponents-dev\description/schemas/description_v1_0.xsd]
INFO: [main] edu.cmu.learnsphere.visualization.descriptionMain 23 Jul 2020 16:01:40,642 - Initializing workflow component.
INFO: [main] edu.cmu.pslc.datashop.servlet.workflows.WorkflowFileUtils 23 Jul 2020 16:01:40,782 - Reading C:\Users\sharm\Desktop\componentDev\WorkflowComponents-dev\description/test/components/Componentdescription.xml
INFO: [main] edu.cmu.pslc.datashop.servlet.workflows.WorkflowFileUtils 23 Jul 2020 16:01:40,785 - File absolute path: C:\Users\sharm\Desktop\componentDev\WorkflowComponents-dev\description\test\components\Componentdescription.xml
INFO: [main] edu.cmu.learnsphere.visualization.descriptionMain 23 Jul 2020 16:01:40,797 - Initializing component options.
INFO: [main] edu.cmu.learnsphere.visualization.descriptionMain 23 Jul 2020 16:01:40,798 - Using existing component options.
INFO: [main] edu.cmu.learnsphere.visualization.descriptionMain 23 Jul 2020 16:01:40,879 - Processing Options
INFO: [main] edu.cmu.learnsphere.visualization.descriptionMain 23 Jul 2020 16:01:40,880 - Validating workflow component.
INFO: [main] edu.cmu.learnsphere.visualization.descriptionMain 23 Jul 2020 16:01:41,054 - Testing workflow component.
INFO: [main] edu.cmu.learnsphere.visualization.descriptionMain 23 Jul 2020 16:01:41,055 - Executing workflow component.
INFO: [main] edu.cmu.learnsphere.visualization.descriptionMain 23 Jul 2020 16:01:41,055 - Executing process: [C:/Program, Files/R/R-3.6.2/bin/Rscript, C:\Users\sharm\Desktop\componentDev\WorkflowComponents-dev\description//program/description.R, -programDir, C:\Users\sharm\Desktop\componentDev\WorkflowComponents-dev\description/, -workingDir, C:\Users\sharm\Desktop\componentDev\WorkflowComponents-dev\description/test//ComponentTestOutput/output/, -node, 0, -fileIndex, 0, C:\Users\sharm\Desktop\componentDev\WorkflowComponents-dev\description\test\test_data\sampledata1819.csv]
INFO: [main] edu.cmu.learnsphere.visualization.descriptionMain 23 Jul 2020 16:26:07,114 - Command-line args: [-componentXmlFile, C:\Users\sharm\Desktop\componentDev\WorkflowComponents-dev\description/test/components/Componentdescription.xml, -workflowDir, C:\Users\sharm\Desktop\componentDev\WorkflowComponents-dev\description/test/, -toolDir, C:\Users\sharm\Desktop\componentDev\WorkflowComponents-dev\description/, -schemaFile, C:\Users\sharm\Desktop\componentDev\WorkflowComponents-dev\description/schemas/description_v1_0.xsd]
INFO: [main] edu.cmu.learnsphere.visualization.descriptionMain 23 Jul 2020 16:26:07,115 - Initializing workflow component.
INFO: [main] edu.cmu.pslc.datashop.servlet.workflows.WorkflowFileUtils 23 Jul 2020 16:26:07,241 - Reading C:\Users\sharm\Desktop\componentDev\WorkflowComponents-dev\description/test/components/Componentdescription.xml
INFO: [main] edu.cmu.pslc.datashop.servlet.workflows.WorkflowFileUtils 23 Jul 2020 16:26:07,244 - File absolute path: C:\Users\sharm\Desktop\componentDev\WorkflowComponents-dev\description\test\components\Componentdescription.xml
INFO: [main] edu.cmu.learnsphere.visualization.descriptionMain 23 Jul 2020 16:26:07,256 - Initializing component options.
INFO: [main] edu.cmu.learnsphere.visualization.descriptionMain 23 Jul 2020 16:26:07,256 - Using existing component options.
INFO: [main] edu.cmu.learnsphere.visualization.descriptionMain 23 Jul 2020 16:26:07,348 - Processing Options
INFO: [main] edu.cmu.learnsphere.visualization.descriptionMain 23 Jul 2020 16:26:07,348 - Validating workflow component.
INFO: [main] edu.cmu.learnsphere.visualization.descriptionMain 23 Jul 2020 16:26:07,549 - Testing workflow component.
INFO: [main] edu.cmu.learnsphere.visualization.descriptionMain 23 Jul 2020 16:26:07,549 - Executing workflow component.
INFO: [main] edu.cmu.learnsphere.visualization.descriptionMain 23 Jul 2020 16:26:07,550 - Executing process: [C:/Program, Files/R/R-3.6.2/bin/Rscript, C:\Users\sharm\Desktop\componentDev\WorkflowComponents-dev\description//program/description.R, -programDir, C:\Users\sharm\Desktop\componentDev\WorkflowComponents-dev\description/, -workingDir, C:\Users\sharm\Desktop\componentDev\WorkflowComponents-dev\description/test//ComponentTestOutput/output/, -node, 0, -fileIndex, 0, C:\Users\sharm\Desktop\componentDev\WorkflowComponents-dev\description\test\test_data\sampledata1819.csv]
