INFO: [main] edu.cmu.pslc.learnsphere.transform.copycovariate.CopyCovariateMain 22 Oct 2017 17:44:08,933 - Command-line args: [-componentXmlFile, C:\Users\ppavl\Documents\NetBeansProjects\WorkflowComponents\CopyCovariate/test/components/CopyCovariate_component.xml, -workflowDir, C:\Users\ppavl\Documents\NetBeansProjects\WorkflowComponents\CopyCovariate/test/, -toolDir, C:\Users\ppavl\Documents\NetBeansProjects\WorkflowComponents\CopyCovariate/, -schemaFile, C:\Users\ppavl\Documents\NetBeansProjects\WorkflowComponents\CopyCovariate/schemas/CopyCovariate_v1_0.xsd]
INFO: [main] edu.cmu.pslc.learnsphere.transform.copycovariate.CopyCovariateMain 22 Oct 2017 17:44:08,935 - Initializing workflow component.
INFO: [main] edu.cmu.pslc.datashop.servlet.workflows.WorkflowHelper 22 Oct 2017 17:44:09,027 - Reading C:\Users\ppavl\Documents\NetBeansProjects\WorkflowComponents\CopyCovariate/test/components/CopyCovariate_component.xml
INFO: [main] edu.cmu.pslc.datashop.servlet.workflows.WorkflowHelper 22 Oct 2017 17:44:09,028 - File absolute path: C:\Users\ppavl\Documents\NetBeansProjects\WorkflowComponents\CopyCovariate\test\components\CopyCovariate_component.xml
INFO: [main] edu.cmu.pslc.datashop.servlet.workflows.WorkflowHelper 22 Oct 2017 17:44:09,028 - File canonical path: C:\Users\ppavl\Documents\NetBeansProjects\WorkflowComponents\CopyCovariate\test\components\CopyCovariate_component.xml
INFO: [main] edu.cmu.pslc.learnsphere.transform.copycovariate.CopyCovariateMain 22 Oct 2017 17:44:09,041 - Initializing component options.
INFO: [main] edu.cmu.pslc.learnsphere.transform.copycovariate.CopyCovariateMain 22 Oct 2017 17:44:09,041 - Using existing options.
INFO: [main] edu.cmu.pslc.learnsphere.transform.copycovariate.CopyCovariateMain 22 Oct 2017 17:44:09,098 - Processing Options
INFO: [main] edu.cmu.pslc.learnsphere.transform.copycovariate.CopyCovariateMain 22 Oct 2017 17:44:09,099 - Validating workflow component.
INFO: [main] edu.cmu.pslc.learnsphere.transform.copycovariate.CopyCovariateMain 22 Oct 2017 17:44:09,309 - Testing workflow component.
INFO: [main] edu.cmu.pslc.learnsphere.transform.copycovariate.CopyCovariateMain 22 Oct 2017 17:44:09,310 - Executing workflow component.
INFO: [main] edu.cmu.pslc.learnsphere.transform.copycovariate.CopyCovariateMain 22 Oct 2017 17:44:09,394 - Executing process: [C:\Program, Files\R\R-3.4.2\bin\Rscript.exe, C:/Users/ppavl/Documents/NetBeansProjects/WorkflowComponents/CopyCovariate/program/CopyCovariate.R, -programDir, C:/Users/ppavl/Documents/NetBeansProjects/WorkflowComponents/CopyCovariate/, -workingDir, C:\Users\ppavl\Documents\NetBeansProjects\WorkflowComponents\CopyCovariate/test/ComponentTestOutput/output/, -file0, "C:/Users/ppavl/Documents/NetBeansProjects/WorkflowComponents/CopyCovariate/test/transactions/ds1465_tx_All_Data_64_2016_0720_222352short.txt", -file1, "C:/Users/ppavl/Documents/NetBeansProjects/WorkflowComponents/CopyCovariate/test/testdata/created file.txt"]
ERROR: [main] edu.cmu.pslc.learnsphere.transform.copycovariate.CopyCovariateMain 22 Oct 2017 17:44:09,569 - Error status returned: 1
INFO: [main] edu.cmu.pslc.learnsphere.transform.copycovariate.CopyCovariateMain 22 Oct 2017 17:44:09,569 - Added file: C:\Users\ppavl\Documents\NetBeansProjects\WorkflowComponents\CopyCovariate\test\ComponentTestOutput\output\transaction file with added features.txt
INFO: [main] edu.cmu.pslc.learnsphere.transform.copycovariate.CopyCovariateMain 22 Oct 2017 17:44:38,504 - Command-line args: [-componentXmlFile, C:\Users\ppavl\Documents\NetBeansProjects\WorkflowComponents\CopyCovariate/test/components/CopyCovariate_component.xml, -workflowDir, C:\Users\ppavl\Documents\NetBeansProjects\WorkflowComponents\CopyCovariate/test/, -toolDir, C:\Users\ppavl\Documents\NetBeansProjects\WorkflowComponents\CopyCovariate/, -schemaFile, C:\Users\ppavl\Documents\NetBeansProjects\WorkflowComponents\CopyCovariate/schemas/CopyCovariate_v1_0.xsd]
INFO: [main] edu.cmu.pslc.learnsphere.transform.copycovariate.CopyCovariateMain 22 Oct 2017 17:44:38,507 - Initializing workflow component.
INFO: [main] edu.cmu.pslc.datashop.servlet.workflows.WorkflowHelper 22 Oct 2017 17:44:38,594 - Reading C:\Users\ppavl\Documents\NetBeansProjects\WorkflowComponents\CopyCovariate/test/components/CopyCovariate_component.xml
INFO: [main] edu.cmu.pslc.datashop.servlet.workflows.WorkflowHelper 22 Oct 2017 17:44:38,594 - File absolute path: C:\Users\ppavl\Documents\NetBeansProjects\WorkflowComponents\CopyCovariate\test\components\CopyCovariate_component.xml
INFO: [main] edu.cmu.pslc.datashop.servlet.workflows.WorkflowHelper 22 Oct 2017 17:44:38,594 - File canonical path: C:\Users\ppavl\Documents\NetBeansProjects\WorkflowComponents\CopyCovariate\test\components\CopyCovariate_component.xml
INFO: [main] edu.cmu.pslc.learnsphere.transform.copycovariate.CopyCovariateMain 22 Oct 2017 17:44:38,606 - Initializing component options.
INFO: [main] edu.cmu.pslc.learnsphere.transform.copycovariate.CopyCovariateMain 22 Oct 2017 17:44:38,606 - Using existing options.
INFO: [main] edu.cmu.pslc.learnsphere.transform.copycovariate.CopyCovariateMain 22 Oct 2017 17:44:38,661 - Processing Options
INFO: [main] edu.cmu.pslc.learnsphere.transform.copycovariate.CopyCovariateMain 22 Oct 2017 17:44:38,663 - Validating workflow component.
INFO: [main] edu.cmu.pslc.learnsphere.transform.copycovariate.CopyCovariateMain 22 Oct 2017 17:44:38,845 - Testing workflow component.
INFO: [main] edu.cmu.pslc.learnsphere.transform.copycovariate.CopyCovariateMain 22 Oct 2017 17:44:38,845 - Executing workflow component.
INFO: [main] edu.cmu.pslc.learnsphere.transform.copycovariate.CopyCovariateMain 22 Oct 2017 17:44:38,921 - Executing process: [C:\Program, Files\R\R-3.4.2\bin\Rscript.exe, C:/Users/ppavl/Documents/NetBeansProjects/WorkflowComponents/CopyCovariate/program/CopyCovariate.R, -programDir, C:/Users/ppavl/Documents/NetBeansProjects/WorkflowComponents/CopyCovariate/, -workingDir, C:\Users\ppavl\Documents\NetBeansProjects\WorkflowComponents\CopyCovariate/test/ComponentTestOutput/output/, -file0, "C:/Users/ppavl/Documents/NetBeansProjects/WorkflowComponents/CopyCovariate/test/transactions/ds1465_tx_All_Data_64_2016_0720_222352short.txt", -file1, "C:/Users/ppavl/Documents/NetBeansProjects/WorkflowComponents/CopyCovariate/test/testdata/created file.txt"]
ERROR: [main] edu.cmu.pslc.learnsphere.transform.copycovariate.CopyCovariateMain 22 Oct 2017 17:44:39,075 - Error status returned: 1
INFO: [main] edu.cmu.pslc.learnsphere.transform.copycovariate.CopyCovariateMain 22 Oct 2017 17:44:39,076 - Added file: C:\Users\ppavl\Documents\NetBeansProjects\WorkflowComponents\CopyCovariate\test\ComponentTestOutput\output\transaction file with added features.txt
INFO: [main] edu.cmu.pslc.learnsphere.transform.copycovariate.CopyCovariateMain 22 Oct 2017 17:46:02,477 - Command-line args: [-componentXmlFile, C:\Users\ppavl\Documents\NetBeansProjects\WorkflowComponents\CopyCovariate/test/components/CopyCovariate_component.xml, -workflowDir, C:\Users\ppavl\Documents\NetBeansProjects\WorkflowComponents\CopyCovariate/test/, -toolDir, C:\Users\ppavl\Documents\NetBeansProjects\WorkflowComponents\CopyCovariate/, -schemaFile, C:\Users\ppavl\Documents\NetBeansProjects\WorkflowComponents\CopyCovariate/schemas/CopyCovariate_v1_0.xsd]
INFO: [main] edu.cmu.pslc.learnsphere.transform.copycovariate.CopyCovariateMain 22 Oct 2017 17:46:02,479 - Initializing workflow component.
INFO: [main] edu.cmu.pslc.datashop.servlet.workflows.WorkflowHelper 22 Oct 2017 17:46:02,568 - Reading C:\Users\ppavl\Documents\NetBeansProjects\WorkflowComponents\CopyCovariate/test/components/CopyCovariate_component.xml
INFO: [main] edu.cmu.pslc.datashop.servlet.workflows.WorkflowHelper 22 Oct 2017 17:46:02,568 - File absolute path: C:\Users\ppavl\Documents\NetBeansProjects\WorkflowComponents\CopyCovariate\test\components\CopyCovariate_component.xml
INFO: [main] edu.cmu.pslc.datashop.servlet.workflows.WorkflowHelper 22 Oct 2017 17:46:02,568 - File canonical path: C:\Users\ppavl\Documents\NetBeansProjects\WorkflowComponents\CopyCovariate\test\components\CopyCovariate_component.xml
INFO: [main] edu.cmu.pslc.learnsphere.transform.copycovariate.CopyCovariateMain 22 Oct 2017 17:46:02,582 - Initializing component options.
INFO: [main] edu.cmu.pslc.learnsphere.transform.copycovariate.CopyCovariateMain 22 Oct 2017 17:46:02,582 - Using existing options.
INFO: [main] edu.cmu.pslc.learnsphere.transform.copycovariate.CopyCovariateMain 22 Oct 2017 17:46:02,635 - Processing Options
INFO: [main] edu.cmu.pslc.learnsphere.transform.copycovariate.CopyCovariateMain 22 Oct 2017 17:46:02,637 - Validating workflow component.
INFO: [main] edu.cmu.pslc.learnsphere.transform.copycovariate.CopyCovariateMain 22 Oct 2017 17:46:02,825 - Testing workflow component.
INFO: [main] edu.cmu.pslc.learnsphere.transform.copycovariate.CopyCovariateMain 22 Oct 2017 17:46:02,825 - Executing workflow component.
INFO: [main] edu.cmu.pslc.learnsphere.transform.copycovariate.CopyCovariateMain 22 Oct 2017 17:46:02,902 - Executing process: [C:\Program, Files\R\R-3.4.2\bin\Rscript.exe, C:/Users/ppavl/Documents/NetBeansProjects/WorkflowComponents/CopyCovariate/program/CopyCovariate.R, -programDir, C:/Users/ppavl/Documents/NetBeansProjects/WorkflowComponents/CopyCovariate/, -workingDir, C:\Users\ppavl\Documents\NetBeansProjects\WorkflowComponents\CopyCovariate/test/ComponentTestOutput/output/, -file0, "C:/Users/ppavl/Documents/NetBeansProjects/WorkflowComponents/CopyCovariate/test/transactions/ds1465_tx_All_Data_64_2016_0720_222352short.txt", -file1, "C:/Users/ppavl/Documents/NetBeansProjects/WorkflowComponents/CopyCovariate/test/testdata/created file.txt"]
ERROR: [main] edu.cmu.pslc.learnsphere.transform.copycovariate.CopyCovariateMain 22 Oct 2017 17:46:03,111 - Error status returned: 1
INFO: [main] edu.cmu.pslc.learnsphere.transform.copycovariate.CopyCovariateMain 22 Oct 2017 17:46:03,111 - Added file: C:\Users\ppavl\Documents\NetBeansProjects\WorkflowComponents\CopyCovariate\test\ComponentTestOutput\output\transaction file with added features.txt
INFO: [main] edu.cmu.pslc.learnsphere.transform.copycovariate.CopyCovariateMain 22 Oct 2017 21:24:14,348 - Command-line args: [-componentXmlFile, C:\Users\ppavl\Documents\NetBeansProjects\WorkflowComponents\CopyCovariate/test/components/CopyCovariate_component.xml, -workflowDir, C:\Users\ppavl\Documents\NetBeansProjects\WorkflowComponents\CopyCovariate/test/, -toolDir, C:\Users\ppavl\Documents\NetBeansProjects\WorkflowComponents\CopyCovariate/, -schemaFile, C:\Users\ppavl\Documents\NetBeansProjects\WorkflowComponents\CopyCovariate/schemas/CopyCovariate_v1_0.xsd]
INFO: [main] edu.cmu.pslc.learnsphere.transform.copycovariate.CopyCovariateMain 22 Oct 2017 21:24:14,350 - Initializing workflow component.
INFO: [main] edu.cmu.pslc.datashop.servlet.workflows.WorkflowHelper 22 Oct 2017 21:24:14,462 - Reading C:\Users\ppavl\Documents\NetBeansProjects\WorkflowComponents\CopyCovariate/test/components/CopyCovariate_component.xml
INFO: [main] edu.cmu.pslc.datashop.servlet.workflows.WorkflowHelper 22 Oct 2017 21:24:14,463 - File absolute path: C:\Users\ppavl\Documents\NetBeansProjects\WorkflowComponents\CopyCovariate\test\components\CopyCovariate_component.xml
INFO: [main] edu.cmu.pslc.datashop.servlet.workflows.WorkflowHelper 22 Oct 2017 21:24:14,463 - File canonical path: C:\Users\ppavl\Documents\NetBeansProjects\WorkflowComponents\CopyCovariate\test\components\CopyCovariate_component.xml
INFO: [main] edu.cmu.pslc.learnsphere.transform.copycovariate.CopyCovariateMain 22 Oct 2017 21:24:14,481 - Initializing component options.
INFO: [main] edu.cmu.pslc.learnsphere.transform.copycovariate.CopyCovariateMain 22 Oct 2017 21:24:14,481 - Using existing options.
INFO: [main] edu.cmu.pslc.learnsphere.transform.copycovariate.CopyCovariateMain 22 Oct 2017 21:24:14,548 - Processing Options
INFO: [main] edu.cmu.pslc.learnsphere.transform.copycovariate.CopyCovariateMain 22 Oct 2017 21:24:14,549 - Validating workflow component.
INFO: [main] edu.cmu.pslc.learnsphere.transform.copycovariate.CopyCovariateMain 22 Oct 2017 21:24:14,789 - Testing workflow component.
INFO: [main] edu.cmu.pslc.learnsphere.transform.copycovariate.CopyCovariateMain 22 Oct 2017 21:24:14,790 - Executing workflow component.
INFO: [main] edu.cmu.pslc.learnsphere.transform.copycovariate.CopyCovariateMain 22 Oct 2017 21:24:14,886 - Executing process: [C:\Program, Files\R\R-3.4.2\bin\Rscript.exe, C:/Users/ppavl/Documents/NetBeansProjects/WorkflowComponents/CopyCovariate/program/CopyCovariate.R, -programDir, C:/Users/ppavl/Documents/NetBeansProjects/WorkflowComponents/CopyCovariate/, -workingDir, C:\Users\ppavl\Documents\NetBeansProjects\WorkflowComponents\CopyCovariate/test/ComponentTestOutput/output/, -file0, "C:/Users/ppavl/Documents/NetBeansProjects/WorkflowComponents/CopyCovariate/test/transactions/ds1465_tx_All_Data_64_2016_0720_222352short.txt", -file1, "C:/Users/ppavl/Documents/NetBeansProjects/WorkflowComponents/CopyCovariate/test/testdata/created file.txt"]
ERROR: [main] edu.cmu.pslc.learnsphere.transform.copycovariate.CopyCovariateMain 22 Oct 2017 21:24:15,438 - Error status returned: 1
INFO: [main] edu.cmu.pslc.learnsphere.transform.copycovariate.CopyCovariateMain 22 Oct 2017 21:24:15,438 - Added file: C:\Users\ppavl\Documents\NetBeansProjects\WorkflowComponents\CopyCovariate\test\ComponentTestOutput\output\transaction file with added features.txt
INFO: [main] edu.cmu.pslc.learnsphere.transform.copycovariate.CopyCovariateMain 22 Oct 2017 21:26:06,543 - Command-line args: [-componentXmlFile, C:\Users\ppavl\Documents\NetBeansProjects\WorkflowComponents\CopyCovariate/test/components/CopyCovariate_component.xml, -workflowDir, C:\Users\ppavl\Documents\NetBeansProjects\WorkflowComponents\CopyCovariate/test/, -toolDir, C:\Users\ppavl\Documents\NetBeansProjects\WorkflowComponents\CopyCovariate/, -schemaFile, C:\Users\ppavl\Documents\NetBeansProjects\WorkflowComponents\CopyCovariate/schemas/CopyCovariate_v1_0.xsd]
INFO: [main] edu.cmu.pslc.learnsphere.transform.copycovariate.CopyCovariateMain 22 Oct 2017 21:26:06,544 - Initializing workflow component.
INFO: [main] edu.cmu.pslc.datashop.servlet.workflows.WorkflowHelper 22 Oct 2017 21:26:06,649 - Reading C:\Users\ppavl\Documents\NetBeansProjects\WorkflowComponents\CopyCovariate/test/components/CopyCovariate_component.xml
INFO: [main] edu.cmu.pslc.datashop.servlet.workflows.WorkflowHelper 22 Oct 2017 21:26:06,649 - File absolute path: C:\Users\ppavl\Documents\NetBeansProjects\WorkflowComponents\CopyCovariate\test\components\CopyCovariate_component.xml
INFO: [main] edu.cmu.pslc.datashop.servlet.workflows.WorkflowHelper 22 Oct 2017 21:26:06,649 - File canonical path: C:\Users\ppavl\Documents\NetBeansProjects\WorkflowComponents\CopyCovariate\test\components\CopyCovariate_component.xml
INFO: [main] edu.cmu.pslc.learnsphere.transform.copycovariate.CopyCovariateMain 22 Oct 2017 21:26:06,664 - Initializing component options.
INFO: [main] edu.cmu.pslc.learnsphere.transform.copycovariate.CopyCovariateMain 22 Oct 2017 21:26:06,665 - Using existing options.
INFO: [main] edu.cmu.pslc.learnsphere.transform.copycovariate.CopyCovariateMain 22 Oct 2017 21:26:06,720 - Processing Options
INFO: [main] edu.cmu.pslc.learnsphere.transform.copycovariate.CopyCovariateMain 22 Oct 2017 21:26:06,722 - Validating workflow component.
INFO: [main] edu.cmu.pslc.learnsphere.transform.copycovariate.CopyCovariateMain 22 Oct 2017 21:26:06,940 - Testing workflow component.
INFO: [main] edu.cmu.pslc.learnsphere.transform.copycovariate.CopyCovariateMain 22 Oct 2017 21:26:06,940 - Executing workflow component.
INFO: [main] edu.cmu.pslc.learnsphere.transform.copycovariate.CopyCovariateMain 22 Oct 2017 21:26:07,017 - Executing process: [C:\Program, Files\R\R-3.4.2\bin\Rscript.exe, C:/Users/ppavl/Documents/NetBeansProjects/WorkflowComponents/CopyCovariate/program/CopyCovariate.R, -programDir, C:/Users/ppavl/Documents/NetBeansProjects/WorkflowComponents/CopyCovariate/, -workingDir, C:\Users\ppavl\Documents\NetBeansProjects\WorkflowComponents\CopyCovariate/test/ComponentTestOutput/output/, -file0, "C:/Users/ppavl/Documents/NetBeansProjects/WorkflowComponents/CopyCovariate/test/transactions/ds1465_tx_All_Data_64_2016_0720_222352short.txt", -file1, "C:/Users/ppavl/Documents/NetBeansProjects/WorkflowComponents/CopyCovariate/test/testdata/created file.txt"]
ERROR: [main] edu.cmu.pslc.learnsphere.transform.copycovariate.CopyCovariateMain 22 Oct 2017 21:26:07,465 - Error status returned: 1
INFO: [main] edu.cmu.pslc.learnsphere.transform.copycovariate.CopyCovariateMain 22 Oct 2017 21:26:07,465 - Added file: C:\Users\ppavl\Documents\NetBeansProjects\WorkflowComponents\CopyCovariate\test\ComponentTestOutput\output\transaction file with added features.txt
INFO: [main] edu.cmu.pslc.learnsphere.transform.copycovariate.CopyCovariateMain 22 Oct 2017 21:35:42,930 - Command-line args: [-componentXmlFile, C:\Users\ppavl\Documents\NetBeansProjects\WorkflowComponents\CopyCovariate/test/components/CopyCovariate_component.xml, -workflowDir, C:\Users\ppavl\Documents\NetBeansProjects\WorkflowComponents\CopyCovariate/test/, -toolDir, C:\Users\ppavl\Documents\NetBeansProjects\WorkflowComponents\CopyCovariate/, -schemaFile, C:\Users\ppavl\Documents\NetBeansProjects\WorkflowComponents\CopyCovariate/schemas/CopyCovariate_v1_0.xsd]
INFO: [main] edu.cmu.pslc.learnsphere.transform.copycovariate.CopyCovariateMain 22 Oct 2017 21:35:42,931 - Initializing workflow component.
INFO: [main] edu.cmu.pslc.datashop.servlet.workflows.WorkflowHelper 22 Oct 2017 21:35:43,037 - Reading C:\Users\ppavl\Documents\NetBeansProjects\WorkflowComponents\CopyCovariate/test/components/CopyCovariate_component.xml
INFO: [main] edu.cmu.pslc.datashop.servlet.workflows.WorkflowHelper 22 Oct 2017 21:35:43,038 - File absolute path: C:\Users\ppavl\Documents\NetBeansProjects\WorkflowComponents\CopyCovariate\test\components\CopyCovariate_component.xml
INFO: [main] edu.cmu.pslc.datashop.servlet.workflows.WorkflowHelper 22 Oct 2017 21:35:43,038 - File canonical path: C:\Users\ppavl\Documents\NetBeansProjects\WorkflowComponents\CopyCovariate\test\components\CopyCovariate_component.xml
INFO: [main] edu.cmu.pslc.learnsphere.transform.copycovariate.CopyCovariateMain 22 Oct 2017 21:35:43,055 - Initializing component options.
INFO: [main] edu.cmu.pslc.learnsphere.transform.copycovariate.CopyCovariateMain 22 Oct 2017 21:35:43,055 - Using existing options.
INFO: [main] edu.cmu.pslc.learnsphere.transform.copycovariate.CopyCovariateMain 22 Oct 2017 21:35:43,128 - Processing Options
INFO: [main] edu.cmu.pslc.learnsphere.transform.copycovariate.CopyCovariateMain 22 Oct 2017 21:35:43,130 - Validating workflow component.
INFO: [main] edu.cmu.pslc.learnsphere.transform.copycovariate.CopyCovariateMain 22 Oct 2017 21:35:43,384 - Testing workflow component.
INFO: [main] edu.cmu.pslc.learnsphere.transform.copycovariate.CopyCovariateMain 22 Oct 2017 21:35:43,384 - Executing workflow component.
INFO: [main] edu.cmu.pslc.learnsphere.transform.copycovariate.CopyCovariateMain 22 Oct 2017 21:35:43,466 - Executing process: [C:\Program, Files\R\R-3.4.2\bin\Rscript.exe, C:/Users/ppavl/Documents/NetBeansProjects/WorkflowComponents/CopyCovariate/program/CopyCovariate.R, -programDir, C:/Users/ppavl/Documents/NetBeansProjects/WorkflowComponents/CopyCovariate/, -workingDir, C:\Users\ppavl\Documents\NetBeansProjects\WorkflowComponents\CopyCovariate/test/ComponentTestOutput/output/, -file0, "C:/Users/ppavl/Documents/NetBeansProjects/WorkflowComponents/CopyCovariate/test/transactions/ds1465_tx_All_Data_64_2016_0720_222352short.txt", -file1, "C:/Users/ppavl/Documents/NetBeansProjects/WorkflowComponents/CopyCovariate/test/testdata/created file.txt"]
ERROR: [main] edu.cmu.pslc.learnsphere.transform.copycovariate.CopyCovariateMain 22 Oct 2017 21:35:43,892 - Error status returned: 1
INFO: [main] edu.cmu.pslc.learnsphere.transform.copycovariate.CopyCovariateMain 22 Oct 2017 21:35:43,892 - Added file: C:\Users\ppavl\Documents\NetBeansProjects\WorkflowComponents\CopyCovariate\test\ComponentTestOutput\output\transaction file with added features.txt
INFO: [main] edu.cmu.pslc.learnsphere.transform.copycovariate.CopyCovariateMain 22 Oct 2017 21:37:44,409 - Command-line args: [-componentXmlFile, C:\Users\ppavl\Documents\NetBeansProjects\WorkflowComponents\CopyCovariate/test/components/CopyCovariate_component.xml, -workflowDir, C:\Users\ppavl\Documents\NetBeansProjects\WorkflowComponents\CopyCovariate/test/, -toolDir, C:\Users\ppavl\Documents\NetBeansProjects\WorkflowComponents\CopyCovariate/, -schemaFile, C:\Users\ppavl\Documents\NetBeansProjects\WorkflowComponents\CopyCovariate/schemas/CopyCovariate_v1_0.xsd]
INFO: [main] edu.cmu.pslc.learnsphere.transform.copycovariate.CopyCovariateMain 22 Oct 2017 21:37:44,411 - Initializing workflow component.
INFO: [main] edu.cmu.pslc.datashop.servlet.workflows.WorkflowHelper 22 Oct 2017 21:37:44,534 - Reading C:\Users\ppavl\Documents\NetBeansProjects\WorkflowComponents\CopyCovariate/test/components/CopyCovariate_component.xml
INFO: [main] edu.cmu.pslc.datashop.servlet.workflows.WorkflowHelper 22 Oct 2017 21:37:44,535 - File absolute path: C:\Users\ppavl\Documents\NetBeansProjects\WorkflowComponents\CopyCovariate\test\components\CopyCovariate_component.xml
INFO: [main] edu.cmu.pslc.datashop.servlet.workflows.WorkflowHelper 22 Oct 2017 21:37:44,535 - File canonical path: C:\Users\ppavl\Documents\NetBeansProjects\WorkflowComponents\CopyCovariate\test\components\CopyCovariate_component.xml
INFO: [main] edu.cmu.pslc.learnsphere.transform.copycovariate.CopyCovariateMain 22 Oct 2017 21:37:44,552 - Initializing component options.
INFO: [main] edu.cmu.pslc.learnsphere.transform.copycovariate.CopyCovariateMain 22 Oct 2017 21:37:44,552 - Using existing options.
INFO: [main] edu.cmu.pslc.learnsphere.transform.copycovariate.CopyCovariateMain 22 Oct 2017 21:37:44,614 - Processing Options
INFO: [main] edu.cmu.pslc.learnsphere.transform.copycovariate.CopyCovariateMain 22 Oct 2017 21:37:44,616 - Validating workflow component.
INFO: [main] edu.cmu.pslc.learnsphere.transform.copycovariate.CopyCovariateMain 22 Oct 2017 21:37:44,846 - Testing workflow component.
INFO: [main] edu.cmu.pslc.learnsphere.transform.copycovariate.CopyCovariateMain 22 Oct 2017 21:37:44,846 - Executing workflow component.
INFO: [main] edu.cmu.pslc.learnsphere.transform.copycovariate.CopyCovariateMain 22 Oct 2017 21:37:44,933 - Executing process: [C:\Program, Files\R\R-3.4.2\bin\Rscript.exe, C:/Users/ppavl/Documents/NetBeansProjects/WorkflowComponents/CopyCovariate/program/CopyCovariate.R, -programDir, C:/Users/ppavl/Documents/NetBeansProjects/WorkflowComponents/CopyCovariate/, -workingDir, C:\Users\ppavl\Documents\NetBeansProjects\WorkflowComponents\CopyCovariate/test/ComponentTestOutput/output/, -file0, "C:/Users/ppavl/Documents/NetBeansProjects/WorkflowComponents/CopyCovariate/test/transactions/ds1465_tx_All_Data_64_2016_0720_222352short.txt", -file1, "C:/Users/ppavl/Documents/NetBeansProjects/WorkflowComponents/CopyCovariate/test/testdata/created file.txt"]
ERROR: [main] edu.cmu.pslc.learnsphere.transform.copycovariate.CopyCovariateMain 22 Oct 2017 21:37:45,335 - Error status returned: 1
INFO: [main] edu.cmu.pslc.learnsphere.transform.copycovariate.CopyCovariateMain 22 Oct 2017 21:37:45,335 - Added file: C:\Users\ppavl\Documents\NetBeansProjects\WorkflowComponents\CopyCovariate\test\ComponentTestOutput\output\transaction file with added features.txt
INFO: [main] edu.cmu.pslc.learnsphere.transform.copycovariate.CopyCovariateMain 22 Oct 2017 21:39:35,066 - Command-line args: [-componentXmlFile, C:\Users\ppavl\Documents\NetBeansProjects\WorkflowComponents\CopyCovariate/test/components/CopyCovariate_component.xml, -workflowDir, C:\Users\ppavl\Documents\NetBeansProjects\WorkflowComponents\CopyCovariate/test/, -toolDir, C:\Users\ppavl\Documents\NetBeansProjects\WorkflowComponents\CopyCovariate/, -schemaFile, C:\Users\ppavl\Documents\NetBeansProjects\WorkflowComponents\CopyCovariate/schemas/CopyCovariate_v1_0.xsd]
INFO: [main] edu.cmu.pslc.learnsphere.transform.copycovariate.CopyCovariateMain 22 Oct 2017 21:39:35,067 - Initializing workflow component.
INFO: [main] edu.cmu.pslc.datashop.servlet.workflows.WorkflowHelper 22 Oct 2017 21:39:35,167 - Reading C:\Users\ppavl\Documents\NetBeansProjects\WorkflowComponents\CopyCovariate/test/components/CopyCovariate_component.xml
INFO: [main] edu.cmu.pslc.datashop.servlet.workflows.WorkflowHelper 22 Oct 2017 21:39:35,167 - File absolute path: C:\Users\ppavl\Documents\NetBeansProjects\WorkflowComponents\CopyCovariate\test\components\CopyCovariate_component.xml
INFO: [main] edu.cmu.pslc.datashop.servlet.workflows.WorkflowHelper 22 Oct 2017 21:39:35,167 - File canonical path: C:\Users\ppavl\Documents\NetBeansProjects\WorkflowComponents\CopyCovariate\test\components\CopyCovariate_component.xml
INFO: [main] edu.cmu.pslc.learnsphere.transform.copycovariate.CopyCovariateMain 22 Oct 2017 21:39:35,184 - Initializing component options.
INFO: [main] edu.cmu.pslc.learnsphere.transform.copycovariate.CopyCovariateMain 22 Oct 2017 21:39:35,184 - Using existing options.
INFO: [main] edu.cmu.pslc.learnsphere.transform.copycovariate.CopyCovariateMain 22 Oct 2017 21:39:35,248 - Processing Options
INFO: [main] edu.cmu.pslc.learnsphere.transform.copycovariate.CopyCovariateMain 22 Oct 2017 21:39:35,251 - Validating workflow component.
INFO: [main] edu.cmu.pslc.learnsphere.transform.copycovariate.CopyCovariateMain 22 Oct 2017 21:39:35,483 - Testing workflow component.
INFO: [main] edu.cmu.pslc.learnsphere.transform.copycovariate.CopyCovariateMain 22 Oct 2017 21:39:35,484 - Executing workflow component.
INFO: [main] edu.cmu.pslc.learnsphere.transform.copycovariate.CopyCovariateMain 22 Oct 2017 21:39:35,574 - Executing process: [C:\Program, Files\R\R-3.4.2\bin\Rscript.exe, C:/Users/ppavl/Documents/NetBeansProjects/WorkflowComponents/CopyCovariate/program/CopyCovariate.R, -programDir, C:/Users/ppavl/Documents/NetBeansProjects/WorkflowComponents/CopyCovariate/, -workingDir, C:\Users\ppavl\Documents\NetBeansProjects\WorkflowComponents\CopyCovariate/test/ComponentTestOutput/output/, -file0, "C:/Users/ppavl/Documents/NetBeansProjects/WorkflowComponents/CopyCovariate/test/transactions/ds1465_tx_All_Data_64_2016_0720_222352short.txt", -file1, "C:/Users/ppavl/Documents/NetBeansProjects/WorkflowComponents/CopyCovariate/test/testdata/created file.txt"]
ERROR: [main] edu.cmu.pslc.learnsphere.transform.copycovariate.CopyCovariateMain 22 Oct 2017 21:39:35,998 - Error status returned: 1
INFO: [main] edu.cmu.pslc.learnsphere.transform.copycovariate.CopyCovariateMain 22 Oct 2017 21:39:35,998 - Added file: C:\Users\ppavl\Documents\NetBeansProjects\WorkflowComponents\CopyCovariate\test\ComponentTestOutput\output\transaction file with added features.txt
INFO: [main] edu.cmu.pslc.learnsphere.transform.copycovariate.CopyCovariateMain 22 Oct 2017 21:39:56,528 - Command-line args: [-componentXmlFile, C:\Users\ppavl\Documents\NetBeansProjects\WorkflowComponents\CopyCovariate/test/components/CopyCovariate_component.xml, -workflowDir, C:\Users\ppavl\Documents\NetBeansProjects\WorkflowComponents\CopyCovariate/test/, -toolDir, C:\Users\ppavl\Documents\NetBeansProjects\WorkflowComponents\CopyCovariate/, -schemaFile, C:\Users\ppavl\Documents\NetBeansProjects\WorkflowComponents\CopyCovariate/schemas/CopyCovariate_v1_0.xsd]
INFO: [main] edu.cmu.pslc.learnsphere.transform.copycovariate.CopyCovariateMain 22 Oct 2017 21:39:56,530 - Initializing workflow component.
INFO: [main] edu.cmu.pslc.datashop.servlet.workflows.WorkflowHelper 22 Oct 2017 21:39:56,644 - Reading C:\Users\ppavl\Documents\NetBeansProjects\WorkflowComponents\CopyCovariate/test/components/CopyCovariate_component.xml
INFO: [main] edu.cmu.pslc.datashop.servlet.workflows.WorkflowHelper 22 Oct 2017 21:39:56,644 - File absolute path: C:\Users\ppavl\Documents\NetBeansProjects\WorkflowComponents\CopyCovariate\test\components\CopyCovariate_component.xml
INFO: [main] edu.cmu.pslc.datashop.servlet.workflows.WorkflowHelper 22 Oct 2017 21:39:56,644 - File canonical path: C:\Users\ppavl\Documents\NetBeansProjects\WorkflowComponents\CopyCovariate\test\components\CopyCovariate_component.xml
INFO: [main] edu.cmu.pslc.learnsphere.transform.copycovariate.CopyCovariateMain 22 Oct 2017 21:39:56,664 - Initializing component options.
INFO: [main] edu.cmu.pslc.learnsphere.transform.copycovariate.CopyCovariateMain 22 Oct 2017 21:39:56,664 - Using existing options.
INFO: [main] edu.cmu.pslc.learnsphere.transform.copycovariate.CopyCovariateMain 22 Oct 2017 21:39:56,733 - Processing Options
INFO: [main] edu.cmu.pslc.learnsphere.transform.copycovariate.CopyCovariateMain 22 Oct 2017 21:39:56,735 - Validating workflow component.
INFO: [main] edu.cmu.pslc.learnsphere.transform.copycovariate.CopyCovariateMain 22 Oct 2017 21:39:56,976 - Testing workflow component.
INFO: [main] edu.cmu.pslc.learnsphere.transform.copycovariate.CopyCovariateMain 22 Oct 2017 21:39:56,976 - Executing workflow component.
INFO: [main] edu.cmu.pslc.learnsphere.transform.copycovariate.CopyCovariateMain 22 Oct 2017 21:39:57,065 - Executing process: [C:\Program, Files\R\R-3.4.2\bin\Rscript.exe, C:/Users/ppavl/Documents/NetBeansProjects/WorkflowComponents/CopyCovariate/program/CopyCovariate.R, -programDir, C:/Users/ppavl/Documents/NetBeansProjects/WorkflowComponents/CopyCovariate/, -workingDir, C:\Users\ppavl\Documents\NetBeansProjects\WorkflowComponents\CopyCovariate/test/ComponentTestOutput/output/, -file0, "C:/Users/ppavl/Documents/NetBeansProjects/WorkflowComponents/CopyCovariate/test/transactions/ds1465_tx_All_Data_64_2016_0720_222352short.txt", -file1, "C:/Users/ppavl/Documents/NetBeansProjects/WorkflowComponents/CopyCovariate/test/testdata/created file.txt"]
ERROR: [main] edu.cmu.pslc.learnsphere.transform.copycovariate.CopyCovariateMain 22 Oct 2017 21:39:57,474 - Error status returned: 1
INFO: [main] edu.cmu.pslc.learnsphere.transform.copycovariate.CopyCovariateMain 22 Oct 2017 21:39:57,475 - Added file: C:\Users\ppavl\Documents\NetBeansProjects\WorkflowComponents\CopyCovariate\test\ComponentTestOutput\output\transaction file with added features.txt
INFO: [main] edu.cmu.pslc.learnsphere.transform.copycovariate.CopyCovariateMain 22 Oct 2017 21:40:39,467 - Command-line args: [-componentXmlFile, C:\Users\ppavl\Documents\NetBeansProjects\WorkflowComponents\CopyCovariate/test/components/CopyCovariate_component.xml, -workflowDir, C:\Users\ppavl\Documents\NetBeansProjects\WorkflowComponents\CopyCovariate/test/, -toolDir, C:\Users\ppavl\Documents\NetBeansProjects\WorkflowComponents\CopyCovariate/, -schemaFile, C:\Users\ppavl\Documents\NetBeansProjects\WorkflowComponents\CopyCovariate/schemas/CopyCovariate_v1_0.xsd]
INFO: [main] edu.cmu.pslc.learnsphere.transform.copycovariate.CopyCovariateMain 22 Oct 2017 21:40:39,469 - Initializing workflow component.
INFO: [main] edu.cmu.pslc.datashop.servlet.workflows.WorkflowHelper 22 Oct 2017 21:40:39,580 - Reading C:\Users\ppavl\Documents\NetBeansProjects\WorkflowComponents\CopyCovariate/test/components/CopyCovariate_component.xml
INFO: [main] edu.cmu.pslc.datashop.servlet.workflows.WorkflowHelper 22 Oct 2017 21:40:39,581 - File absolute path: C:\Users\ppavl\Documents\NetBeansProjects\WorkflowComponents\CopyCovariate\test\components\CopyCovariate_component.xml
INFO: [main] edu.cmu.pslc.datashop.servlet.workflows.WorkflowHelper 22 Oct 2017 21:40:39,581 - File canonical path: C:\Users\ppavl\Documents\NetBeansProjects\WorkflowComponents\CopyCovariate\test\components\CopyCovariate_component.xml
INFO: [main] edu.cmu.pslc.learnsphere.transform.copycovariate.CopyCovariateMain 22 Oct 2017 21:40:39,597 - Initializing component options.
INFO: [main] edu.cmu.pslc.learnsphere.transform.copycovariate.CopyCovariateMain 22 Oct 2017 21:40:39,597 - Using existing options.
INFO: [main] edu.cmu.pslc.learnsphere.transform.copycovariate.CopyCovariateMain 22 Oct 2017 21:40:39,660 - Processing Options
INFO: [main] edu.cmu.pslc.learnsphere.transform.copycovariate.CopyCovariateMain 22 Oct 2017 21:40:39,662 - Validating workflow component.
INFO: [main] edu.cmu.pslc.learnsphere.transform.copycovariate.CopyCovariateMain 22 Oct 2017 21:40:39,885 - Testing workflow component.
INFO: [main] edu.cmu.pslc.learnsphere.transform.copycovariate.CopyCovariateMain 22 Oct 2017 21:40:39,885 - Executing workflow component.
INFO: [main] edu.cmu.pslc.learnsphere.transform.copycovariate.CopyCovariateMain 22 Oct 2017 21:40:39,974 - Executing process: [C:\Program, Files\R\R-3.4.2\bin\Rscript.exe, C:/Users/ppavl/Documents/NetBeansProjects/WorkflowComponents/CopyCovariate/program/CopyCovariate.R, -programDir, C:/Users/ppavl/Documents/NetBeansProjects/WorkflowComponents/CopyCovariate/, -workingDir, C:\Users\ppavl\Documents\NetBeansProjects\WorkflowComponents\CopyCovariate/test/ComponentTestOutput/output/, -file0, "C:/Users/ppavl/Documents/NetBeansProjects/WorkflowComponents/CopyCovariate/test/transactions/ds1465_tx_All_Data_64_2016_0720_222352short.txt", -file1, "C:/Users/ppavl/Documents/NetBeansProjects/WorkflowComponents/CopyCovariate/test/testdata/created file.txt"]
INFO: [main] edu.cmu.pslc.learnsphere.transform.copycovariate.CopyCovariateMain 22 Oct 2017 21:40:40,553 - Added file: C:\Users\ppavl\Documents\NetBeansProjects\WorkflowComponents\CopyCovariate\test\ComponentTestOutput\output\transaction file with added features.txt
INFO: [main] edu.cmu.pslc.datashop.servlet.workflows.WorkflowHelper 22 Oct 2017 21:40:40,562 - First line: Row	Sample Name	Transaction Id	Anon Student Id	Session Id	Time	Time Zone	Duration (sec)	Student Response Type	Student Response Subtype	Tutor Response Type	Tutor Response Subtype	Level (Unit)	Level (Unitname)	Problem Name	Problem View	Problem Start Time	Step Name	Attempt At Step	Is Last Attempt	Outcome	Selection	Action	Input	Feedback Text	Feedback Classification	Help Level	Total Num Hints	Condition Name	Condition Type	Condition Name	Condition Type	Condition Name	Condition Type	Condition Name	Condition Type	KC (Default)	KC Category (Default)	KC (Cluster)	KC Category (Cluster)	KC (Single-KC)	KC Category (Single-KC)	KC (Unique-step)	KC Category (Unique-step)	KC (Item Model)	KC Category (Item Model)	School	Class	CF (Correct Answer)	CF (Display Order)	CF (End Latency)	CF (Note)	CF (Response Time)	CF (Review Latency)	CF (Set Shuffled Index)	CF (Start Latency)	CF (Stim File Index)	CF (Stimulus Version)	CF (Covariate)
INFO: [main] edu.cmu.pslc.datashop.servlet.workflows.WorkflowHelper 22 Oct 2017 21:40:40,562 - Delim: 	
INFO: [main] edu.cmu.pslc.learnsphere.transform.copycovariate.CopyCovariateMain 22 Oct 2017 21:42:06,000 - Command-line args: [-componentXmlFile, C:\Users\ppavl\Documents\NetBeansProjects\WorkflowComponents\CopyCovariate/test/components/CopyCovariate_component.xml, -workflowDir, C:\Users\ppavl\Documents\NetBeansProjects\WorkflowComponents\CopyCovariate/test/, -toolDir, C:\Users\ppavl\Documents\NetBeansProjects\WorkflowComponents\CopyCovariate/, -schemaFile, C:\Users\ppavl\Documents\NetBeansProjects\WorkflowComponents\CopyCovariate/schemas/CopyCovariate_v1_0.xsd]
INFO: [main] edu.cmu.pslc.learnsphere.transform.copycovariate.CopyCovariateMain 22 Oct 2017 21:42:06,003 - Initializing workflow component.
INFO: [main] edu.cmu.pslc.datashop.servlet.workflows.WorkflowHelper 22 Oct 2017 21:42:06,099 - Reading C:\Users\ppavl\Documents\NetBeansProjects\WorkflowComponents\CopyCovariate/test/components/CopyCovariate_component.xml
INFO: [main] edu.cmu.pslc.datashop.servlet.workflows.WorkflowHelper 22 Oct 2017 21:42:06,100 - File absolute path: C:\Users\ppavl\Documents\NetBeansProjects\WorkflowComponents\CopyCovariate\test\components\CopyCovariate_component.xml
INFO: [main] edu.cmu.pslc.datashop.servlet.workflows.WorkflowHelper 22 Oct 2017 21:42:06,100 - File canonical path: C:\Users\ppavl\Documents\NetBeansProjects\WorkflowComponents\CopyCovariate\test\components\CopyCovariate_component.xml
INFO: [main] edu.cmu.pslc.learnsphere.transform.copycovariate.CopyCovariateMain 22 Oct 2017 21:42:06,117 - Initializing component options.
INFO: [main] edu.cmu.pslc.learnsphere.transform.copycovariate.CopyCovariateMain 22 Oct 2017 21:42:06,117 - Using existing options.
INFO: [main] edu.cmu.pslc.learnsphere.transform.copycovariate.CopyCovariateMain 22 Oct 2017 21:42:06,181 - Processing Options
INFO: [main] edu.cmu.pslc.learnsphere.transform.copycovariate.CopyCovariateMain 22 Oct 2017 21:42:06,183 - Validating workflow component.
INFO: [main] edu.cmu.pslc.learnsphere.transform.copycovariate.CopyCovariateMain 22 Oct 2017 21:42:06,415 - Testing workflow component.
INFO: [main] edu.cmu.pslc.learnsphere.transform.copycovariate.CopyCovariateMain 22 Oct 2017 21:42:06,415 - Executing workflow component.
INFO: [main] edu.cmu.pslc.learnsphere.transform.copycovariate.CopyCovariateMain 22 Oct 2017 21:42:06,509 - Executing process: [C:\Program, Files\R\R-3.4.2\bin\Rscript.exe, C:/Users/ppavl/Documents/NetBeansProjects/WorkflowComponents/CopyCovariate/program/CopyCovariate.R, -programDir, C:/Users/ppavl/Documents/NetBeansProjects/WorkflowComponents/CopyCovariate/, -workingDir, C:\Users\ppavl\Documents\NetBeansProjects\WorkflowComponents\CopyCovariate/test/ComponentTestOutput/output/, -file0, "C:/Users/ppavl/Documents/NetBeansProjects/WorkflowComponents/CopyCovariate/test/transactions/ds1465_tx_All_Data_64_2016_0720_222352short.txt", -file1, "C:/Users/ppavl/Documents/NetBeansProjects/WorkflowComponents/CopyCovariate/test/testdata/created file.txt"]
INFO: [main] edu.cmu.pslc.learnsphere.transform.copycovariate.CopyCovariateMain 22 Oct 2017 21:42:07,081 - Added file: C:\Users\ppavl\Documents\NetBeansProjects\WorkflowComponents\CopyCovariate\test\ComponentTestOutput\output\transaction file with added features.txt
INFO: [main] edu.cmu.pslc.datashop.servlet.workflows.WorkflowHelper 22 Oct 2017 21:42:07,091 - First line: Row	Sample Name	Transaction Id	Anon Student Id	Session Id	Time	Time Zone	Duration (sec)	Student Response Type	Student Response Subtype	Tutor Response Type	Tutor Response Subtype	Level (Unit)	Level (Unitname)	Problem Name	Problem View	Problem Start Time	Step Name	Attempt At Step	Is Last Attempt	Outcome	Selection	Action	Input	Feedback Text	Feedback Classification	Help Level	Total Num Hints	Condition Name	Condition Type	Condition Name	Condition Type	Condition Name	Condition Type	Condition Name	Condition Type	KC (Default)	KC Category (Default)	KC (Cluster)	KC Category (Cluster)	KC (Single-KC)	KC Category (Single-KC)	KC (Unique-step)	KC Category (Unique-step)	KC (Item Model)	KC Category (Item Model)	School	Class	CF (Correct Answer)	CF (Display Order)	CF (End Latency)	CF (Note)	CF (Response Time)	CF (Review Latency)	CF (Set Shuffled Index)	CF (Start Latency)	CF (Stim File Index)	CF (Stimulus Version)	CF (Covariate)
INFO: [main] edu.cmu.pslc.datashop.servlet.workflows.WorkflowHelper 22 Oct 2017 21:42:07,091 - Delim: 	
INFO: [main] edu.cmu.pslc.learnsphere.transform.copycovariate.CopyCovariateMain 22 Oct 2017 21:42:48,645 - Command-line args: [-componentXmlFile, C:\Users\ppavl\Documents\NetBeansProjects\WorkflowComponents\CopyCovariate/test/components/CopyCovariate_component.xml, -workflowDir, C:\Users\ppavl\Documents\NetBeansProjects\WorkflowComponents\CopyCovariate/test/, -toolDir, C:\Users\ppavl\Documents\NetBeansProjects\WorkflowComponents\CopyCovariate/, -schemaFile, C:\Users\ppavl\Documents\NetBeansProjects\WorkflowComponents\CopyCovariate/schemas/CopyCovariate_v1_0.xsd]
INFO: [main] edu.cmu.pslc.learnsphere.transform.copycovariate.CopyCovariateMain 22 Oct 2017 21:42:48,647 - Initializing workflow component.
INFO: [main] edu.cmu.pslc.datashop.servlet.workflows.WorkflowHelper 22 Oct 2017 21:42:48,747 - Reading C:\Users\ppavl\Documents\NetBeansProjects\WorkflowComponents\CopyCovariate/test/components/CopyCovariate_component.xml
INFO: [main] edu.cmu.pslc.datashop.servlet.workflows.WorkflowHelper 22 Oct 2017 21:42:48,747 - File absolute path: C:\Users\ppavl\Documents\NetBeansProjects\WorkflowComponents\CopyCovariate\test\components\CopyCovariate_component.xml
INFO: [main] edu.cmu.pslc.datashop.servlet.workflows.WorkflowHelper 22 Oct 2017 21:42:48,748 - File canonical path: C:\Users\ppavl\Documents\NetBeansProjects\WorkflowComponents\CopyCovariate\test\components\CopyCovariate_component.xml
INFO: [main] edu.cmu.pslc.learnsphere.transform.copycovariate.CopyCovariateMain 22 Oct 2017 21:42:48,763 - Initializing component options.
INFO: [main] edu.cmu.pslc.learnsphere.transform.copycovariate.CopyCovariateMain 22 Oct 2017 21:42:48,763 - Using existing options.
INFO: [main] edu.cmu.pslc.learnsphere.transform.copycovariate.CopyCovariateMain 22 Oct 2017 21:42:48,820 - Processing Options
INFO: [main] edu.cmu.pslc.learnsphere.transform.copycovariate.CopyCovariateMain 22 Oct 2017 21:42:48,822 - Validating workflow component.
INFO: [main] edu.cmu.pslc.learnsphere.transform.copycovariate.CopyCovariateMain 22 Oct 2017 21:42:49,054 - Testing workflow component.
INFO: [main] edu.cmu.pslc.learnsphere.transform.copycovariate.CopyCovariateMain 22 Oct 2017 21:42:49,054 - Executing workflow component.
INFO: [main] edu.cmu.pslc.learnsphere.transform.copycovariate.CopyCovariateMain 22 Oct 2017 21:42:49,171 - Executing process: [C:\Program, Files\R\R-3.4.2\bin\Rscript.exe, C:/Users/ppavl/Documents/NetBeansProjects/WorkflowComponents/CopyCovariate/program/CopyCovariate.R, -programDir, C:/Users/ppavl/Documents/NetBeansProjects/WorkflowComponents/CopyCovariate/, -workingDir, C:\Users\ppavl\Documents\NetBeansProjects\WorkflowComponents\CopyCovariate/test/ComponentTestOutput/output/, -file0, "C:/Users/ppavl/Documents/NetBeansProjects/WorkflowComponents/CopyCovariate/test/transactions/ds1465_tx_All_Data_64_2016_0720_222352short.txt", -file1, "C:/Users/ppavl/Documents/NetBeansProjects/WorkflowComponents/CopyCovariate/test/testdata/created file.txt"]
INFO: [main] edu.cmu.pslc.learnsphere.transform.copycovariate.CopyCovariateMain 22 Oct 2017 21:42:49,836 - Added file: C:\Users\ppavl\Documents\NetBeansProjects\WorkflowComponents\CopyCovariate\test\ComponentTestOutput\output\transaction file with added features.txt
INFO: [main] edu.cmu.pslc.datashop.servlet.workflows.WorkflowHelper 22 Oct 2017 21:42:49,845 - First line: Row	Sample Name	Transaction Id	Anon Student Id	Session Id	Time	Time Zone	Duration (sec)	Student Response Type	Student Response Subtype	Tutor Response Type	Tutor Response Subtype	Level (Unit)	Level (Unitname)	Problem Name	Problem View	Problem Start Time	Step Name	Attempt At Step	Is Last Attempt	Outcome	Selection	Action	Input	Feedback Text	Feedback Classification	Help Level	Total Num Hints	Condition Name	Condition Type	Condition Name	Condition Type	Condition Name	Condition Type	Condition Name	Condition Type	KC (Default)	KC Category (Default)	KC (Cluster)	KC Category (Cluster)	KC (Single-KC)	KC Category (Single-KC)	KC (Unique-step)	KC Category (Unique-step)	KC (Item Model)	KC Category (Item Model)	School	Class	CF (Correct Answer)	CF (Display Order)	CF (End Latency)	CF (Note)	CF (Response Time)	CF (Review Latency)	CF (Set Shuffled Index)	CF (Start Latency)	CF (Stim File Index)	CF (Stimulus Version)	CF (Covariate)
INFO: [main] edu.cmu.pslc.datashop.servlet.workflows.WorkflowHelper 22 Oct 2017 21:42:49,845 - Delim: 	
INFO: [main] edu.cmu.pslc.learnsphere.transform.copycovariate.CopyCovariateMain 23 Oct 2017 12:49:20,373 - Command-line args: [-componentXmlFile, C:\Users\ppavl\Documents\NetBeansProjects\WorkflowComponents\CopyCovariate/test/components/CopyCovariate_component.xml, -workflowDir, C:\Users\ppavl\Documents\NetBeansProjects\WorkflowComponents\CopyCovariate/test/, -toolDir, C:\Users\ppavl\Documents\NetBeansProjects\WorkflowComponents\CopyCovariate/, -schemaFile, C:\Users\ppavl\Documents\NetBeansProjects\WorkflowComponents\CopyCovariate/schemas/CopyCovariate_v1_0.xsd]
INFO: [main] edu.cmu.pslc.learnsphere.transform.copycovariate.CopyCovariateMain 23 Oct 2017 12:49:20,374 - Initializing workflow component.
INFO: [main] edu.cmu.pslc.datashop.servlet.workflows.WorkflowHelper 23 Oct 2017 12:49:20,468 - Reading C:\Users\ppavl\Documents\NetBeansProjects\WorkflowComponents\CopyCovariate/test/components/CopyCovariate_component.xml
INFO: [main] edu.cmu.pslc.datashop.servlet.workflows.WorkflowHelper 23 Oct 2017 12:49:20,468 - File absolute path: C:\Users\ppavl\Documents\NetBeansProjects\WorkflowComponents\CopyCovariate\test\components\CopyCovariate_component.xml
INFO: [main] edu.cmu.pslc.datashop.servlet.workflows.WorkflowHelper 23 Oct 2017 12:49:20,468 - File canonical path: C:\Users\ppavl\Documents\NetBeansProjects\WorkflowComponents\CopyCovariate\test\components\CopyCovariate_component.xml
INFO: [main] edu.cmu.pslc.learnsphere.transform.copycovariate.CopyCovariateMain 23 Oct 2017 12:49:20,482 - Initializing component options.
INFO: [main] edu.cmu.pslc.learnsphere.transform.copycovariate.CopyCovariateMain 23 Oct 2017 12:49:20,482 - Using existing options.
INFO: [main] edu.cmu.pslc.learnsphere.transform.copycovariate.CopyCovariateMain 23 Oct 2017 12:49:20,537 - Processing Options
INFO: [main] edu.cmu.pslc.learnsphere.transform.copycovariate.CopyCovariateMain 23 Oct 2017 12:49:20,539 - Validating workflow component.
INFO: [main] edu.cmu.pslc.learnsphere.transform.copycovariate.CopyCovariateMain 23 Oct 2017 12:49:20,722 - Testing workflow component.
INFO: [main] edu.cmu.pslc.learnsphere.transform.copycovariate.CopyCovariateMain 23 Oct 2017 12:49:20,722 - Executing workflow component.
INFO: [main] edu.cmu.pslc.learnsphere.transform.copycovariate.CopyCovariateMain 23 Oct 2017 12:49:20,784 - Executing process: [C:\Program, Files\R\R-3.4.2\bin\Rscript.exe, C:/Users/ppavl/Documents/NetBeansProjects/WorkflowComponents/CopyCovariate/program/CopyCovariate.R, -programDir, C:/Users/ppavl/Documents/NetBeansProjects/WorkflowComponents/CopyCovariate/, -workingDir, C:\Users\ppavl\Documents\NetBeansProjects\WorkflowComponents\CopyCovariate/test/ComponentTestOutput/output/, -file0, "C:/Users/ppavl/Documents/NetBeansProjects/WorkflowComponents/CopyCovariate/test/transactions/ds1465_tx_All_Data_64_2016_0720_222352short.txt", -file1, "C:/Users/ppavl/Documents/NetBeansProjects/WorkflowComponents/CopyCovariate/test/testdata/created file.txt"]
INFO: [main] edu.cmu.pslc.learnsphere.transform.copycovariate.CopyCovariateMain 23 Oct 2017 12:49:21,200 - Added file: C:\Users\ppavl\Documents\NetBeansProjects\WorkflowComponents\CopyCovariate\test\ComponentTestOutput\output\transaction file with added features.txt
INFO: [main] edu.cmu.pslc.datashop.servlet.workflows.WorkflowHelper 23 Oct 2017 12:49:21,209 - First line: Row	Sample Name	Transaction Id	Anon Student Id	Session Id	Time	Time Zone	Duration (sec)	Student Response Type	Student Response Subtype	Tutor Response Type	Tutor Response Subtype	Level (Unit)	Level (Unitname)	Problem Name	Problem View	Problem Start Time	Step Name	Attempt At Step	Is Last Attempt	Outcome	Selection	Action	Input	Feedback Text	Feedback Classification	Help Level	Total Num Hints	Condition Name	Condition Type	Condition Name	Condition Type	Condition Name	Condition Type	Condition Name	Condition Type	KC (Default)	KC Category (Default)	KC (Cluster)	KC Category (Cluster)	KC (Single-KC)	KC Category (Single-KC)	KC (Unique-step)	KC Category (Unique-step)	KC (Item Model)	KC Category (Item Model)	School	Class	CF (Correct Answer)	CF (Display Order)	CF (End Latency)	CF (Note)	CF (Response Time)	CF (Review Latency)	CF (Set Shuffled Index)	CF (Start Latency)	CF (Stim File Index)	CF (Stimulus Version)	CF (Covariate)
INFO: [main] edu.cmu.pslc.datashop.servlet.workflows.WorkflowHelper 23 Oct 2017 12:49:21,209 - Delim: 	
