INFO: [main] edu.cmu.pslc.learnsphere.analysis.emd.EMDMain 09 Apr 2018 17:25:50,283 - Command-line args: [-componentXmlFile, C:\Users\AlRousan\Documents\NetBeansProjects\WorkflowComponents\AnalysisEMD/test/components/EMD_component_example.xml, -workflowDir, C:\Users\AlRousan\Documents\NetBeansProjects\WorkflowComponents\AnalysisEMD/test/, -toolDir, C:\Users\AlRousan\Documents\NetBeansProjects\WorkflowComponents\AnalysisEMD/, -schemaFile, C:\Users\AlRousan\Documents\NetBeansProjects\WorkflowComponents\AnalysisEMD/schemas/AnalysisEMD_v1_0.xsd]
INFO: [main] edu.cmu.pslc.learnsphere.analysis.emd.EMDMain 09 Apr 2018 17:25:50,283 - Initializing workflow component.
INFO: [main] edu.cmu.pslc.datashop.servlet.workflows.WorkflowHelper 09 Apr 2018 17:25:50,367 - Reading C:\Users\AlRousan\Documents\NetBeansProjects\WorkflowComponents\AnalysisEMD/test/components/EMD_component_example.xml
INFO: [main] edu.cmu.pslc.datashop.servlet.workflows.WorkflowHelper 09 Apr 2018 17:25:50,382 - File absolute path: C:\Users\AlRousan\Documents\NetBeansProjects\WorkflowComponents\AnalysisEMD\test\components\EMD_component_example.xml
INFO: [main] edu.cmu.pslc.datashop.servlet.workflows.WorkflowHelper 09 Apr 2018 17:25:50,382 - File canonical path: C:\Users\AlRousan\Documents\NetBeansProjects\WorkflowComponents\AnalysisEMD\test\components\EMD_component_example.xml
INFO: [main] edu.cmu.pslc.learnsphere.analysis.emd.EMDMain 09 Apr 2018 17:25:50,393 - Initializing component options.
INFO: [main] edu.cmu.pslc.learnsphere.analysis.emd.EMDMain 09 Apr 2018 17:25:50,393 - Using existing component options.
INFO: [main] edu.cmu.pslc.learnsphere.analysis.emd.EMDMain 09 Apr 2018 17:25:50,441 - Processing Options
INFO: [main] edu.cmu.pslc.learnsphere.analysis.emd.EMDMain 09 Apr 2018 17:25:50,441 - Validating workflow component.
INFO: [main] edu.cmu.pslc.learnsphere.analysis.emd.EMDMain 09 Apr 2018 17:25:50,578 - Testing workflow component.
INFO: [main] edu.cmu.pslc.learnsphere.analysis.emd.EMDMain 09 Apr 2018 17:25:50,578 - Executing workflow component.
INFO: [main] edu.cmu.pslc.learnsphere.analysis.emd.EMDMain 09 Apr 2018 17:25:50,625 - Executing process: [C:\Program, Files\R\R-3.4.3\bin\x64\Rscript.exe, C:/Users/AlRousan/Documents/NetBeansProjects/WorkflowComponents/AnalysisEMD/program/EDM-Rcode.R, -programDir, C:/Users/AlRousan/Documents/NetBeansProjects/WorkflowComponents/AnalysisEMD/, -workingDir, C:\Users\AlRousan\Documents\NetBeansProjects\WorkflowComponents\AnalysisEMD/test/ComponentTestOutput/output/, -header1, "Anon.Student.Id", -header2, "KC..Unique.step.", -header3, "Duration..sec.", -header4, "Outcome", -file0, C:/Users/AlRousan/Documents/NetBeansProjects/WorkflowComponents/AnalysisEMD/test/example_transactions/data.txt]
INFO: [main] edu.cmu.pslc.learnsphere.analysis.emd.EMDMain 09 Apr 2018 17:31:25,745 - Command-line args: [-componentXmlFile, C:\Users\AlRousan\Documents\NetBeansProjects\WorkflowComponents\AnalysisEMD/test/components/EMD_component_example.xml, -workflowDir, C:\Users\AlRousan\Documents\NetBeansProjects\WorkflowComponents\AnalysisEMD/test/, -toolDir, C:\Users\AlRousan\Documents\NetBeansProjects\WorkflowComponents\AnalysisEMD/, -schemaFile, C:\Users\AlRousan\Documents\NetBeansProjects\WorkflowComponents\AnalysisEMD/schemas/AnalysisEMD_v1_0.xsd]
INFO: [main] edu.cmu.pslc.learnsphere.analysis.emd.EMDMain 09 Apr 2018 17:31:25,745 - Initializing workflow component.
INFO: [main] edu.cmu.pslc.datashop.servlet.workflows.WorkflowHelper 09 Apr 2018 17:31:25,846 - Reading C:\Users\AlRousan\Documents\NetBeansProjects\WorkflowComponents\AnalysisEMD/test/components/EMD_component_example.xml
INFO: [main] edu.cmu.pslc.datashop.servlet.workflows.WorkflowHelper 09 Apr 2018 17:31:25,846 - File absolute path: C:\Users\AlRousan\Documents\NetBeansProjects\WorkflowComponents\AnalysisEMD\test\components\EMD_component_example.xml
INFO: [main] edu.cmu.pslc.datashop.servlet.workflows.WorkflowHelper 09 Apr 2018 17:31:25,846 - File canonical path: C:\Users\AlRousan\Documents\NetBeansProjects\WorkflowComponents\AnalysisEMD\test\components\EMD_component_example.xml
INFO: [main] edu.cmu.pslc.learnsphere.analysis.emd.EMDMain 09 Apr 2018 17:31:25,862 - Initializing component options.
INFO: [main] edu.cmu.pslc.learnsphere.analysis.emd.EMDMain 09 Apr 2018 17:31:25,862 - Using existing component options.
INFO: [main] edu.cmu.pslc.learnsphere.analysis.emd.EMDMain 09 Apr 2018 17:31:25,909 - Processing Options
INFO: [main] edu.cmu.pslc.learnsphere.analysis.emd.EMDMain 09 Apr 2018 17:31:25,909 - Validating workflow component.
INFO: [main] edu.cmu.pslc.learnsphere.analysis.emd.EMDMain 09 Apr 2018 17:31:26,047 - Testing workflow component.
INFO: [main] edu.cmu.pslc.learnsphere.analysis.emd.EMDMain 09 Apr 2018 17:31:26,047 - Executing workflow component.
INFO: [main] edu.cmu.pslc.learnsphere.analysis.emd.EMDMain 09 Apr 2018 17:31:26,113 - Executing process: [C:\Program, Files\R\R-3.4.3\bin\x64\Rscript.exe, C:/Users/AlRousan/Documents/NetBeansProjects/WorkflowComponents/AnalysisEMD/program/EDM-Rcode.R, -programDir, C:/Users/AlRousan/Documents/NetBeansProjects/WorkflowComponents/AnalysisEMD/, -workingDir, C:\Users\AlRousan\Documents\NetBeansProjects\WorkflowComponents\AnalysisEMD/test/ComponentTestOutput/output/, -header1, "Anon.Student.Id", -header2, "KC..Unique.step.", -header3, "Duration..sec.", -header4, "Outcome", -file0, C:/Users/AlRousan/Documents/NetBeansProjects/WorkflowComponents/AnalysisEMD/test/example_transactions/data.txt]
