INFO: [main] edu.cmu.pslc.learnsphere.analysis.graphit.GraphitMain 13 Feb 2018 18:16:36,812 - Command-line args: [-componentXmlFile, C:\Users\AlRousan\Documents\NetBeansProjects\WorkflowComponents\AnalysisGraphit/test/components/Graphit_component_example.xml, -workflowDir, C:\Users\AlRousan\Documents\NetBeansProjects\WorkflowComponents\AnalysisGraphit/test/, -toolDir, C:\Users\AlRousan\Documents\NetBeansProjects\WorkflowComponents\AnalysisGraphit/, -schemaFile, C:\Users\AlRousan\Documents\NetBeansProjects\WorkflowComponents\AnalysisGraphit/schemas/AnalysisGraphit_v1_0.xsd]
INFO: [main] edu.cmu.pslc.learnsphere.analysis.graphit.GraphitMain 13 Feb 2018 18:16:36,812 - Initializing workflow component.
INFO: [main] edu.cmu.pslc.datashop.servlet.workflows.WorkflowHelper 13 Feb 2018 18:16:36,906 - Reading C:\Users\AlRousan\Documents\NetBeansProjects\WorkflowComponents\AnalysisGraphit/test/components/Graphit_component_example.xml
INFO: [main] edu.cmu.pslc.datashop.servlet.workflows.WorkflowHelper 13 Feb 2018 18:16:36,906 - File absolute path: C:\Users\AlRousan\Documents\NetBeansProjects\WorkflowComponents\AnalysisGraphit\test\components\Graphit_component_example.xml
INFO: [main] edu.cmu.pslc.datashop.servlet.workflows.WorkflowHelper 13 Feb 2018 18:16:36,906 - File canonical path: C:\Users\AlRousan\Documents\NetBeansProjects\WorkflowComponents\AnalysisGraphit\test\components\Graphit_component_example.xml
INFO: [main] edu.cmu.pslc.learnsphere.analysis.graphit.GraphitMain 13 Feb 2018 18:16:36,921 - Initializing component options.
INFO: [main] edu.cmu.pslc.learnsphere.analysis.graphit.GraphitMain 13 Feb 2018 18:16:36,921 - Using existing options.
INFO: [main] edu.cmu.pslc.learnsphere.analysis.graphit.GraphitMain 13 Feb 2018 18:16:36,968 - Validating workflow component.
INFO: [main] edu.cmu.pslc.learnsphere.analysis.graphit.GraphitMain 13 Feb 2018 18:16:37,109 - Testing workflow component.
INFO: [main] edu.cmu.pslc.learnsphere.analysis.graphit.GraphitMain 13 Feb 2018 18:16:37,109 - Executing workflow component.
INFO: [main] edu.cmu.pslc.learnsphere.analysis.graphit.GraphitMain 13 Feb 2018 18:16:37,171 - Executing process: [C:\Program, Files\R\R-3.4.3\bin\x64\Rscript.exe, C:/Users/AlRousan/Documents/NetBeansProjects/WorkflowComponents/AnalysisGraphit/program/Graphit.R, -programDir, C:/Users/AlRousan/Documents/NetBeansProjects/WorkflowComponents/AnalysisGraphit/, -workingDir, C:\Users\AlRousan\Documents\NetBeansProjects\WorkflowComponents\AnalysisGraphit/test/ComponentTestOutput/output/, -file0, C:/Users/AlRousan/Documents/NetBeansProjects/WorkflowComponents/AnalysisGraphit/test/example_transactions/transaction_file_output.txt]
INFO: [main] edu.cmu.pslc.learnsphere.analysis.graphit.GraphitMain 21 Mar 2018 11:46:14,552 - Command-line args: [-componentXmlFile, C:\Users\AlRousan\Documents\NetBeansProjects\WorkflowComponents\AnalysisGraphit/test/components/Graphit_component_example.xml, -workflowDir, C:\Users\AlRousan\Documents\NetBeansProjects\WorkflowComponents\AnalysisGraphit/test/, -toolDir, C:\Users\AlRousan\Documents\NetBeansProjects\WorkflowComponents\AnalysisGraphit/, -schemaFile, C:\Users\AlRousan\Documents\NetBeansProjects\WorkflowComponents\AnalysisGraphit/schemas/AnalysisGraphit_v1_0.xsd]
INFO: [main] edu.cmu.pslc.learnsphere.analysis.graphit.GraphitMain 21 Mar 2018 11:46:14,553 - Initializing workflow component.
INFO: [main] edu.cmu.pslc.datashop.servlet.workflows.WorkflowHelper 21 Mar 2018 11:46:14,678 - Reading C:\Users\AlRousan\Documents\NetBeansProjects\WorkflowComponents\AnalysisGraphit/test/components/Graphit_component_example.xml
INFO: [main] edu.cmu.pslc.datashop.servlet.workflows.WorkflowHelper 21 Mar 2018 11:46:14,681 - File absolute path: C:\Users\AlRousan\Documents\NetBeansProjects\WorkflowComponents\AnalysisGraphit\test\components\Graphit_component_example.xml
INFO: [main] edu.cmu.pslc.datashop.servlet.workflows.WorkflowHelper 21 Mar 2018 11:46:14,681 - File canonical path: C:\Users\AlRousan\Documents\NetBeansProjects\WorkflowComponents\AnalysisGraphit\test\components\Graphit_component_example.xml
INFO: [main] edu.cmu.pslc.learnsphere.analysis.graphit.GraphitMain 21 Mar 2018 11:46:14,698 - Initializing component options.
INFO: [main] edu.cmu.pslc.learnsphere.analysis.graphit.GraphitMain 21 Mar 2018 11:46:14,698 - Using existing options.
INFO: [main] edu.cmu.pslc.learnsphere.analysis.graphit.GraphitMain 21 Mar 2018 11:46:14,777 - Validating workflow component.
INFO: [main] edu.cmu.pslc.learnsphere.analysis.graphit.GraphitMain 21 Mar 2018 11:46:14,960 - Testing workflow component.
INFO: [main] edu.cmu.pslc.learnsphere.analysis.graphit.GraphitMain 21 Mar 2018 11:46:14,960 - Executing workflow component.
INFO: [main] edu.cmu.pslc.learnsphere.analysis.graphit.GraphitMain 21 Mar 2018 11:46:15,026 - Executing process: [C:\Program, Files\R\R-3.4.3\bin\x64\Rscript.exe, C:/Users/AlRousan/Documents/NetBeansProjects/WorkflowComponents/AnalysisGraphit/program/Graphit.R, -programDir, C:/Users/AlRousan/Documents/NetBeansProjects/WorkflowComponents/AnalysisGraphit/, -workingDir, C:\Users\AlRousan\Documents\NetBeansProjects\WorkflowComponents\AnalysisGraphit/test/ComponentTestOutput/output/, -file0, C:/Users/AlRousan/Documents/NetBeansProjects/WorkflowComponents/AnalysisGraphit/test/example_transactions/transaction_file_output.txt]
INFO: [main] edu.cmu.pslc.datashop.servlet.workflows.WorkflowHelper 21 Mar 2018 11:49:23,958 - First line: [1] "Hello"
INFO: [main] edu.cmu.pslc.datashop.servlet.workflows.WorkflowHelper 21 Mar 2018 11:49:23,959 - Delim: 	
INFO: [main] edu.cmu.pslc.learnsphere.analysis.graphit.GraphitMain 21 May 2018 00:09:49,195 - Command-line args: [-componentXmlFile, C:\Users\AlRousan\Documents\NetBeansProjects\WorkflowComponents2\AnalysisGraphit/test/components/Graphit_component_example.xml, -workflowDir, C:\Users\AlRousan\Documents\NetBeansProjects\WorkflowComponents2\AnalysisGraphit/test/, -toolDir, C:\Users\AlRousan\Documents\NetBeansProjects\WorkflowComponents2\AnalysisGraphit/, -schemaFile, C:\Users\AlRousan\Documents\NetBeansProjects\WorkflowComponents2\AnalysisGraphit/schemas/AnalysisGraphit_v1_0.xsd]
INFO: [main] edu.cmu.pslc.learnsphere.analysis.graphit.GraphitMain 21 May 2018 00:09:49,196 - Initializing workflow component.
INFO: [main] edu.cmu.pslc.datashop.servlet.workflows.WorkflowHelper 21 May 2018 00:09:49,321 - Reading C:\Users\AlRousan\Documents\NetBeansProjects\WorkflowComponents2\AnalysisGraphit/test/components/Graphit_component_example.xml
INFO: [main] edu.cmu.pslc.datashop.servlet.workflows.WorkflowHelper 21 May 2018 00:09:49,323 - File absolute path: C:\Users\AlRousan\Documents\NetBeansProjects\WorkflowComponents2\AnalysisGraphit\test\components\Graphit_component_example.xml
INFO: [main] edu.cmu.pslc.datashop.servlet.workflows.WorkflowHelper 21 May 2018 00:09:49,324 - File canonical path: C:\Users\AlRousan\Documents\NetBeansProjects\WorkflowComponents2\AnalysisGraphit\test\components\Graphit_component_example.xml
INFO: [main] edu.cmu.pslc.learnsphere.analysis.graphit.GraphitMain 21 May 2018 00:09:49,336 - Initializing component options.
INFO: [main] edu.cmu.pslc.learnsphere.analysis.graphit.GraphitMain 21 May 2018 00:09:49,336 - Using existing component options.
INFO: [main] edu.cmu.pslc.learnsphere.analysis.graphit.GraphitMain 21 May 2018 00:09:49,410 - Validating workflow component.
INFO: [main] edu.cmu.pslc.learnsphere.analysis.graphit.GraphitMain 21 May 2018 00:09:49,563 - Testing workflow component.
INFO: [main] edu.cmu.pslc.learnsphere.analysis.graphit.GraphitMain 21 May 2018 00:09:49,563 - Executing workflow component.
INFO: [main] edu.cmu.pslc.learnsphere.analysis.graphit.GraphitMain 21 May 2018 00:09:49,564 - Executing process: [C:\Users\AlRousan\Documents\NetBeansProjects\WorkflowComponents2\AnalysisGraphit/null, -programDir, C:\Users\AlRousan\Documents\NetBeansProjects\WorkflowComponents2\AnalysisGraphit/, -workingDir, C:\Users\AlRousan\Documents\NetBeansProjects\WorkflowComponents2\AnalysisGraphit/test/ComponentTestOutput/output/, -header1, Level..Unitname., -header2, Anon.Student.Id, -header3, KC..Cluster., -header4, Level..Unit., -header5, Condition.Name.1, -header6, Condition.Name.2, -header7, Outcome, -header8, KC..Default., -header9, Time, -file0, C:\Users\AlRousan\Documents\NetBeansProjects\WorkflowComponents2\AnalysisGraphit\test\example_transactions\transaction_file_output.txt]
ERROR: [main] edu.cmu.pslc.learnsphere.analysis.graphit.GraphitMain 21 May 2018 00:09:49,565 - java.io.IOException: Cannot run program "C:\Users\AlRousan\Documents\NetBeansProjects\WorkflowComponents2\AnalysisGraphit/null" (in directory "C:\Users\AlRousan\Documents\NetBeansProjects\WorkflowComponents2\AnalysisGraphit\test\ComponentTestOutput\output"): CreateProcess error=2, The system cannot find the file specified
INFO: [main] edu.cmu.pslc.learnsphere.analysis.graphit.GraphitMain 21 May 2018 00:11:13,019 - Command-line args: [-componentXmlFile, C:\Users\AlRousan\Documents\NetBeansProjects\WorkflowComponents2\AnalysisGraphit/test/components/Graphit_component_example.xml, -workflowDir, C:\Users\AlRousan\Documents\NetBeansProjects\WorkflowComponents2\AnalysisGraphit/test/, -toolDir, C:\Users\AlRousan\Documents\NetBeansProjects\WorkflowComponents2\AnalysisGraphit/, -schemaFile, C:\Users\AlRousan\Documents\NetBeansProjects\WorkflowComponents2\AnalysisGraphit/schemas/AnalysisGraphit_v1_0.xsd]
INFO: [main] edu.cmu.pslc.learnsphere.analysis.graphit.GraphitMain 21 May 2018 00:11:13,021 - Initializing workflow component.
INFO: [main] edu.cmu.pslc.datashop.servlet.workflows.WorkflowHelper 21 May 2018 00:11:13,135 - Reading C:\Users\AlRousan\Documents\NetBeansProjects\WorkflowComponents2\AnalysisGraphit/test/components/Graphit_component_example.xml
INFO: [main] edu.cmu.pslc.datashop.servlet.workflows.WorkflowHelper 21 May 2018 00:11:13,138 - File absolute path: C:\Users\AlRousan\Documents\NetBeansProjects\WorkflowComponents2\AnalysisGraphit\test\components\Graphit_component_example.xml
INFO: [main] edu.cmu.pslc.datashop.servlet.workflows.WorkflowHelper 21 May 2018 00:11:13,138 - File canonical path: C:\Users\AlRousan\Documents\NetBeansProjects\WorkflowComponents2\AnalysisGraphit\test\components\Graphit_component_example.xml
INFO: [main] edu.cmu.pslc.learnsphere.analysis.graphit.GraphitMain 21 May 2018 00:11:13,153 - Initializing component options.
INFO: [main] edu.cmu.pslc.learnsphere.analysis.graphit.GraphitMain 21 May 2018 00:11:13,153 - Using existing component options.
INFO: [main] edu.cmu.pslc.learnsphere.analysis.graphit.GraphitMain 21 May 2018 00:11:13,231 - Validating workflow component.
INFO: [main] edu.cmu.pslc.learnsphere.analysis.graphit.GraphitMain 21 May 2018 00:11:13,384 - Testing workflow component.
INFO: [main] edu.cmu.pslc.learnsphere.analysis.graphit.GraphitMain 21 May 2018 00:11:13,384 - Executing workflow component.
INFO: [main] edu.cmu.pslc.learnsphere.analysis.graphit.GraphitMain 21 May 2018 00:11:13,386 - Executing process: [C:\Users\AlRousan\Documents\NetBeansProjects\WorkflowComponents2\AnalysisGraphit/null, -programDir, C:\Users\AlRousan\Documents\NetBeansProjects\WorkflowComponents2\AnalysisGraphit/, -workingDir, C:\Users\AlRousan\Documents\NetBeansProjects\WorkflowComponents2\AnalysisGraphit/test/ComponentTestOutput/output/, -header1, Level..Unitname., -header2, Anon.Student.Id, -header3, KC..Cluster., -header4, Level..Unit., -header5, Condition.Name.1, -header6, Condition.Name.2, -header7, Outcome, -header8, KC..Default., -header9, Time, -file0, C:\Users\AlRousan\Documents\NetBeansProjects\WorkflowComponents2\AnalysisGraphit\test\example_transactions\transaction_file_output.txt]
ERROR: [main] edu.cmu.pslc.learnsphere.analysis.graphit.GraphitMain 21 May 2018 00:11:13,386 - java.io.IOException: Cannot run program "C:\Users\AlRousan\Documents\NetBeansProjects\WorkflowComponents2\AnalysisGraphit/null" (in directory "C:\Users\AlRousan\Documents\NetBeansProjects\WorkflowComponents2\AnalysisGraphit\test\ComponentTestOutput\output"): CreateProcess error=2, The system cannot find the file specified
INFO: [main] edu.cmu.pslc.learnsphere.analysis.graphit.GraphitMain 21 May 2018 00:12:51,380 - Command-line args: [-componentXmlFile, C:\Users\AlRousan\Documents\NetBeansProjects\WorkflowComponents2\AnalysisGraphit/test/components/Graphit_component_example.xml, -workflowDir, C:\Users\AlRousan\Documents\NetBeansProjects\WorkflowComponents2\AnalysisGraphit/test/, -toolDir, C:\Users\AlRousan\Documents\NetBeansProjects\WorkflowComponents2\AnalysisGraphit/, -schemaFile, C:\Users\AlRousan\Documents\NetBeansProjects\WorkflowComponents2\AnalysisGraphit/schemas/AnalysisGraphit_v1_0.xsd]
INFO: [main] edu.cmu.pslc.learnsphere.analysis.graphit.GraphitMain 21 May 2018 00:12:51,380 - Initializing workflow component.
INFO: [main] edu.cmu.pslc.datashop.servlet.workflows.WorkflowHelper 21 May 2018 00:12:51,490 - Reading C:\Users\AlRousan\Documents\NetBeansProjects\WorkflowComponents2\AnalysisGraphit/test/components/Graphit_component_example.xml
INFO: [main] edu.cmu.pslc.datashop.servlet.workflows.WorkflowHelper 21 May 2018 00:12:51,492 - File absolute path: C:\Users\AlRousan\Documents\NetBeansProjects\WorkflowComponents2\AnalysisGraphit\test\components\Graphit_component_example.xml
INFO: [main] edu.cmu.pslc.datashop.servlet.workflows.WorkflowHelper 21 May 2018 00:12:51,492 - File canonical path: C:\Users\AlRousan\Documents\NetBeansProjects\WorkflowComponents2\AnalysisGraphit\test\components\Graphit_component_example.xml
INFO: [main] edu.cmu.pslc.learnsphere.analysis.graphit.GraphitMain 21 May 2018 00:12:51,502 - Initializing component options.
INFO: [main] edu.cmu.pslc.learnsphere.analysis.graphit.GraphitMain 21 May 2018 00:12:51,502 - Using existing component options.
INFO: [main] edu.cmu.pslc.learnsphere.analysis.graphit.GraphitMain 21 May 2018 00:12:51,569 - Validating workflow component.
INFO: [main] edu.cmu.pslc.learnsphere.analysis.graphit.GraphitMain 21 May 2018 00:12:51,712 - Testing workflow component.
INFO: [main] edu.cmu.pslc.learnsphere.analysis.graphit.GraphitMain 21 May 2018 00:12:51,712 - Executing workflow component.
INFO: [main] edu.cmu.pslc.learnsphere.analysis.graphit.GraphitMain 21 May 2018 00:12:51,713 - Executing process: [C:\Program, Files\R\R-3.4.3\bin\x64\Rscript.exe, C:\Users\AlRousan\Documents\NetBeansProjects\WorkflowComponents2\AnalysisGraphit/program/Graphit.R, -programDir, C:\Users\AlRousan\Documents\NetBeansProjects\WorkflowComponents2\AnalysisGraphit/, -workingDir, C:\Users\AlRousan\Documents\NetBeansProjects\WorkflowComponents2\AnalysisGraphit/test/ComponentTestOutput/output/, -header1, Level..Unitname., -header2, Anon.Student.Id, -header3, KC..Cluster., -header4, Level..Unit., -header5, Condition.Name.1, -header6, Condition.Name.2, -header7, Outcome, -header8, KC..Default., -header9, Time, -file0, C:\Users\AlRousan\Documents\NetBeansProjects\WorkflowComponents2\AnalysisGraphit\test\example_transactions\transaction_file_output.txt]
INFO: [main] edu.cmu.pslc.datashop.servlet.workflows.WorkflowHelper 21 May 2018 00:15:43,564 - First line: [1] "Hello"
INFO: [main] edu.cmu.pslc.datashop.servlet.workflows.WorkflowHelper 21 May 2018 00:15:43,564 - Delim: 	
INFO: [main] edu.cmu.pslc.learnsphere.analysis.graphit.GraphitMain 21 May 2018 00:17:43,554 - Command-line args: [-componentXmlFile, C:\Users\AlRousan\Documents\NetBeansProjects\WorkflowComponents2\AnalysisGraphit/test/components/Graphit_component_example.xml, -workflowDir, C:\Users\AlRousan\Documents\NetBeansProjects\WorkflowComponents2\AnalysisGraphit/test/, -toolDir, C:\Users\AlRousan\Documents\NetBeansProjects\WorkflowComponents2\AnalysisGraphit/, -schemaFile, C:\Users\AlRousan\Documents\NetBeansProjects\WorkflowComponents2\AnalysisGraphit/schemas/AnalysisGraphit_v1_0.xsd]
INFO: [main] edu.cmu.pslc.learnsphere.analysis.graphit.GraphitMain 21 May 2018 00:17:43,555 - Initializing workflow component.
INFO: [main] edu.cmu.pslc.datashop.servlet.workflows.WorkflowHelper 21 May 2018 00:17:43,660 - Reading C:\Users\AlRousan\Documents\NetBeansProjects\WorkflowComponents2\AnalysisGraphit/test/components/Graphit_component_example.xml
INFO: [main] edu.cmu.pslc.datashop.servlet.workflows.WorkflowHelper 21 May 2018 00:17:43,663 - File absolute path: C:\Users\AlRousan\Documents\NetBeansProjects\WorkflowComponents2\AnalysisGraphit\test\components\Graphit_component_example.xml
INFO: [main] edu.cmu.pslc.datashop.servlet.workflows.WorkflowHelper 21 May 2018 00:17:43,663 - File canonical path: C:\Users\AlRousan\Documents\NetBeansProjects\WorkflowComponents2\AnalysisGraphit\test\components\Graphit_component_example.xml
INFO: [main] edu.cmu.pslc.learnsphere.analysis.graphit.GraphitMain 21 May 2018 00:17:43,674 - Initializing component options.
INFO: [main] edu.cmu.pslc.learnsphere.analysis.graphit.GraphitMain 21 May 2018 00:17:43,674 - Using existing component options.
INFO: [main] edu.cmu.pslc.learnsphere.analysis.graphit.GraphitMain 21 May 2018 00:17:43,744 - Validating workflow component.
INFO: [main] edu.cmu.pslc.learnsphere.analysis.graphit.GraphitMain 21 May 2018 00:17:43,882 - Testing workflow component.
INFO: [main] edu.cmu.pslc.learnsphere.analysis.graphit.GraphitMain 21 May 2018 00:17:43,883 - Executing workflow component.
INFO: [main] edu.cmu.pslc.learnsphere.analysis.graphit.GraphitMain 21 May 2018 00:17:43,885 - Executing process: [C:\Program, Files\R\R-3.4.3\bin\x64\Rscript.exe, C:\Users\AlRousan\Documents\NetBeansProjects\WorkflowComponents2\AnalysisGraphit/program/Graphit.R, -programDir, C:\Users\AlRousan\Documents\NetBeansProjects\WorkflowComponents2\AnalysisGraphit/, -workingDir, C:\Users\AlRousan\Documents\NetBeansProjects\WorkflowComponents2\AnalysisGraphit/test/ComponentTestOutput/output/, -header1, Level..Unitname., -header2, Anon.Student.Id, -header3, KC..Cluster., -header4, Level..Unit., -header5, Condition.Name.1, -header6, Condition.Name.2, -header7, Outcome, -header8, KC..Default., -header9, Time, -file0, C:\Users\AlRousan\Documents\NetBeansProjects\WorkflowComponents2\AnalysisGraphit\test\example_transactions\transaction_file_output.txt]
INFO: [main] edu.cmu.pslc.datashop.servlet.workflows.WorkflowHelper 21 May 2018 00:20:28,277 - First line: [1] "Hello"
INFO: [main] edu.cmu.pslc.datashop.servlet.workflows.WorkflowHelper 21 May 2018 00:20:28,277 - Delim: 	
INFO: [main] edu.cmu.pslc.learnsphere.analysis.graphit.GraphitMain 21 May 2018 13:05:08,302 - Command-line args: [-componentXmlFile, C:\Users\AlRousan\Documents\NetBeansProjects\WorkflowComponents2\AnalysisGraphit/test/components/Graphit_component_example.xml, -workflowDir, C:\Users\AlRousan\Documents\NetBeansProjects\WorkflowComponents2\AnalysisGraphit/test/, -toolDir, C:\Users\AlRousan\Documents\NetBeansProjects\WorkflowComponents2\AnalysisGraphit/, -schemaFile, C:\Users\AlRousan\Documents\NetBeansProjects\WorkflowComponents2\AnalysisGraphit/schemas/AnalysisGraphit_v1_0.xsd]
INFO: [main] edu.cmu.pslc.learnsphere.analysis.graphit.GraphitMain 21 May 2018 13:05:08,302 - Initializing workflow component.
INFO: [main] edu.cmu.pslc.datashop.servlet.workflows.WorkflowHelper 21 May 2018 13:05:08,396 - Reading C:\Users\AlRousan\Documents\NetBeansProjects\WorkflowComponents2\AnalysisGraphit/test/components/Graphit_component_example.xml
INFO: [main] edu.cmu.pslc.datashop.servlet.workflows.WorkflowHelper 21 May 2018 13:05:08,411 - File absolute path: C:\Users\AlRousan\Documents\NetBeansProjects\WorkflowComponents2\AnalysisGraphit\test\components\Graphit_component_example.xml
INFO: [main] edu.cmu.pslc.datashop.servlet.workflows.WorkflowHelper 21 May 2018 13:05:08,411 - File canonical path: C:\Users\AlRousan\Documents\NetBeansProjects\WorkflowComponents2\AnalysisGraphit\test\components\Graphit_component_example.xml
INFO: [main] edu.cmu.pslc.learnsphere.analysis.graphit.GraphitMain 21 May 2018 13:05:08,411 - Initializing component options.
INFO: [main] edu.cmu.pslc.learnsphere.analysis.graphit.GraphitMain 21 May 2018 13:05:08,411 - Using existing component options.
INFO: [main] edu.cmu.pslc.learnsphere.analysis.graphit.GraphitMain 21 May 2018 13:05:08,474 - Validating workflow component.
INFO: [main] edu.cmu.pslc.learnsphere.analysis.graphit.GraphitMain 21 May 2018 13:05:08,615 - Testing workflow component.
INFO: [main] edu.cmu.pslc.learnsphere.analysis.graphit.GraphitMain 21 May 2018 13:05:08,615 - Executing workflow component.
INFO: [main] edu.cmu.pslc.learnsphere.analysis.graphit.GraphitMain 21 May 2018 13:05:08,615 - Executing process: [C:\Program, Files\R\R-3.4.3\bin\x64\Rscript.exe, C:\Users\AlRousan\Documents\NetBeansProjects\WorkflowComponents2\AnalysisGraphit/program/Graphit.R, -programDir, C:\Users\AlRousan\Documents\NetBeansProjects\WorkflowComponents2\AnalysisGraphit/, -workingDir, C:\Users\AlRousan\Documents\NetBeansProjects\WorkflowComponents2\AnalysisGraphit/test/ComponentTestOutput/output/, -header1, Level..Unitname., -header2, Anon.Student.Id, -header3, KC..Cluster., -header4, Level..Unit., -header5, Condition.Name.1, -header6, Condition.Name.2, -header7, Outcome, -header8, KC..Default., -header9, Time, -file0, C:\Users\AlRousan\Documents\NetBeansProjects\WorkflowComponents2\AnalysisGraphit\test\example_transactions\transaction_file_output.txt]
INFO: [main] edu.cmu.pslc.datashop.servlet.workflows.WorkflowHelper 21 May 2018 13:07:48,577 - First line: [1] "Hello"
INFO: [main] edu.cmu.pslc.datashop.servlet.workflows.WorkflowHelper 21 May 2018 13:07:48,577 - Delim: 	
