INFO: [main] edu.cmu.pslc.learnsphere.transform.sensordataalign.SensorDataAlignMain 17 May 2018 22:40:26,748 - Command-line args: [-componentXmlFile, C:\Users\AlRousan\Documents\NetBeansProjects\WorkflowComponents2\TransformSensorDataAlign/test/components/ComponentSensorDataAlign.xml, -workflowDir, C:\Users\AlRousan\Documents\NetBeansProjects\WorkflowComponents2\TransformSensorDataAlign/test/, -toolDir, C:\Users\AlRousan\Documents\NetBeansProjects\WorkflowComponents2\TransformSensorDataAlign/, -schemaFile, C:\Users\AlRousan\Documents\NetBeansProjects\WorkflowComponents2\TransformSensorDataAlign/schemas/TransformSensorDataAlign_v1.xsd]
INFO: [main] edu.cmu.pslc.learnsphere.transform.sensordataalign.SensorDataAlignMain 17 May 2018 22:40:26,749 - Initializing workflow component.
INFO: [main] edu.cmu.pslc.datashop.servlet.workflows.WorkflowHelper 17 May 2018 22:40:26,861 - Reading C:\Users\AlRousan\Documents\NetBeansProjects\WorkflowComponents2\TransformSensorDataAlign/test/components/ComponentSensorDataAlign.xml
INFO: [main] edu.cmu.pslc.datashop.servlet.workflows.WorkflowHelper 17 May 2018 22:40:26,863 - File absolute path: C:\Users\AlRousan\Documents\NetBeansProjects\WorkflowComponents2\TransformSensorDataAlign\test\components\ComponentSensorDataAlign.xml
INFO: [main] edu.cmu.pslc.datashop.servlet.workflows.WorkflowHelper 17 May 2018 22:40:26,863 - File canonical path: C:\Users\AlRousan\Documents\NetBeansProjects\WorkflowComponents2\TransformSensorDataAlign\test\components\ComponentSensorDataAlign.xml
INFO: [main] edu.cmu.pslc.learnsphere.transform.sensordataalign.SensorDataAlignMain 17 May 2018 22:40:26,873 - Initializing component options.
INFO: [main] edu.cmu.pslc.learnsphere.transform.sensordataalign.SensorDataAlignMain 17 May 2018 22:40:26,874 - Using existing component options.
INFO: [main] edu.cmu.pslc.learnsphere.transform.sensordataalign.SensorDataAlignMain 17 May 2018 22:40:26,928 - Processing Options
INFO: [main] edu.cmu.pslc.learnsphere.transform.sensordataalign.SensorDataAlignMain 17 May 2018 22:40:26,928 - Validating workflow component.
INFO: [main] edu.cmu.pslc.learnsphere.transform.sensordataalign.SensorDataAlignMain 17 May 2018 22:40:27,076 - Testing workflow component.
INFO: [main] edu.cmu.pslc.learnsphere.transform.sensordataalign.SensorDataAlignMain 17 May 2018 22:40:27,076 - Executing workflow component.
INFO: [main] edu.cmu.pslc.learnsphere.transform.sensordataalign.SensorDataAlignMain 17 May 2018 22:40:27,077 - Executing process: [C:\Program, Files\R\R-3.4.3\bin\x64\Rscript.exe, C:\Users\AlRousan\Documents\NetBeansProjects\WorkflowComponents2\TransformSensorDataAlign/program/Sensordata-align.R, -programDir, C:\Users\AlRousan\Documents\NetBeansProjects\WorkflowComponents2\TransformSensorDataAlign/, -workingDir, C:\Users\AlRousan\Documents\NetBeansProjects\WorkflowComponents2\TransformSensorDataAlign/test/ComponentTestOutput/output/, -file1ColumnName, 0, -file2ColumnName, 0, -generatetimevector, true, -inputHeader, false, -interpolationtype, linear, -offsetofsignal2fromsignal1, 1, -outputresamplerate, 1024, -signal1samplingrate, 512, -signal2samplingrate, 1024, -file0, C:\Users\AlRousan\Documents\NetBeansProjects\WorkflowComponents2\TransformSensorDataAlign\test\example_files\Z001.txt, -file1, C:\Users\AlRousan\Documents\NetBeansProjects\WorkflowComponents2\TransformSensorDataAlign\test\example_files\Z002.txt]
INFO: [main] edu.cmu.pslc.datashop.servlet.workflows.WorkflowHelper 17 May 2018 22:40:27,381 - First line: Sampling Rate	Signal 1 Sensor data	Signal 2 Sensor data
INFO: [main] edu.cmu.pslc.datashop.servlet.workflows.WorkflowHelper 17 May 2018 22:40:27,381 - Delim: 	
INFO: [main] edu.cmu.pslc.learnsphere.transform.sensordataalign.SensorDataAlignMain 17 May 2018 22:58:42,674 - Command-line args: [-componentXmlFile, C:\Users\AlRousan\Documents\NetBeansProjects\WorkflowComponents2\TransformSensorDataAlign/test/components/ComponentSensorDataAlign.xml, -workflowDir, C:\Users\AlRousan\Documents\NetBeansProjects\WorkflowComponents2\TransformSensorDataAlign/test/, -toolDir, C:\Users\AlRousan\Documents\NetBeansProjects\WorkflowComponents2\TransformSensorDataAlign/, -schemaFile, C:\Users\AlRousan\Documents\NetBeansProjects\WorkflowComponents2\TransformSensorDataAlign/schemas/TransformSensorDataAlign_v1.xsd]
INFO: [main] edu.cmu.pslc.learnsphere.transform.sensordataalign.SensorDataAlignMain 17 May 2018 22:58:42,674 - Initializing workflow component.
INFO: [main] edu.cmu.pslc.datashop.servlet.workflows.WorkflowHelper 17 May 2018 22:58:42,784 - Reading C:\Users\AlRousan\Documents\NetBeansProjects\WorkflowComponents2\TransformSensorDataAlign/test/components/ComponentSensorDataAlign.xml
INFO: [main] edu.cmu.pslc.datashop.servlet.workflows.WorkflowHelper 17 May 2018 22:58:42,789 - File absolute path: C:\Users\AlRousan\Documents\NetBeansProjects\WorkflowComponents2\TransformSensorDataAlign\test\components\ComponentSensorDataAlign.xml
INFO: [main] edu.cmu.pslc.datashop.servlet.workflows.WorkflowHelper 17 May 2018 22:58:42,789 - File canonical path: C:\Users\AlRousan\Documents\NetBeansProjects\WorkflowComponents2\TransformSensorDataAlign\test\components\ComponentSensorDataAlign.xml
INFO: [main] edu.cmu.pslc.learnsphere.transform.sensordataalign.SensorDataAlignMain 17 May 2018 22:58:42,799 - Initializing component options.
INFO: [main] edu.cmu.pslc.learnsphere.transform.sensordataalign.SensorDataAlignMain 17 May 2018 22:58:42,799 - Using existing component options.
INFO: [main] edu.cmu.pslc.learnsphere.transform.sensordataalign.SensorDataAlignMain 17 May 2018 22:58:42,854 - Processing Options
INFO: [main] edu.cmu.pslc.learnsphere.transform.sensordataalign.SensorDataAlignMain 17 May 2018 22:58:42,854 - Validating workflow component.
INFO: [main] edu.cmu.pslc.learnsphere.transform.sensordataalign.SensorDataAlignMain 17 May 2018 22:58:43,004 - Testing workflow component.
INFO: [main] edu.cmu.pslc.learnsphere.transform.sensordataalign.SensorDataAlignMain 17 May 2018 22:58:43,004 - Executing workflow component.
INFO: [main] edu.cmu.pslc.learnsphere.transform.sensordataalign.SensorDataAlignMain 17 May 2018 22:58:43,004 - Executing process: [C:\Program, Files\R\R-3.4.3\bin\x64\Rscript.exe, C:\Users\AlRousan\Documents\NetBeansProjects\WorkflowComponents2\TransformSensorDataAlign/program/Sensordata-align.R, -programDir, C:\Users\AlRousan\Documents\NetBeansProjects\WorkflowComponents2\TransformSensorDataAlign/, -workingDir, C:\Users\AlRousan\Documents\NetBeansProjects\WorkflowComponents2\TransformSensorDataAlign/test/ComponentTestOutput/output/, -file1ColumnName, 0, -file2ColumnName, 0, -generatetimevector, true, -inputHeader, false, -interpolationtype, linear, -offsetofsignal2fromsignal1, 1, -outputresamplerate, 1024, -signal1samplingrate, 512, -signal2samplingrate, 1024, -file0, C:\Users\AlRousan\Documents\NetBeansProjects\WorkflowComponents2\TransformSensorDataAlign\test\example_files\Z001.txt, -file1, C:\Users\AlRousan\Documents\NetBeansProjects\WorkflowComponents2\TransformSensorDataAlign\test\example_files\Z002.txt]
INFO: [main] edu.cmu.pslc.datashop.servlet.workflows.WorkflowHelper 17 May 2018 22:58:43,294 - First line: Sampling Rate	Signal 1 Sensor data	Signal 2 Sensor data
INFO: [main] edu.cmu.pslc.datashop.servlet.workflows.WorkflowHelper 17 May 2018 22:58:43,294 - Delim: 	
INFO: [main] edu.cmu.pslc.learnsphere.transform.sensordataalign.SensorDataAlignMain 21 May 2018 13:25:56,601 - Command-line args: [-componentXmlFile, C:\Users\AlRousan\Documents\NetBeansProjects\WorkflowComponents2\TransformSensorDataAlign/test/components/ComponentSensorDataAlign.xml, -workflowDir, C:\Users\AlRousan\Documents\NetBeansProjects\WorkflowComponents2\TransformSensorDataAlign/test/, -toolDir, C:\Users\AlRousan\Documents\NetBeansProjects\WorkflowComponents2\TransformSensorDataAlign/, -schemaFile, C:\Users\AlRousan\Documents\NetBeansProjects\WorkflowComponents2\TransformSensorDataAlign/schemas/TransformSensorDataAlign_v1.xsd]
INFO: [main] edu.cmu.pslc.learnsphere.transform.sensordataalign.SensorDataAlignMain 21 May 2018 13:25:56,601 - Initializing workflow component.
INFO: [main] edu.cmu.pslc.datashop.servlet.workflows.WorkflowHelper 21 May 2018 13:25:56,711 - Reading C:\Users\AlRousan\Documents\NetBeansProjects\WorkflowComponents2\TransformSensorDataAlign/test/components/ComponentSensorDataAlign.xml
INFO: [main] edu.cmu.pslc.datashop.servlet.workflows.WorkflowHelper 21 May 2018 13:25:56,711 - File absolute path: C:\Users\AlRousan\Documents\NetBeansProjects\WorkflowComponents2\TransformSensorDataAlign\test\components\ComponentSensorDataAlign.xml
INFO: [main] edu.cmu.pslc.datashop.servlet.workflows.WorkflowHelper 21 May 2018 13:25:56,711 - File canonical path: C:\Users\AlRousan\Documents\NetBeansProjects\WorkflowComponents2\TransformSensorDataAlign\test\components\ComponentSensorDataAlign.xml
INFO: [main] edu.cmu.pslc.learnsphere.transform.sensordataalign.SensorDataAlignMain 21 May 2018 13:25:56,726 - Initializing component options.
INFO: [main] edu.cmu.pslc.learnsphere.transform.sensordataalign.SensorDataAlignMain 21 May 2018 13:25:56,726 - Using existing component options.
INFO: [main] edu.cmu.pslc.learnsphere.transform.sensordataalign.SensorDataAlignMain 21 May 2018 13:25:56,773 - Processing Options
INFO: [main] edu.cmu.pslc.learnsphere.transform.sensordataalign.SensorDataAlignMain 21 May 2018 13:25:56,773 - Validating workflow component.
INFO: [main] edu.cmu.pslc.learnsphere.transform.sensordataalign.SensorDataAlignMain 21 May 2018 13:25:56,905 - Testing workflow component.
INFO: [main] edu.cmu.pslc.learnsphere.transform.sensordataalign.SensorDataAlignMain 21 May 2018 13:25:56,905 - Executing workflow component.
INFO: [main] edu.cmu.pslc.learnsphere.transform.sensordataalign.SensorDataAlignMain 21 May 2018 13:25:56,905 - Executing process: [C:\Program, Files\R\R-3.4.3\bin\x64\Rscript.exe, C:\Users\AlRousan\Documents\NetBeansProjects\WorkflowComponents2\TransformSensorDataAlign/program/Sensordata-align.R, -programDir, C:\Users\AlRousan\Documents\NetBeansProjects\WorkflowComponents2\TransformSensorDataAlign/, -workingDir, C:\Users\AlRousan\Documents\NetBeansProjects\WorkflowComponents2\TransformSensorDataAlign/test/ComponentTestOutput/output/, -file1ColumnName, 0, -file2ColumnName, 0, -generatetimevector, true, -inputHeader, false, -interpolationtype, linear, -offsetofsignal2fromsignal1, 1, -outputresamplerate, 1024, -signal1samplingrate, 512, -signal2samplingrate, 1024, -file0, C:\Users\AlRousan\Documents\NetBeansProjects\WorkflowComponents2\TransformSensorDataAlign\test\example_files\Z001.txt, -file1, C:\Users\AlRousan\Documents\NetBeansProjects\WorkflowComponents2\TransformSensorDataAlign\test\example_files\Z002.txt]
INFO: [main] edu.cmu.pslc.datashop.servlet.workflows.WorkflowHelper 21 May 2018 13:25:57,170 - First line: Sampling Rate	Signal 1 Sensor data	Signal 2 Sensor data
INFO: [main] edu.cmu.pslc.datashop.servlet.workflows.WorkflowHelper 21 May 2018 13:25:57,170 - Delim: 	
INFO: [main] edu.cmu.pslc.learnsphere.transform.sensordataalign.SensorDataAlignMain 21 May 2018 13:33:51,107 - Command-line args: [-componentXmlFile, C:\Users\AlRousan\Documents\NetBeansProjects\WorkflowComponents2\TransformSensorDataAlign/test/components/ComponentSensorDataAlign.xml, -workflowDir, C:\Users\AlRousan\Documents\NetBeansProjects\WorkflowComponents2\TransformSensorDataAlign/test/, -toolDir, C:\Users\AlRousan\Documents\NetBeansProjects\WorkflowComponents2\TransformSensorDataAlign/, -schemaFile, C:\Users\AlRousan\Documents\NetBeansProjects\WorkflowComponents2\TransformSensorDataAlign/schemas/TransformSensorDataAlign_v1.xsd]
INFO: [main] edu.cmu.pslc.learnsphere.transform.sensordataalign.SensorDataAlignMain 21 May 2018 13:33:51,107 - Initializing workflow component.
INFO: [main] edu.cmu.pslc.datashop.servlet.workflows.WorkflowHelper 21 May 2018 13:33:51,201 - Reading C:\Users\AlRousan\Documents\NetBeansProjects\WorkflowComponents2\TransformSensorDataAlign/test/components/ComponentSensorDataAlign.xml
INFO: [main] edu.cmu.pslc.datashop.servlet.workflows.WorkflowHelper 21 May 2018 13:33:51,201 - File absolute path: C:\Users\AlRousan\Documents\NetBeansProjects\WorkflowComponents2\TransformSensorDataAlign\test\components\ComponentSensorDataAlign.xml
INFO: [main] edu.cmu.pslc.datashop.servlet.workflows.WorkflowHelper 21 May 2018 13:33:51,201 - File canonical path: C:\Users\AlRousan\Documents\NetBeansProjects\WorkflowComponents2\TransformSensorDataAlign\test\components\ComponentSensorDataAlign.xml
INFO: [main] edu.cmu.pslc.learnsphere.transform.sensordataalign.SensorDataAlignMain 21 May 2018 13:33:51,216 - Initializing component options.
INFO: [main] edu.cmu.pslc.learnsphere.transform.sensordataalign.SensorDataAlignMain 21 May 2018 13:33:51,216 - Using existing component options.
INFO: [main] edu.cmu.pslc.learnsphere.transform.sensordataalign.SensorDataAlignMain 21 May 2018 13:33:51,263 - Processing Options
INFO: [main] edu.cmu.pslc.learnsphere.transform.sensordataalign.SensorDataAlignMain 21 May 2018 13:33:51,263 - Validating workflow component.
INFO: [main] edu.cmu.pslc.learnsphere.transform.sensordataalign.SensorDataAlignMain 21 May 2018 13:33:51,404 - Testing workflow component.
INFO: [main] edu.cmu.pslc.learnsphere.transform.sensordataalign.SensorDataAlignMain 21 May 2018 13:33:51,404 - Executing workflow component.
INFO: [main] edu.cmu.pslc.learnsphere.transform.sensordataalign.SensorDataAlignMain 21 May 2018 13:33:51,404 - Executing process: [C:\Program, Files\R\R-3.4.1\bin\i386\Rscript.exe, C:\Users\AlRousan\Documents\NetBeansProjects\WorkflowComponents2\TransformSensorDataAlign/program/Sensordata-align.R, -programDir, C:\Users\AlRousan\Documents\NetBeansProjects\WorkflowComponents2\TransformSensorDataAlign/, -workingDir, C:\Users\AlRousan\Documents\NetBeansProjects\WorkflowComponents2\TransformSensorDataAlign/test/ComponentTestOutput/output/, -file1ColumnName, 0, -file2ColumnName, 0, -generatetimevector, true, -inputHeader, false, -interpolationtype, linear, -offsetofsignal2fromsignal1, 1, -outputresamplerate, 1024, -signal1samplingrate, 512, -signal2samplingrate, 1024, -file0, C:\Users\AlRousan\Documents\NetBeansProjects\WorkflowComponents2\TransformSensorDataAlign\test\example_files\Z001.txt, -file1, C:\Users\AlRousan\Documents\NetBeansProjects\WorkflowComponents2\TransformSensorDataAlign\test\example_files\Z002.txt]
INFO: [main] edu.cmu.pslc.datashop.servlet.workflows.WorkflowHelper 21 May 2018 13:33:51,865 - First line: Sampling Rate	Signal 1 Sensor data	Signal 2 Sensor data
INFO: [main] edu.cmu.pslc.datashop.servlet.workflows.WorkflowHelper 21 May 2018 13:33:51,865 - Delim: 	
INFO: [main] edu.cmu.pslc.learnsphere.transform.sensordataalign.SensorDataAlignMain 23 May 2018 00:15:11,816 - Command-line args: [-componentXmlFile, C:\Users\AlRousan\Documents\NetBeansProjects\WorkflowComponents2\TransformSensorDataAlign/test/components/ComponentSensorDataAlign.xml, -workflowDir, C:\Users\AlRousan\Documents\NetBeansProjects\WorkflowComponents2\TransformSensorDataAlign/test/, -toolDir, C:\Users\AlRousan\Documents\NetBeansProjects\WorkflowComponents2\TransformSensorDataAlign/, -schemaFile, C:\Users\AlRousan\Documents\NetBeansProjects\WorkflowComponents2\TransformSensorDataAlign/schemas/TransformSensorDataAlign_v1.xsd]
INFO: [main] edu.cmu.pslc.learnsphere.transform.sensordataalign.SensorDataAlignMain 23 May 2018 00:15:11,817 - Initializing workflow component.
INFO: [main] edu.cmu.pslc.datashop.servlet.workflows.WorkflowHelper 23 May 2018 00:15:11,920 - Reading C:\Users\AlRousan\Documents\NetBeansProjects\WorkflowComponents2\TransformSensorDataAlign/test/components/ComponentSensorDataAlign.xml
INFO: [main] edu.cmu.pslc.datashop.servlet.workflows.WorkflowHelper 23 May 2018 00:15:11,921 - File absolute path: C:\Users\AlRousan\Documents\NetBeansProjects\WorkflowComponents2\TransformSensorDataAlign\test\components\ComponentSensorDataAlign.xml
INFO: [main] edu.cmu.pslc.datashop.servlet.workflows.WorkflowHelper 23 May 2018 00:15:11,921 - File canonical path: C:\Users\AlRousan\Documents\NetBeansProjects\WorkflowComponents2\TransformSensorDataAlign\test\components\ComponentSensorDataAlign.xml
INFO: [main] edu.cmu.pslc.learnsphere.transform.sensordataalign.SensorDataAlignMain 23 May 2018 00:15:11,931 - Initializing component options.
INFO: [main] edu.cmu.pslc.learnsphere.transform.sensordataalign.SensorDataAlignMain 23 May 2018 00:15:11,932 - Using existing component options.
INFO: [main] edu.cmu.pslc.learnsphere.transform.sensordataalign.SensorDataAlignMain 23 May 2018 00:15:11,990 - Processing Options
INFO: [main] edu.cmu.pslc.learnsphere.transform.sensordataalign.SensorDataAlignMain 23 May 2018 00:15:11,991 - Validating workflow component.
INFO: [main] edu.cmu.pslc.learnsphere.transform.sensordataalign.SensorDataAlignMain 23 May 2018 00:15:12,132 - Testing workflow component.
INFO: [main] edu.cmu.pslc.learnsphere.transform.sensordataalign.SensorDataAlignMain 23 May 2018 00:15:12,132 - Executing workflow component.
INFO: [main] edu.cmu.pslc.learnsphere.transform.sensordataalign.SensorDataAlignMain 23 May 2018 00:15:12,134 - Executing process: [C:\Program, Files\R\R-3.4.1\bin\i386\Rscript.exe, C:\Users\AlRousan\Documents\NetBeansProjects\WorkflowComponents2\TransformSensorDataAlign/program/Sensordata-align.R, -programDir, C:\Users\AlRousan\Documents\NetBeansProjects\WorkflowComponents2\TransformSensorDataAlign/, -workingDir, C:\Users\AlRousan\Documents\NetBeansProjects\WorkflowComponents2\TransformSensorDataAlign/test/ComponentTestOutput/output/, -file1ColumnName, 0, -file2ColumnName, 0, -generatetimevector, true, -inputHeader, false, -interpolationtype, linear, -offsetofsignal2fromsignal1, 1, -outputresamplerate, 1024, -signal1samplingrate, 512, -signal2samplingrate, 1024, -file0, C:\Users\AlRousan\Documents\NetBeansProjects\WorkflowComponents2\TransformSensorDataAlign\test\example_files\Z001.txt, -file1, C:\Users\AlRousan\Documents\NetBeansProjects\WorkflowComponents2\TransformSensorDataAlign\test\example_files\Z002.txt]
INFO: [main] edu.cmu.pslc.datashop.servlet.workflows.WorkflowHelper 23 May 2018 00:15:13,783 - First line: Sampling Rate	Signal 1 Sensor data	Signal 2 Sensor data
INFO: [main] edu.cmu.pslc.datashop.servlet.workflows.WorkflowHelper 23 May 2018 00:15:13,783 - Delim: 	
INFO: [main] edu.cmu.pslc.learnsphere.transform.sensordataalign.SensorDataAlignMain 23 May 2018 00:15:44,500 - Command-line args: [-componentXmlFile, C:\Users\AlRousan\Documents\NetBeansProjects\WorkflowComponents2\TransformSensorDataAlign/test/components/ComponentSensorDataAlign.xml, -workflowDir, C:\Users\AlRousan\Documents\NetBeansProjects\WorkflowComponents2\TransformSensorDataAlign/test/, -toolDir, C:\Users\AlRousan\Documents\NetBeansProjects\WorkflowComponents2\TransformSensorDataAlign/, -schemaFile, C:\Users\AlRousan\Documents\NetBeansProjects\WorkflowComponents2\TransformSensorDataAlign/schemas/TransformSensorDataAlign_v1.xsd]
INFO: [main] edu.cmu.pslc.learnsphere.transform.sensordataalign.SensorDataAlignMain 23 May 2018 00:15:44,501 - Initializing workflow component.
INFO: [main] edu.cmu.pslc.datashop.servlet.workflows.WorkflowHelper 23 May 2018 00:15:44,605 - Reading C:\Users\AlRousan\Documents\NetBeansProjects\WorkflowComponents2\TransformSensorDataAlign/test/components/ComponentSensorDataAlign.xml
INFO: [main] edu.cmu.pslc.datashop.servlet.workflows.WorkflowHelper 23 May 2018 00:15:44,606 - File absolute path: C:\Users\AlRousan\Documents\NetBeansProjects\WorkflowComponents2\TransformSensorDataAlign\test\components\ComponentSensorDataAlign.xml
INFO: [main] edu.cmu.pslc.datashop.servlet.workflows.WorkflowHelper 23 May 2018 00:15:44,606 - File canonical path: C:\Users\AlRousan\Documents\NetBeansProjects\WorkflowComponents2\TransformSensorDataAlign\test\components\ComponentSensorDataAlign.xml
INFO: [main] edu.cmu.pslc.learnsphere.transform.sensordataalign.SensorDataAlignMain 23 May 2018 00:15:44,612 - Initializing component options.
INFO: [main] edu.cmu.pslc.learnsphere.transform.sensordataalign.SensorDataAlignMain 23 May 2018 00:15:44,612 - Using existing component options.
INFO: [main] edu.cmu.pslc.learnsphere.transform.sensordataalign.SensorDataAlignMain 23 May 2018 00:15:44,670 - Processing Options
INFO: [main] edu.cmu.pslc.learnsphere.transform.sensordataalign.SensorDataAlignMain 23 May 2018 00:15:44,671 - Validating workflow component.
INFO: [main] edu.cmu.pslc.learnsphere.transform.sensordataalign.SensorDataAlignMain 23 May 2018 00:15:44,801 - Testing workflow component.
INFO: [main] edu.cmu.pslc.learnsphere.transform.sensordataalign.SensorDataAlignMain 23 May 2018 00:15:44,801 - Executing workflow component.
INFO: [main] edu.cmu.pslc.learnsphere.transform.sensordataalign.SensorDataAlignMain 23 May 2018 00:15:44,801 - Executing process: [C:\Program, Files\R\R-3.4.1\bin\i386\Rscript.exe, C:\Users\AlRousan\Documents\NetBeansProjects\WorkflowComponents2\TransformSensorDataAlign/program/Sensordata-align.R, -programDir, C:\Users\AlRousan\Documents\NetBeansProjects\WorkflowComponents2\TransformSensorDataAlign/, -workingDir, C:\Users\AlRousan\Documents\NetBeansProjects\WorkflowComponents2\TransformSensorDataAlign/test/ComponentTestOutput/output/, -file1ColumnName, 0, -file2ColumnName, 0, -generatetimevector, true, -inputHeader, false, -interpolationtype, linear, -offsetofsignal2fromsignal1, 1, -outputresamplerate, 1024, -signal1samplingrate, 512, -signal2samplingrate, 1024, -file0, C:\Users\AlRousan\Documents\NetBeansProjects\WorkflowComponents2\TransformSensorDataAlign\test\example_files\Z001.txt, -file1, C:\Users\AlRousan\Documents\NetBeansProjects\WorkflowComponents2\TransformSensorDataAlign\test\example_files\Z002.txt]
INFO: [main] edu.cmu.pslc.datashop.servlet.workflows.WorkflowHelper 23 May 2018 00:15:45,091 - First line: Sampling Rate	Signal 1 Sensor data	Signal 2 Sensor data
INFO: [main] edu.cmu.pslc.datashop.servlet.workflows.WorkflowHelper 23 May 2018 00:15:45,091 - Delim: 	
INFO: [main] edu.cmu.pslc.learnsphere.transform.sensordataalign.SensorDataAlignMain 23 May 2018 04:20:43,182 - Command-line args: [-componentXmlFile, C:\Users\AlRousan\Documents\NetBeansProjects\WorkflowComponents2\TransformSensorDataAlign/test/components/ComponentSensorDataAlign.xml, -workflowDir, C:\Users\AlRousan\Documents\NetBeansProjects\WorkflowComponents2\TransformSensorDataAlign/test/, -toolDir, C:\Users\AlRousan\Documents\NetBeansProjects\WorkflowComponents2\TransformSensorDataAlign/, -schemaFile, C:\Users\AlRousan\Documents\NetBeansProjects\WorkflowComponents2\TransformSensorDataAlign/schemas/TransformSensorDataAlign_v1.xsd]
INFO: [main] edu.cmu.pslc.learnsphere.transform.sensordataalign.SensorDataAlignMain 23 May 2018 04:20:43,183 - Initializing workflow component.
INFO: [main] edu.cmu.pslc.datashop.servlet.workflows.WorkflowHelper 23 May 2018 04:20:43,291 - Reading C:\Users\AlRousan\Documents\NetBeansProjects\WorkflowComponents2\TransformSensorDataAlign/test/components/ComponentSensorDataAlign.xml
INFO: [main] edu.cmu.pslc.datashop.servlet.workflows.WorkflowHelper 23 May 2018 04:20:43,292 - File absolute path: C:\Users\AlRousan\Documents\NetBeansProjects\WorkflowComponents2\TransformSensorDataAlign\test\components\ComponentSensorDataAlign.xml
INFO: [main] edu.cmu.pslc.datashop.servlet.workflows.WorkflowHelper 23 May 2018 04:20:43,292 - File canonical path: C:\Users\AlRousan\Documents\NetBeansProjects\WorkflowComponents2\TransformSensorDataAlign\test\components\ComponentSensorDataAlign.xml
INFO: [main] edu.cmu.pslc.learnsphere.transform.sensordataalign.SensorDataAlignMain 23 May 2018 04:20:43,305 - Initializing component options.
INFO: [main] edu.cmu.pslc.learnsphere.transform.sensordataalign.SensorDataAlignMain 23 May 2018 04:20:43,305 - Using existing component options.
INFO: [main] edu.cmu.pslc.learnsphere.transform.sensordataalign.SensorDataAlignMain 23 May 2018 04:20:43,362 - Processing Options
INFO: [main] edu.cmu.pslc.learnsphere.transform.sensordataalign.SensorDataAlignMain 23 May 2018 04:20:43,363 - Validating workflow component.
INFO: [main] edu.cmu.pslc.learnsphere.transform.sensordataalign.SensorDataAlignMain 23 May 2018 04:20:43,516 - Testing workflow component.
INFO: [main] edu.cmu.pslc.learnsphere.transform.sensordataalign.SensorDataAlignMain 23 May 2018 04:20:43,516 - Executing workflow component.
INFO: [main] edu.cmu.pslc.learnsphere.transform.sensordataalign.SensorDataAlignMain 23 May 2018 04:20:43,517 - Executing process: [C:\Program, Files\R\R-3.4.1\bin\i386\Rscript.exe, C:\Users\AlRousan\Documents\NetBeansProjects\WorkflowComponents2\TransformSensorDataAlign/program/Sensordata-align.R, -programDir, C:\Users\AlRousan\Documents\NetBeansProjects\WorkflowComponents2\TransformSensorDataAlign/, -workingDir, C:\Users\AlRousan\Documents\NetBeansProjects\WorkflowComponents2\TransformSensorDataAlign/test/ComponentTestOutput/output/, -file1ColumnName, 0, -file2ColumnName, 0, -generatetimevector, true, -inputHeader, false, -interpolationtype, linear, -offsetofsignal2fromsignal1, 1, -outputresamplerate, 1024, -signal1samplingrate, 512, -signal2samplingrate, 1024, -file0, C:\Users\AlRousan\Documents\NetBeansProjects\WorkflowComponents2\TransformSensorDataAlign\test\example_files\Z001.txt, -file1, C:\Users\AlRousan\Documents\NetBeansProjects\WorkflowComponents2\TransformSensorDataAlign\test\example_files\Z002.txt]
INFO: [main] edu.cmu.pslc.datashop.servlet.workflows.WorkflowHelper 23 May 2018 04:20:43,815 - First line: Sampling Rate	Signal 1 Sensor data	Signal 2 Sensor data
INFO: [main] edu.cmu.pslc.datashop.servlet.workflows.WorkflowHelper 23 May 2018 04:20:43,816 - Delim: 	
