INFO: [main] edu.cmu.pslc.learnsphere.analysis.pfa.PFAMain 05 May 2017 13:29:11,373 - Command-line args: [-componentXmlFile, G:\Workflowcomponents1\WorkflowComponents\AnalysisPfa/test/components/PFA_component_example.xml, -workflowDir, G:\Workflowcomponents1\WorkflowComponents\AnalysisPfa/test/, -toolDir, G:\Workflowcomponents1\WorkflowComponents\AnalysisPfa/, -schemaFile, G:\Workflowcomponents1\WorkflowComponents\AnalysisPfa/schemas/AnalysisPfa_v1_0.xsd]
INFO: [main] edu.cmu.pslc.learnsphere.analysis.pfa.PFAMain 05 May 2017 13:29:11,375 - Initializing workflow component.
INFO: [main] edu.cmu.pslc.datashop.servlet.workflows.WorkflowHelper 05 May 2017 13:29:11,498 - Reading G:\Workflowcomponents1\WorkflowComponents\AnalysisPfa/test/components/PFA_component_example.xml
INFO: [main] edu.cmu.pslc.datashop.servlet.workflows.WorkflowHelper 05 May 2017 13:29:11,501 - File absolute path: G:\Workflowcomponents1\WorkflowComponents\AnalysisPfa\test\components\PFA_component_example.xml
INFO: [main] edu.cmu.pslc.datashop.servlet.workflows.WorkflowHelper 05 May 2017 13:29:11,501 - File canonical path: G:\Workflowcomponents1\WorkflowComponents\AnalysisPfa\test\components\PFA_component_example.xml
INFO: [main] edu.cmu.pslc.learnsphere.analysis.pfa.PFAMain 05 May 2017 13:29:11,515 - Initializing component options.
INFO: [main] edu.cmu.pslc.learnsphere.analysis.pfa.PFAMain 05 May 2017 13:29:11,515 - Using existing component options.
INFO: [main] edu.cmu.pslc.learnsphere.analysis.pfa.PFAMain 05 May 2017 13:29:11,606 - Processing Options
INFO: [main] edu.cmu.pslc.learnsphere.analysis.pfa.PFAMain 05 May 2017 13:29:11,606 - Validating workflow component.
INFO: [main] edu.cmu.pslc.learnsphere.analysis.pfa.PFAMain 05 May 2017 13:29:11,870 - Testing workflow component.
INFO: [main] edu.cmu.pslc.learnsphere.analysis.pfa.PFAMain 05 May 2017 13:29:11,870 - Executing workflow component.
INFO: [main] edu.cmu.pslc.learnsphere.analysis.pfa.PFAMain 05 May 2017 13:29:12,082 - Executing process: [G:/Workflowcomponents1/WorkflowComponents/AnalysisPfa/null, -programDir, G:/Workflowcomponents1/WorkflowComponents/AnalysisPfa/, -workingDir, G:\Workflowcomponents1\WorkflowComponents\AnalysisPfa/test/ComponentTestOutput/output/, -analysis, Simple, -model, "KC (Cluster)", -file0, "G:/Workflowcomponents1/WorkflowComponents/AnalysisPfa/test/example_transactions/GeneratePfaFeatures_output.txt"]
ERROR: [main] edu.cmu.pslc.learnsphere.analysis.pfa.PFAMain 05 May 2017 13:29:12,083 - Cannot run program "G:/Workflowcomponents1/WorkflowComponents/AnalysisPfa/null": CreateProcess error=2, The system cannot find the file specified
INFO: [main] edu.cmu.pslc.learnsphere.analysis.pfa.PFAMain 05 May 2017 13:32:58,589 - Command-line args: [-componentXmlFile, G:\Workflowcomponents1\WorkflowComponents\AnalysisPfa/test/components/PFA_component_example.xml, -workflowDir, G:\Workflowcomponents1\WorkflowComponents\AnalysisPfa/test/, -toolDir, G:\Workflowcomponents1\WorkflowComponents\AnalysisPfa/, -schemaFile, G:\Workflowcomponents1\WorkflowComponents\AnalysisPfa/schemas/AnalysisPfa_v1_0.xsd]
INFO: [main] edu.cmu.pslc.learnsphere.analysis.pfa.PFAMain 05 May 2017 13:32:58,591 - Initializing workflow component.
INFO: [main] edu.cmu.pslc.datashop.servlet.workflows.WorkflowHelper 05 May 2017 13:32:58,700 - Reading G:\Workflowcomponents1\WorkflowComponents\AnalysisPfa/test/components/PFA_component_example.xml
INFO: [main] edu.cmu.pslc.datashop.servlet.workflows.WorkflowHelper 05 May 2017 13:32:58,702 - File absolute path: G:\Workflowcomponents1\WorkflowComponents\AnalysisPfa\test\components\PFA_component_example.xml
INFO: [main] edu.cmu.pslc.datashop.servlet.workflows.WorkflowHelper 05 May 2017 13:32:58,702 - File canonical path: G:\Workflowcomponents1\WorkflowComponents\AnalysisPfa\test\components\PFA_component_example.xml
INFO: [main] edu.cmu.pslc.learnsphere.analysis.pfa.PFAMain 05 May 2017 13:32:58,717 - Initializing component options.
INFO: [main] edu.cmu.pslc.learnsphere.analysis.pfa.PFAMain 05 May 2017 13:32:58,717 - Using existing component options.
INFO: [main] edu.cmu.pslc.learnsphere.analysis.pfa.PFAMain 05 May 2017 13:32:58,806 - Processing Options
INFO: [main] edu.cmu.pslc.learnsphere.analysis.pfa.PFAMain 05 May 2017 13:32:58,806 - Validating workflow component.
INFO: [main] edu.cmu.pslc.learnsphere.analysis.pfa.PFAMain 05 May 2017 13:32:59,040 - Testing workflow component.
INFO: [main] edu.cmu.pslc.learnsphere.analysis.pfa.PFAMain 05 May 2017 13:32:59,040 - Executing workflow component.
INFO: [main] edu.cmu.pslc.learnsphere.analysis.pfa.PFAMain 05 May 2017 13:32:59,191 - Executing process: [c:/R-3.2.3/bin/Rscript.exe, G:/Workflowcomponents1/WorkflowComponents/AnalysisPfa/program/PFA-model.R, -programDir, G:/Workflowcomponents1/WorkflowComponents/AnalysisPfa/, -workingDir, G:\Workflowcomponents1\WorkflowComponents\AnalysisPfa/test/ComponentTestOutput/output/, -analysis, Simple, -model, "KC (Cluster)", -file0, "G:/Workflowcomponents1/WorkflowComponents/AnalysisPfa/test/example_transactions/GeneratePfaFeatures_output.txt"]
ERROR: [main] edu.cmu.pslc.learnsphere.analysis.pfa.PFAMain 05 May 2017 13:32:59,192 - Cannot run program "c:/R-3.2.3/bin/Rscript.exe": CreateProcess error=2, The system cannot find the file specified
INFO: [main] edu.cmu.pslc.learnsphere.analysis.pfa.PFAMain 05 May 2017 13:36:25,016 - Command-line args: [-componentXmlFile, G:\Workflowcomponents1\WorkflowComponents\AnalysisPfa/test/components/PFA_component_example.xml, -workflowDir, G:\Workflowcomponents1\WorkflowComponents\AnalysisPfa/test/, -toolDir, G:\Workflowcomponents1\WorkflowComponents\AnalysisPfa/, -schemaFile, G:\Workflowcomponents1\WorkflowComponents\AnalysisPfa/schemas/AnalysisPfa_v1_0.xsd]
INFO: [main] edu.cmu.pslc.learnsphere.analysis.pfa.PFAMain 05 May 2017 13:36:25,018 - Initializing workflow component.
INFO: [main] edu.cmu.pslc.datashop.servlet.workflows.WorkflowHelper 05 May 2017 13:36:25,136 - Reading G:\Workflowcomponents1\WorkflowComponents\AnalysisPfa/test/components/PFA_component_example.xml
INFO: [main] edu.cmu.pslc.datashop.servlet.workflows.WorkflowHelper 05 May 2017 13:36:25,138 - File absolute path: G:\Workflowcomponents1\WorkflowComponents\AnalysisPfa\test\components\PFA_component_example.xml
INFO: [main] edu.cmu.pslc.datashop.servlet.workflows.WorkflowHelper 05 May 2017 13:36:25,138 - File canonical path: G:\Workflowcomponents1\WorkflowComponents\AnalysisPfa\test\components\PFA_component_example.xml
INFO: [main] edu.cmu.pslc.learnsphere.analysis.pfa.PFAMain 05 May 2017 13:36:25,150 - Initializing component options.
INFO: [main] edu.cmu.pslc.learnsphere.analysis.pfa.PFAMain 05 May 2017 13:36:25,150 - Using existing component options.
INFO: [main] edu.cmu.pslc.learnsphere.analysis.pfa.PFAMain 05 May 2017 13:36:25,234 - Processing Options
INFO: [main] edu.cmu.pslc.learnsphere.analysis.pfa.PFAMain 05 May 2017 13:36:25,234 - Validating workflow component.
INFO: [main] edu.cmu.pslc.learnsphere.analysis.pfa.PFAMain 05 May 2017 13:36:25,471 - Testing workflow component.
INFO: [main] edu.cmu.pslc.learnsphere.analysis.pfa.PFAMain 05 May 2017 13:36:25,471 - Executing workflow component.
INFO: [main] edu.cmu.pslc.learnsphere.analysis.pfa.PFAMain 05 May 2017 13:36:25,625 - Executing process: [C:\Program, Files\R\R-3.4.0\bin\Rscript.exe, G:/Workflowcomponents1/WorkflowComponents/AnalysisPfa/program/PFA-model.R, -programDir, G:/Workflowcomponents1/WorkflowComponents/AnalysisPfa/, -workingDir, G:\Workflowcomponents1\WorkflowComponents\AnalysisPfa/test/ComponentTestOutput/output/, -analysis, Simple, -model, "KC (Cluster)", -file0, "G:/Workflowcomponents1/WorkflowComponents/AnalysisPfa/test/example_transactions/GeneratePfaFeatures_output.txt"]
ERROR: [main] edu.cmu.pslc.learnsphere.analysis.pfa.PFAMain 05 May 2017 13:36:27,594 - Error status returned: 1
INFO: [main] edu.cmu.pslc.learnsphere.analysis.pfa.PFAMain 05 May 2017 13:37:15,038 - Command-line args: [-componentXmlFile, G:\Workflowcomponents1\WorkflowComponents\AnalysisPfa/test/components/PFA_component_example.xml, -workflowDir, G:\Workflowcomponents1\WorkflowComponents\AnalysisPfa/test/, -toolDir, G:\Workflowcomponents1\WorkflowComponents\AnalysisPfa/, -schemaFile, G:\Workflowcomponents1\WorkflowComponents\AnalysisPfa/schemas/AnalysisPfa_v1_0.xsd]
INFO: [main] edu.cmu.pslc.learnsphere.analysis.pfa.PFAMain 05 May 2017 13:37:15,040 - Initializing workflow component.
INFO: [main] edu.cmu.pslc.datashop.servlet.workflows.WorkflowHelper 05 May 2017 13:37:15,150 - Reading G:\Workflowcomponents1\WorkflowComponents\AnalysisPfa/test/components/PFA_component_example.xml
INFO: [main] edu.cmu.pslc.datashop.servlet.workflows.WorkflowHelper 05 May 2017 13:37:15,152 - File absolute path: G:\Workflowcomponents1\WorkflowComponents\AnalysisPfa\test\components\PFA_component_example.xml
INFO: [main] edu.cmu.pslc.datashop.servlet.workflows.WorkflowHelper 05 May 2017 13:37:15,152 - File canonical path: G:\Workflowcomponents1\WorkflowComponents\AnalysisPfa\test\components\PFA_component_example.xml
INFO: [main] edu.cmu.pslc.learnsphere.analysis.pfa.PFAMain 05 May 2017 13:37:15,167 - Initializing component options.
INFO: [main] edu.cmu.pslc.learnsphere.analysis.pfa.PFAMain 05 May 2017 13:37:15,167 - Using existing component options.
INFO: [main] edu.cmu.pslc.learnsphere.analysis.pfa.PFAMain 05 May 2017 13:37:15,249 - Processing Options
INFO: [main] edu.cmu.pslc.learnsphere.analysis.pfa.PFAMain 05 May 2017 13:37:15,249 - Validating workflow component.
INFO: [main] edu.cmu.pslc.learnsphere.analysis.pfa.PFAMain 05 May 2017 13:37:15,481 - Testing workflow component.
INFO: [main] edu.cmu.pslc.learnsphere.analysis.pfa.PFAMain 05 May 2017 13:37:15,481 - Executing workflow component.
INFO: [main] edu.cmu.pslc.learnsphere.analysis.pfa.PFAMain 05 May 2017 13:37:15,633 - Executing process: [C:\Program, Files\R\R-3.4.0\bin\Rscript.exe, G:/Workflowcomponents1/WorkflowComponents/AnalysisPfa/program\PFA-model.R, -programDir, G:/Workflowcomponents1/WorkflowComponents/AnalysisPfa/, -workingDir, G:\Workflowcomponents1\WorkflowComponents\AnalysisPfa/test/ComponentTestOutput/output/, -analysis, Simple, -model, "KC (Cluster)", -file0, "G:/Workflowcomponents1/WorkflowComponents/AnalysisPfa/test/example_transactions/GeneratePfaFeatures_output.txt"]
ERROR: [main] edu.cmu.pslc.learnsphere.analysis.pfa.PFAMain 05 May 2017 13:37:15,754 - Error status returned: 1
INFO: [main] edu.cmu.pslc.learnsphere.analysis.pfa.PFAMain 05 May 2017 13:38:56,892 - Command-line args: [-componentXmlFile, G:\Workflowcomponents1\WorkflowComponents\AnalysisPfa/test/components/PFA_component_example.xml, -workflowDir, G:\Workflowcomponents1\WorkflowComponents\AnalysisPfa/test/, -toolDir, G:\Workflowcomponents1\WorkflowComponents\AnalysisPfa/, -schemaFile, G:\Workflowcomponents1\WorkflowComponents\AnalysisPfa/schemas/AnalysisPfa_v1_0.xsd]
INFO: [main] edu.cmu.pslc.learnsphere.analysis.pfa.PFAMain 05 May 2017 13:38:56,894 - Initializing workflow component.
INFO: [main] edu.cmu.pslc.datashop.servlet.workflows.WorkflowHelper 05 May 2017 13:38:57,005 - Reading G:\Workflowcomponents1\WorkflowComponents\AnalysisPfa/test/components/PFA_component_example.xml
INFO: [main] edu.cmu.pslc.datashop.servlet.workflows.WorkflowHelper 05 May 2017 13:38:57,007 - File absolute path: G:\Workflowcomponents1\WorkflowComponents\AnalysisPfa\test\components\PFA_component_example.xml
INFO: [main] edu.cmu.pslc.datashop.servlet.workflows.WorkflowHelper 05 May 2017 13:38:57,007 - File canonical path: G:\Workflowcomponents1\WorkflowComponents\AnalysisPfa\test\components\PFA_component_example.xml
INFO: [main] edu.cmu.pslc.learnsphere.analysis.pfa.PFAMain 05 May 2017 13:38:57,021 - Initializing component options.
INFO: [main] edu.cmu.pslc.learnsphere.analysis.pfa.PFAMain 05 May 2017 13:38:57,021 - Using existing component options.
INFO: [main] edu.cmu.pslc.learnsphere.analysis.pfa.PFAMain 05 May 2017 13:38:57,102 - Processing Options
INFO: [main] edu.cmu.pslc.learnsphere.analysis.pfa.PFAMain 05 May 2017 13:38:57,103 - Validating workflow component.
INFO: [main] edu.cmu.pslc.learnsphere.analysis.pfa.PFAMain 05 May 2017 13:38:57,336 - Testing workflow component.
INFO: [main] edu.cmu.pslc.learnsphere.analysis.pfa.PFAMain 05 May 2017 13:38:57,337 - Executing workflow component.
INFO: [main] edu.cmu.pslc.learnsphere.analysis.pfa.PFAMain 05 May 2017 13:38:57,506 - Executing process: [C:\Program, Files\R\R-3.4.0\bin\Rscript.exe, G:/Workflowcomponents1/WorkflowComponents/AnalysisPfa/program\PFA-model.R, -programDir, G:/Workflowcomponents1/WorkflowComponents/AnalysisPfa/, -workingDir, G:\Workflowcomponents1\WorkflowComponents\AnalysisPfa/test/ComponentTestOutput/output/, -analysis, Simple, -model, "KC (Cluster)", -file0, "G:/Workflowcomponents1/WorkflowComponents/AnalysisPfa/test/example_transactions/GeneratePfaFeatures_output.txt"]
ERROR: [main] edu.cmu.pslc.learnsphere.analysis.pfa.PFAMain 05 May 2017 13:38:57,625 - Error status returned: 1
INFO: [main] edu.cmu.pslc.learnsphere.analysis.pfa.PFAMain 05 May 2017 13:45:40,956 - Command-line args: [-componentXmlFile, G:\Workflowcomponents1\WorkflowComponents\AnalysisPfa/test/components/PFA_component_example.xml, -workflowDir, G:\Workflowcomponents1\WorkflowComponents\AnalysisPfa/test/, -toolDir, G:\Workflowcomponents1\WorkflowComponents\AnalysisPfa/, -schemaFile, G:\Workflowcomponents1\WorkflowComponents\AnalysisPfa/schemas/AnalysisPfa_v1_0.xsd]
INFO: [main] edu.cmu.pslc.learnsphere.analysis.pfa.PFAMain 05 May 2017 13:45:40,959 - Initializing workflow component.
INFO: [main] edu.cmu.pslc.datashop.servlet.workflows.WorkflowHelper 05 May 2017 13:45:41,078 - Reading G:\Workflowcomponents1\WorkflowComponents\AnalysisPfa/test/components/PFA_component_example.xml
INFO: [main] edu.cmu.pslc.datashop.servlet.workflows.WorkflowHelper 05 May 2017 13:45:41,080 - File absolute path: G:\Workflowcomponents1\WorkflowComponents\AnalysisPfa\test\components\PFA_component_example.xml
INFO: [main] edu.cmu.pslc.datashop.servlet.workflows.WorkflowHelper 05 May 2017 13:45:41,080 - File canonical path: G:\Workflowcomponents1\WorkflowComponents\AnalysisPfa\test\components\PFA_component_example.xml
INFO: [main] edu.cmu.pslc.learnsphere.analysis.pfa.PFAMain 05 May 2017 13:45:41,094 - Initializing component options.
INFO: [main] edu.cmu.pslc.learnsphere.analysis.pfa.PFAMain 05 May 2017 13:45:41,094 - Using existing component options.
INFO: [main] edu.cmu.pslc.learnsphere.analysis.pfa.PFAMain 05 May 2017 13:45:41,189 - Processing Options
INFO: [main] edu.cmu.pslc.learnsphere.analysis.pfa.PFAMain 05 May 2017 13:45:41,189 - Validating workflow component.
INFO: [main] edu.cmu.pslc.learnsphere.analysis.pfa.PFAMain 05 May 2017 13:45:41,428 - Testing workflow component.
INFO: [main] edu.cmu.pslc.learnsphere.analysis.pfa.PFAMain 05 May 2017 13:45:41,428 - Executing workflow component.
INFO: [main] edu.cmu.pslc.learnsphere.analysis.pfa.PFAMain 05 May 2017 13:45:41,584 - Executing process: [C:\Program, Files\R\R-3.4.0\bin\Rscript.exe, G:/Workflowcomponents1/WorkflowComponents/AnalysisPfa/program\insPFA-model.R, -programDir, G:/Workflowcomponents1/WorkflowComponents/AnalysisPfa/, -workingDir, G:\Workflowcomponents1\WorkflowComponents\AnalysisPfa/test/ComponentTestOutput/output/, -analysis, Simple, -model, "KC (Cluster)", -file0, "G:/Workflowcomponents1/WorkflowComponents/AnalysisPfa/test/example_transactions/GeneratePfaFeatures_output.txt"]
ERROR: [main] edu.cmu.pslc.learnsphere.analysis.pfa.PFAMain 05 May 2017 13:45:41,646 - Error status returned: 2
INFO: [main] edu.cmu.pslc.learnsphere.analysis.pfa.PFAMain 05 May 2017 13:46:26,153 - Command-line args: [-componentXmlFile, G:\Workflowcomponents1\WorkflowComponents\AnalysisPfa/test/components/PFA_component_example.xml, -workflowDir, G:\Workflowcomponents1\WorkflowComponents\AnalysisPfa/test/, -toolDir, G:\Workflowcomponents1\WorkflowComponents\AnalysisPfa/, -schemaFile, G:\Workflowcomponents1\WorkflowComponents\AnalysisPfa/schemas/AnalysisPfa_v1_0.xsd]
INFO: [main] edu.cmu.pslc.learnsphere.analysis.pfa.PFAMain 05 May 2017 13:46:26,155 - Initializing workflow component.
INFO: [main] edu.cmu.pslc.datashop.servlet.workflows.WorkflowHelper 05 May 2017 13:46:26,271 - Reading G:\Workflowcomponents1\WorkflowComponents\AnalysisPfa/test/components/PFA_component_example.xml
INFO: [main] edu.cmu.pslc.datashop.servlet.workflows.WorkflowHelper 05 May 2017 13:46:26,273 - File absolute path: G:\Workflowcomponents1\WorkflowComponents\AnalysisPfa\test\components\PFA_component_example.xml
INFO: [main] edu.cmu.pslc.datashop.servlet.workflows.WorkflowHelper 05 May 2017 13:46:26,274 - File canonical path: G:\Workflowcomponents1\WorkflowComponents\AnalysisPfa\test\components\PFA_component_example.xml
INFO: [main] edu.cmu.pslc.learnsphere.analysis.pfa.PFAMain 05 May 2017 13:46:26,287 - Initializing component options.
INFO: [main] edu.cmu.pslc.learnsphere.analysis.pfa.PFAMain 05 May 2017 13:46:26,288 - Using existing component options.
INFO: [main] edu.cmu.pslc.learnsphere.analysis.pfa.PFAMain 05 May 2017 13:46:26,370 - Processing Options
INFO: [main] edu.cmu.pslc.learnsphere.analysis.pfa.PFAMain 05 May 2017 13:46:26,370 - Validating workflow component.
INFO: [main] edu.cmu.pslc.learnsphere.analysis.pfa.PFAMain 05 May 2017 13:46:26,610 - Testing workflow component.
INFO: [main] edu.cmu.pslc.learnsphere.analysis.pfa.PFAMain 05 May 2017 13:46:26,610 - Executing workflow component.
INFO: [main] edu.cmu.pslc.learnsphere.analysis.pfa.PFAMain 05 May 2017 13:46:26,764 - Executing process: [C:\Program, Files\R\R-3.4.0\bin\Rscript.exe, G:/Workflowcomponents1/WorkflowComponents/AnalysisPfa/program\insPFA-model.R, -programDir, G:/Workflowcomponents1/WorkflowComponents/AnalysisPfa/, -workingDir, G:\Workflowcomponents1\WorkflowComponents\AnalysisPfa/test/ComponentTestOutput/output/, -analysis, Simple, -model, "KC (Cluster)", -file0, "G:/Workflowcomponents1/WorkflowComponents/AnalysisPfa/test/example_transactions/GeneratePfaFeatures_output.txt"]
ERROR: [main] edu.cmu.pslc.learnsphere.analysis.pfa.PFAMain 05 May 2017 13:46:26,794 - Error status returned: 2
INFO: [main] edu.cmu.pslc.learnsphere.analysis.pfa.PFAMain 05 May 2017 13:48:15,412 - Command-line args: [-componentXmlFile, G:\Workflowcomponents1\WorkflowComponents\AnalysisPfa/test/components/PFA_component_example.xml, -workflowDir, G:\Workflowcomponents1\WorkflowComponents\AnalysisPfa/test/, -toolDir, G:\Workflowcomponents1\WorkflowComponents\AnalysisPfa/, -schemaFile, G:\Workflowcomponents1\WorkflowComponents\AnalysisPfa/schemas/AnalysisPfa_v1_0.xsd]
INFO: [main] edu.cmu.pslc.learnsphere.analysis.pfa.PFAMain 05 May 2017 13:48:15,414 - Initializing workflow component.
INFO: [main] edu.cmu.pslc.datashop.servlet.workflows.WorkflowHelper 05 May 2017 13:48:15,532 - Reading G:\Workflowcomponents1\WorkflowComponents\AnalysisPfa/test/components/PFA_component_example.xml
INFO: [main] edu.cmu.pslc.datashop.servlet.workflows.WorkflowHelper 05 May 2017 13:48:15,534 - File absolute path: G:\Workflowcomponents1\WorkflowComponents\AnalysisPfa\test\components\PFA_component_example.xml
INFO: [main] edu.cmu.pslc.datashop.servlet.workflows.WorkflowHelper 05 May 2017 13:48:15,534 - File canonical path: G:\Workflowcomponents1\WorkflowComponents\AnalysisPfa\test\components\PFA_component_example.xml
INFO: [main] edu.cmu.pslc.learnsphere.analysis.pfa.PFAMain 05 May 2017 13:48:15,547 - Initializing component options.
INFO: [main] edu.cmu.pslc.learnsphere.analysis.pfa.PFAMain 05 May 2017 13:48:15,547 - Using existing component options.
INFO: [main] edu.cmu.pslc.learnsphere.analysis.pfa.PFAMain 05 May 2017 13:48:15,629 - Processing Options
INFO: [main] edu.cmu.pslc.learnsphere.analysis.pfa.PFAMain 05 May 2017 13:48:15,629 - Validating workflow component.
INFO: [main] edu.cmu.pslc.learnsphere.analysis.pfa.PFAMain 05 May 2017 13:48:15,863 - Testing workflow component.
INFO: [main] edu.cmu.pslc.learnsphere.analysis.pfa.PFAMain 05 May 2017 13:48:15,863 - Executing workflow component.
INFO: [main] edu.cmu.pslc.learnsphere.analysis.pfa.PFAMain 05 May 2017 13:48:16,014 - Executing process: [C:\Program, Files\R\R-3.4.0\bin\Rscript.exe, G:/Workflowcomponents1/WorkflowComponents/AnalysisPfa/program\PFA-model.R, -programDir, G:/Workflowcomponents1/WorkflowComponents/AnalysisPfa/, -workingDir, G:\Workflowcomponents1\WorkflowComponents\AnalysisPfa/test/ComponentTestOutput/output/, -analysis, Simple, -model, "KC (Cluster)", -file0, "G:/Workflowcomponents1/WorkflowComponents/AnalysisPfa/test/example_transactions/GeneratePfaFeatures_output.txt"]
INFO: [main] edu.cmu.pslc.datashop.servlet.workflows.WorkflowHelper 05 May 2017 13:48:25,303 - First line: Row	Sample Name	Transaction Id	Anon Student Id	Session Id	Time	Time Zone	Duration (sec)	Student Response Type	Student Response Subtype	Tutor Response Type	Tutor Response Subtype	Level (Unit)	Level (Unitname)	Problem Name	Problem View	Problem Start Time	Step Name	Attempt At Step	Is Last Attempt	Outcome	Selection	Action	Input	Feedback Text	Feedback Classification	Help Level	Total Num Hints	Condition Name	Condition Type	Condition Name	Condition Type	Condition Name	Condition Type	Condition Name	Condition Type	KC (Default)	KC Category (Default)	KC (Cluster)	KC Category (Cluster)	KC (Item Model)	KC Category (Item Model)	KC (Single-KC)	KC Category (Single-KC)	KC (Unique-step)	KC Category (Unique-step)	School	Class	CF (Correct Answer)	CF (Display Order)	CF (End Latency)	CF (Response Time)	CF (Review Latency)	CF (Set Shuffled Index)	CF (Start Latency)	CF (Stim File Index)	CF (Stimulus Version)	CF (ansbin)	CF (KCindex)	CF (cor)	CF (incor)	CF (study)	CF (modbin)
INFO: [main] edu.cmu.pslc.datashop.servlet.workflows.WorkflowHelper 05 May 2017 13:48:25,303 - Delim: 	
INFO: [main] edu.cmu.pslc.datashop.servlet.workflows.WorkflowHelper 05 May 2017 13:48:25,309 - First line: Generalized linear mixed model fit by maximum likelihood (Laplace Approximation) ['glmerMod']
INFO: [main] edu.cmu.pslc.datashop.servlet.workflows.WorkflowHelper 05 May 2017 13:48:25,309 - Delim: 	
INFO: [main] edu.cmu.pslc.datashop.servlet.workflows.WorkflowHelper 05 May 2017 13:48:25,310 - First line: KC..Cluster..0 A distribution describes the likelihood that observations will occur within any range of values.	-0.0776225373810834
INFO: [main] edu.cmu.pslc.datashop.servlet.workflows.WorkflowHelper 05 May 2017 13:48:25,310 - Delim: 	
INFO: [main] edu.cmu.pslc.datashop.servlet.workflows.WorkflowHelper 05 May 2017 13:48:25,310 - First line: <model_output>
INFO: [main] edu.cmu.pslc.datashop.servlet.workflows.WorkflowHelper 05 May 2017 13:48:25,311 - Delim: 	
INFO: [main] edu.cmu.pslc.learnsphere.analysis.pfa.PFAMain 25 May 2017 12:40:27,137 - Command-line args: [-componentXmlFile, G:\Workflowcomponents1\WorkflowComponents\AnalysisPfa/test/components/PFA_component_example.xml, -workflowDir, G:\Workflowcomponents1\WorkflowComponents\AnalysisPfa/test/, -toolDir, G:\Workflowcomponents1\WorkflowComponents\AnalysisPfa/, -schemaFile, G:\Workflowcomponents1\WorkflowComponents\AnalysisPfa/schemas/AnalysisPfa_v1_0.xsd]
INFO: [main] edu.cmu.pslc.learnsphere.analysis.pfa.PFAMain 25 May 2017 12:40:27,139 - Initializing workflow component.
INFO: [main] edu.cmu.pslc.datashop.servlet.workflows.WorkflowHelper 25 May 2017 12:40:27,267 - Reading G:\Workflowcomponents1\WorkflowComponents\AnalysisPfa/test/components/PFA_component_example.xml
INFO: [main] edu.cmu.pslc.datashop.servlet.workflows.WorkflowHelper 25 May 2017 12:40:27,270 - File absolute path: G:\Workflowcomponents1\WorkflowComponents\AnalysisPfa\test\components\PFA_component_example.xml
INFO: [main] edu.cmu.pslc.datashop.servlet.workflows.WorkflowHelper 25 May 2017 12:40:27,270 - File canonical path: G:\Workflowcomponents1\WorkflowComponents\AnalysisPfa\test\components\PFA_component_example.xml
INFO: [main] edu.cmu.pslc.learnsphere.analysis.pfa.PFAMain 25 May 2017 12:40:27,286 - Initializing component options.
INFO: [main] edu.cmu.pslc.learnsphere.analysis.pfa.PFAMain 25 May 2017 12:40:27,286 - Using existing component options.
INFO: [main] edu.cmu.pslc.learnsphere.analysis.pfa.PFAMain 25 May 2017 12:40:27,386 - Processing Options
INFO: [main] edu.cmu.pslc.learnsphere.analysis.pfa.PFAMain 25 May 2017 12:40:27,387 - Validating workflow component.
INFO: [main] edu.cmu.pslc.learnsphere.analysis.pfa.PFAMain 25 May 2017 12:40:27,655 - Testing workflow component.
INFO: [main] edu.cmu.pslc.learnsphere.analysis.pfa.PFAMain 25 May 2017 12:40:27,655 - Executing workflow component.
INFO: [main] edu.cmu.pslc.learnsphere.analysis.pfa.PFAMain 25 May 2017 12:40:27,837 - Executing process: [C:\Program, Files\R\R-3.4.0\bin\Rscript.exe, G:/Workflowcomponents1/WorkflowComponents/AnalysisPfa/program\PFA-model.R, -programDir, G:/Workflowcomponents1/WorkflowComponents/AnalysisPfa/, -workingDir, G:\Workflowcomponents1\WorkflowComponents\AnalysisPfa/test/ComponentTestOutput/output/, -analysis, Simple, -model, "KC (Cluster)", -file0, "G:/Workflowcomponents1/WorkflowComponents/AnalysisPfa/test/example_transactions/GeneratePfaFeatures_output.txt"]
ERROR: [main] edu.cmu.pslc.learnsphere.analysis.pfa.PFAMain 25 May 2017 12:40:30,335 - Error status returned: 1
INFO: [main] edu.cmu.pslc.datashop.servlet.workflows.WorkflowHelper 25 May 2017 12:40:30,377 - First line: Row	Sample Name	Transaction Id	Anon Student Id	Session Id	Time	Time Zone	Duration (sec)	Student Response Type	Student Response Subtype	Tutor Response Type	Tutor Response Subtype	Level (Unit)	Level (Unitname)	Problem Name	Problem View	Problem Start Time	Step Name	Attempt At Step	Is Last Attempt	Outcome	Selection	Action	Input	Feedback Text	Feedback Classification	Help Level	Total Num Hints	Condition Name	Condition Type	Condition Name	Condition Type	Condition Name	Condition Type	Condition Name	Condition Type	KC (Default)	KC Category (Default)	KC (Cluster)	KC Category (Cluster)	KC (Item Model)	KC Category (Item Model)	KC (Single-KC)	KC Category (Single-KC)	KC (Unique-step)	KC Category (Unique-step)	School	Class	CF (Correct Answer)	CF (Display Order)	CF (End Latency)	CF (Response Time)	CF (Review Latency)	CF (Set Shuffled Index)	CF (Start Latency)	CF (Stim File Index)	CF (Stimulus Version)	CF (ansbin)	CF (KCindex)	CF (cor)	CF (incor)	CF (study)	CF (modbin)
INFO: [main] edu.cmu.pslc.datashop.servlet.workflows.WorkflowHelper 25 May 2017 12:40:30,377 - Delim: 	
INFO: [main] edu.cmu.pslc.datashop.servlet.workflows.WorkflowHelper 25 May 2017 12:40:30,384 - First line: Error in eval(predvars, data, env) : object 'CF..ansbin.' not found
INFO: [main] edu.cmu.pslc.datashop.servlet.workflows.WorkflowHelper 25 May 2017 12:40:30,384 - Delim: 	
INFO: [main] edu.cmu.pslc.datashop.servlet.workflows.WorkflowHelper 25 May 2017 12:40:30,398 - First line: KC..Cluster..0 A distribution describes the likelihood that observations will occur within any range of values.	-0.0776225373810834
INFO: [main] edu.cmu.pslc.datashop.servlet.workflows.WorkflowHelper 25 May 2017 12:40:30,398 - Delim: 	
INFO: [main] edu.cmu.pslc.datashop.servlet.workflows.WorkflowHelper 25 May 2017 12:40:30,402 - First line: <model_output>
INFO: [main] edu.cmu.pslc.datashop.servlet.workflows.WorkflowHelper 25 May 2017 12:40:30,403 - Delim: 	
