INFO: [main] edu.cmu.learnsphere.visualization.trendMAPMain 23 Jul 2020 14:33:46,324 - Command-line args: [-componentXmlFile, C:\Users\sharm\Desktop\componentDev\WorkflowComponents-dev\trendMAP/test/components/ComponenttrendMAP.xml, -workflowDir, C:\Users\sharm\Desktop\componentDev\WorkflowComponents-dev\trendMAP/test/, -toolDir, C:\Users\sharm\Desktop\componentDev\WorkflowComponents-dev\trendMAP/, -schemaFile, C:\Users\sharm\Desktop\componentDev\WorkflowComponents-dev\trendMAP/schemas/trendMAP_v1_0.xsd]
INFO: [main] edu.cmu.learnsphere.visualization.trendMAPMain 23 Jul 2020 14:33:46,325 - Initializing workflow component.
INFO: [main] edu.cmu.pslc.datashop.servlet.workflows.WorkflowFileUtils 23 Jul 2020 14:33:46,436 - Reading C:\Users\sharm\Desktop\componentDev\WorkflowComponents-dev\trendMAP/test/components/ComponenttrendMAP.xml
INFO: [main] edu.cmu.pslc.datashop.servlet.workflows.WorkflowFileUtils 23 Jul 2020 14:33:46,439 - File absolute path: C:\Users\sharm\Desktop\componentDev\WorkflowComponents-dev\trendMAP\test\components\ComponenttrendMAP.xml
INFO: [main] edu.cmu.learnsphere.visualization.trendMAPMain 23 Jul 2020 14:33:46,455 - Initializing component options.
INFO: [main] edu.cmu.learnsphere.visualization.trendMAPMain 23 Jul 2020 14:33:46,455 - Using existing component options.
INFO: [main] edu.cmu.learnsphere.visualization.trendMAPMain 23 Jul 2020 14:33:46,552 - Processing Options
INFO: [main] edu.cmu.learnsphere.visualization.trendMAPMain 23 Jul 2020 14:33:46,552 - Validating workflow component.
INFO: [main] edu.cmu.learnsphere.visualization.trendMAPMain 23 Jul 2020 14:33:46,719 - Testing workflow component.
INFO: [main] edu.cmu.learnsphere.visualization.trendMAPMain 23 Jul 2020 14:33:46,720 - Executing workflow component.
INFO: [main] edu.cmu.learnsphere.visualization.trendMAPMain 23 Jul 2020 14:33:46,721 - Executing process: [C:/Program, Files/R/R-3.6.2/bin/Rscript, C:\Users\sharm\Desktop\componentDev\WorkflowComponents-dev\trendMAP//program/trendMap.R, -programDir, C:\Users\sharm\Desktop\componentDev\WorkflowComponents-dev\trendMAP/, -workingDir, C:\Users\sharm\Desktop\componentDev\WorkflowComponents-dev\trendMAP/test//ComponentTestOutput/output/, -discipline, Mathematics, -node, 0, -fileIndex, 0, C:\Users\sharm\Desktop\componentDev\WorkflowComponents-dev\trendMAP\test\test_data\data1718.csv, -node, 1, -fileIndex, 0, C:\Users\sharm\Desktop\componentDev\WorkflowComponents-dev\trendMAP\test\test_data\data1819.csv]
INFO: [main] edu.cmu.learnsphere.visualization.trendMAPMain 23 Jul 2020 16:04:17,959 - Command-line args: [-componentXmlFile, C:\Users\sharm\Desktop\componentDev\WorkflowComponents-dev\trendMAP/test/components/ComponenttrendMAP.xml, -workflowDir, C:\Users\sharm\Desktop\componentDev\WorkflowComponents-dev\trendMAP/test/, -toolDir, C:\Users\sharm\Desktop\componentDev\WorkflowComponents-dev\trendMAP/, -schemaFile, C:\Users\sharm\Desktop\componentDev\WorkflowComponents-dev\trendMAP/schemas/trendMAP_v1_0.xsd]
INFO: [main] edu.cmu.learnsphere.visualization.trendMAPMain 23 Jul 2020 16:04:17,960 - Initializing workflow component.
INFO: [main] edu.cmu.pslc.datashop.servlet.workflows.WorkflowFileUtils 23 Jul 2020 16:04:18,101 - Reading C:\Users\sharm\Desktop\componentDev\WorkflowComponents-dev\trendMAP/test/components/ComponenttrendMAP.xml
INFO: [main] edu.cmu.pslc.datashop.servlet.workflows.WorkflowFileUtils 23 Jul 2020 16:04:18,104 - File absolute path: C:\Users\sharm\Desktop\componentDev\WorkflowComponents-dev\trendMAP\test\components\ComponenttrendMAP.xml
INFO: [main] edu.cmu.learnsphere.visualization.trendMAPMain 23 Jul 2020 16:04:18,127 - Initializing component options.
INFO: [main] edu.cmu.learnsphere.visualization.trendMAPMain 23 Jul 2020 16:04:18,128 - Using existing component options.
INFO: [main] edu.cmu.learnsphere.visualization.trendMAPMain 23 Jul 2020 16:04:18,219 - Processing Options
INFO: [main] edu.cmu.learnsphere.visualization.trendMAPMain 23 Jul 2020 16:04:18,219 - Validating workflow component.
INFO: [main] edu.cmu.learnsphere.visualization.trendMAPMain 23 Jul 2020 16:04:18,385 - Testing workflow component.
INFO: [main] edu.cmu.learnsphere.visualization.trendMAPMain 23 Jul 2020 16:04:18,385 - Executing workflow component.
INFO: [main] edu.cmu.learnsphere.visualization.trendMAPMain 23 Jul 2020 16:04:18,387 - Executing process: [C:/Program, Files/R/R-3.6.2/bin/Rscript, C:\Users\sharm\Desktop\componentDev\WorkflowComponents-dev\trendMAP//program/trendMap.R, -programDir, C:\Users\sharm\Desktop\componentDev\WorkflowComponents-dev\trendMAP/, -workingDir, C:\Users\sharm\Desktop\componentDev\WorkflowComponents-dev\trendMAP/test//ComponentTestOutput/output/, -discipline, Mathematics, -node, 0, -fileIndex, 0, C:\Users\sharm\Desktop\componentDev\WorkflowComponents-dev\trendMAP\test\test_data\data1718.csv, -node, 1, -fileIndex, 0, C:\Users\sharm\Desktop\componentDev\WorkflowComponents-dev\trendMAP\test\test_data\data1819.csv]
INFO: [main] edu.cmu.learnsphere.visualization.trendMAPMain 23 Jul 2020 16:15:26,723 - Command-line args: [-componentXmlFile, C:\Users\sharm\Desktop\componentDev\WorkflowComponents-dev\trendMAP/test/components/ComponenttrendMAP.xml, -workflowDir, C:\Users\sharm\Desktop\componentDev\WorkflowComponents-dev\trendMAP/test/, -toolDir, C:\Users\sharm\Desktop\componentDev\WorkflowComponents-dev\trendMAP/, -schemaFile, C:\Users\sharm\Desktop\componentDev\WorkflowComponents-dev\trendMAP/schemas/trendMAP_v1_0.xsd]
INFO: [main] edu.cmu.learnsphere.visualization.trendMAPMain 23 Jul 2020 16:15:26,725 - Initializing workflow component.
INFO: [main] edu.cmu.pslc.datashop.servlet.workflows.WorkflowFileUtils 23 Jul 2020 16:15:26,838 - Reading C:\Users\sharm\Desktop\componentDev\WorkflowComponents-dev\trendMAP/test/components/ComponenttrendMAP.xml
INFO: [main] edu.cmu.pslc.datashop.servlet.workflows.WorkflowFileUtils 23 Jul 2020 16:15:26,841 - File absolute path: C:\Users\sharm\Desktop\componentDev\WorkflowComponents-dev\trendMAP\test\components\ComponenttrendMAP.xml
INFO: [main] edu.cmu.learnsphere.visualization.trendMAPMain 23 Jul 2020 16:15:26,853 - Initializing component options.
INFO: [main] edu.cmu.learnsphere.visualization.trendMAPMain 23 Jul 2020 16:15:26,853 - Using existing component options.
INFO: [main] edu.cmu.learnsphere.visualization.trendMAPMain 23 Jul 2020 16:15:26,937 - Processing Options
INFO: [main] edu.cmu.learnsphere.visualization.trendMAPMain 23 Jul 2020 16:15:26,937 - Validating workflow component.
INFO: [main] edu.cmu.learnsphere.visualization.trendMAPMain 23 Jul 2020 16:15:27,118 - Testing workflow component.
INFO: [main] edu.cmu.learnsphere.visualization.trendMAPMain 23 Jul 2020 16:15:27,118 - Executing workflow component.
INFO: [main] edu.cmu.learnsphere.visualization.trendMAPMain 23 Jul 2020 16:15:27,118 - Executing process: [C:/Program, Files/R/R-3.6.2/bin/Rscript, C:\Users\sharm\Desktop\componentDev\WorkflowComponents-dev\trendMAP//program/trendMap.R, -programDir, C:\Users\sharm\Desktop\componentDev\WorkflowComponents-dev\trendMAP/, -workingDir, C:\Users\sharm\Desktop\componentDev\WorkflowComponents-dev\trendMAP/test//ComponentTestOutput/output/, -discipline, Mathematics, -node, 0, -fileIndex, 0, C:\Users\sharm\Desktop\componentDev\WorkflowComponents-dev\trendMAP\test\test_data\data1718.csv, -node, 1, -fileIndex, 0, C:\Users\sharm\Desktop\componentDev\WorkflowComponents-dev\trendMAP\test\test_data\data1819.csv]
INFO: [main] edu.cmu.learnsphere.visualization.trendMAPMain 23 Jul 2020 16:17:06,137 - Command-line args: [-componentXmlFile, C:\Users\sharm\Desktop\componentDev\WorkflowComponents-dev\trendMAP/test/components/ComponenttrendMAP.xml, -workflowDir, C:\Users\sharm\Desktop\componentDev\WorkflowComponents-dev\trendMAP/test/, -toolDir, C:\Users\sharm\Desktop\componentDev\WorkflowComponents-dev\trendMAP/, -schemaFile, C:\Users\sharm\Desktop\componentDev\WorkflowComponents-dev\trendMAP/schemas/trendMAP_v1_0.xsd]
INFO: [main] edu.cmu.learnsphere.visualization.trendMAPMain 23 Jul 2020 16:17:06,138 - Initializing workflow component.
INFO: [main] edu.cmu.pslc.datashop.servlet.workflows.WorkflowFileUtils 23 Jul 2020 16:17:06,270 - Reading C:\Users\sharm\Desktop\componentDev\WorkflowComponents-dev\trendMAP/test/components/ComponenttrendMAP.xml
INFO: [main] edu.cmu.pslc.datashop.servlet.workflows.WorkflowFileUtils 23 Jul 2020 16:17:06,273 - File absolute path: C:\Users\sharm\Desktop\componentDev\WorkflowComponents-dev\trendMAP\test\components\ComponenttrendMAP.xml
INFO: [main] edu.cmu.learnsphere.visualization.trendMAPMain 23 Jul 2020 16:17:06,287 - Initializing component options.
INFO: [main] edu.cmu.learnsphere.visualization.trendMAPMain 23 Jul 2020 16:17:06,288 - Using existing component options.
INFO: [main] edu.cmu.learnsphere.visualization.trendMAPMain 23 Jul 2020 16:17:06,369 - Processing Options
INFO: [main] edu.cmu.learnsphere.visualization.trendMAPMain 23 Jul 2020 16:17:06,370 - Validating workflow component.
INFO: [main] edu.cmu.learnsphere.visualization.trendMAPMain 23 Jul 2020 16:17:06,543 - Testing workflow component.
INFO: [main] edu.cmu.learnsphere.visualization.trendMAPMain 23 Jul 2020 16:17:06,543 - Executing workflow component.
INFO: [main] edu.cmu.learnsphere.visualization.trendMAPMain 23 Jul 2020 16:17:06,544 - Executing process: [C:/Program, Files/R/R-3.6.2/bin/Rscript, C:\Users\sharm\Desktop\componentDev\WorkflowComponents-dev\trendMAP//program/trendMap.R, -programDir, C:\Users\sharm\Desktop\componentDev\WorkflowComponents-dev\trendMAP/, -workingDir, C:\Users\sharm\Desktop\componentDev\WorkflowComponents-dev\trendMAP/test//ComponentTestOutput/output/, -discipline, Mathematics, -node, 0, -fileIndex, 0, C:\Users\sharm\Desktop\componentDev\WorkflowComponents-dev\trendMAP\test\test_data\data1718.csv, -node, 1, -fileIndex, 0, C:\Users\sharm\Desktop\componentDev\WorkflowComponents-dev\trendMAP\test\test_data\data1819.csv]
INFO: [main] edu.cmu.learnsphere.visualization.trendMAPMain 23 Jul 2020 16:26:54,198 - Command-line args: [-componentXmlFile, C:\Users\sharm\Desktop\componentDev\WorkflowComponents-dev\trendMAP/test/components/ComponenttrendMAP.xml, -workflowDir, C:\Users\sharm\Desktop\componentDev\WorkflowComponents-dev\trendMAP/test/, -toolDir, C:\Users\sharm\Desktop\componentDev\WorkflowComponents-dev\trendMAP/, -schemaFile, C:\Users\sharm\Desktop\componentDev\WorkflowComponents-dev\trendMAP/schemas/trendMAP_v1_0.xsd]
INFO: [main] edu.cmu.learnsphere.visualization.trendMAPMain 23 Jul 2020 16:26:54,199 - Initializing workflow component.
INFO: [main] edu.cmu.pslc.datashop.servlet.workflows.WorkflowFileUtils 23 Jul 2020 16:26:54,320 - Reading C:\Users\sharm\Desktop\componentDev\WorkflowComponents-dev\trendMAP/test/components/ComponenttrendMAP.xml
INFO: [main] edu.cmu.pslc.datashop.servlet.workflows.WorkflowFileUtils 23 Jul 2020 16:26:54,323 - File absolute path: C:\Users\sharm\Desktop\componentDev\WorkflowComponents-dev\trendMAP\test\components\ComponenttrendMAP.xml
INFO: [main] edu.cmu.learnsphere.visualization.trendMAPMain 23 Jul 2020 16:26:54,340 - Initializing component options.
INFO: [main] edu.cmu.learnsphere.visualization.trendMAPMain 23 Jul 2020 16:26:54,340 - Using existing component options.
INFO: [main] edu.cmu.learnsphere.visualization.trendMAPMain 23 Jul 2020 16:26:54,416 - Processing Options
INFO: [main] edu.cmu.learnsphere.visualization.trendMAPMain 23 Jul 2020 16:26:54,416 - Validating workflow component.
INFO: [main] edu.cmu.learnsphere.visualization.trendMAPMain 23 Jul 2020 16:26:54,582 - Testing workflow component.
INFO: [main] edu.cmu.learnsphere.visualization.trendMAPMain 23 Jul 2020 16:26:54,582 - Executing workflow component.
INFO: [main] edu.cmu.learnsphere.visualization.trendMAPMain 23 Jul 2020 16:26:54,583 - Executing process: [C:/Program, Files/R/R-3.6.2/bin/Rscript, C:\Users\sharm\Desktop\componentDev\WorkflowComponents-dev\trendMAP//program/trendMap.R, -programDir, C:\Users\sharm\Desktop\componentDev\WorkflowComponents-dev\trendMAP/, -workingDir, C:\Users\sharm\Desktop\componentDev\WorkflowComponents-dev\trendMAP/test//ComponentTestOutput/output/, -discipline, Mathematics, -node, 0, -fileIndex, 0, C:\Users\sharm\Desktop\componentDev\WorkflowComponents-dev\trendMAP\test\test_data\data1718.csv, -node, 1, -fileIndex, 0, C:\Users\sharm\Desktop\componentDev\WorkflowComponents-dev\trendMAP\test\test_data\data1819.csv]
