INFO: [main] edu.cmu.pslc.learnsphere.analysis.studentClustering.StudentClusteringMain 22 May 2018 05:18:42,090 - Command-line args: [-componentXmlFile, C:\Users\AlRousan\Documents\NetBeansProjects\WorkflowComponents2\AnalysisStudentClustering/test/components/StudentClustering_component_example.xml, -workflowDir, C:\Users\AlRousan\Documents\NetBeansProjects\WorkflowComponents2\AnalysisStudentClustering/test/, -toolDir, C:\Users\AlRousan\Documents\NetBeansProjects\WorkflowComponents2\AnalysisStudentClustering/, -schemaFile, C:\Users\AlRousan\Documents\NetBeansProjects\WorkflowComponents2\AnalysisStudentClustering/schemas/AnalysisStudentClustering_v1_0.xsd]
INFO: [main] edu.cmu.pslc.learnsphere.analysis.studentClustering.StudentClusteringMain 22 May 2018 05:18:42,091 - Initializing workflow component.
INFO: [main] edu.cmu.pslc.datashop.servlet.workflows.WorkflowHelper 22 May 2018 05:18:42,194 - Reading C:\Users\AlRousan\Documents\NetBeansProjects\WorkflowComponents2\AnalysisStudentClustering/test/components/StudentClustering_component_example.xml
INFO: [main] edu.cmu.pslc.datashop.servlet.workflows.WorkflowHelper 22 May 2018 05:18:42,195 - File absolute path: C:\Users\AlRousan\Documents\NetBeansProjects\WorkflowComponents2\AnalysisStudentClustering\test\components\StudentClustering_component_example.xml
INFO: [main] edu.cmu.pslc.datashop.servlet.workflows.WorkflowHelper 22 May 2018 05:18:42,196 - File canonical path: C:\Users\AlRousan\Documents\NetBeansProjects\WorkflowComponents2\AnalysisStudentClustering\test\components\StudentClustering_component_example.xml
INFO: [main] edu.cmu.pslc.learnsphere.analysis.studentClustering.StudentClusteringMain 22 May 2018 05:18:42,205 - Initializing component options.
INFO: [main] edu.cmu.pslc.learnsphere.analysis.studentClustering.StudentClusteringMain 22 May 2018 05:18:42,205 - Using existing component options.
INFO: [main] edu.cmu.pslc.learnsphere.analysis.studentClustering.StudentClusteringMain 22 May 2018 05:18:42,262 - Processing Options
INFO: [main] edu.cmu.pslc.learnsphere.analysis.studentClustering.StudentClusteringMain 22 May 2018 05:18:42,263 - Validating workflow component.
INFO: [main] edu.cmu.pslc.learnsphere.analysis.studentClustering.StudentClusteringMain 22 May 2018 05:18:42,409 - Testing workflow component.
INFO: [main] edu.cmu.pslc.learnsphere.analysis.studentClustering.StudentClusteringMain 22 May 2018 05:18:42,409 - Executing workflow component.
INFO: [main] edu.cmu.pslc.learnsphere.analysis.studentClustering.StudentClusteringMain 22 May 2018 05:18:42,410 - Executing process: [C:\Program, Files\R\R-3.4.3\bin\x64\Rscript.exe, C:\Users\AlRousan\Documents\NetBeansProjects\WorkflowComponents2\AnalysisStudentClustering/program/AnalysisStudentClustering.R, -programDir, C:\Users\AlRousan\Documents\NetBeansProjects\WorkflowComponents2\AnalysisStudentClustering/, -workingDir, C:\Users\AlRousan\Documents\NetBeansProjects\WorkflowComponents2\AnalysisStudentClustering/test/ComponentTestOutput/output/, -header1, Anon.Student.Id, -header2, KC..Unique.step., -header3, Duration..sec., -header4, Outcome, -file0, C:\Users\AlRousan\Documents\NetBeansProjects\WorkflowComponents2\AnalysisStudentClustering\test\example_transactions\data.txt]
INFO: [main] edu.cmu.pslc.learnsphere.analysis.studentClustering.StudentClusteringMain 22 May 2018 16:47:59,528 - Command-line args: [-componentXmlFile, C:\Users\AlRousan\Documents\NetBeansProjects\WorkflowComponents2\AnalysisStudentClustering/test/components/StudentClustering_component_example.xml, -workflowDir, C:\Users\AlRousan\Documents\NetBeansProjects\WorkflowComponents2\AnalysisStudentClustering/test/, -toolDir, C:\Users\AlRousan\Documents\NetBeansProjects\WorkflowComponents2\AnalysisStudentClustering/, -schemaFile, C:\Users\AlRousan\Documents\NetBeansProjects\WorkflowComponents2\AnalysisStudentClustering/schemas/AnalysisStudentClustering_v1_0.xsd]
INFO: [main] edu.cmu.pslc.learnsphere.analysis.studentClustering.StudentClusteringMain 22 May 2018 16:47:59,528 - Initializing workflow component.
INFO: [main] edu.cmu.pslc.datashop.servlet.workflows.WorkflowHelper 22 May 2018 16:47:59,642 - Reading C:\Users\AlRousan\Documents\NetBeansProjects\WorkflowComponents2\AnalysisStudentClustering/test/components/StudentClustering_component_example.xml
INFO: [main] edu.cmu.pslc.datashop.servlet.workflows.WorkflowHelper 22 May 2018 16:47:59,644 - File absolute path: C:\Users\AlRousan\Documents\NetBeansProjects\WorkflowComponents2\AnalysisStudentClustering\test\components\StudentClustering_component_example.xml
INFO: [main] edu.cmu.pslc.datashop.servlet.workflows.WorkflowHelper 22 May 2018 16:47:59,644 - File canonical path: C:\Users\AlRousan\Documents\NetBeansProjects\WorkflowComponents2\AnalysisStudentClustering\test\components\StudentClustering_component_example.xml
INFO: [main] edu.cmu.pslc.learnsphere.analysis.studentClustering.StudentClusteringMain 22 May 2018 16:47:59,654 - Initializing component options.
INFO: [main] edu.cmu.pslc.learnsphere.analysis.studentClustering.StudentClusteringMain 22 May 2018 16:47:59,654 - Using existing component options.
INFO: [main] edu.cmu.pslc.learnsphere.analysis.studentClustering.StudentClusteringMain 22 May 2018 16:47:59,710 - Processing Options
INFO: [main] edu.cmu.pslc.learnsphere.analysis.studentClustering.StudentClusteringMain 22 May 2018 16:47:59,710 - Validating workflow component.
INFO: [main] edu.cmu.pslc.learnsphere.analysis.studentClustering.StudentClusteringMain 22 May 2018 16:47:59,884 - Testing workflow component.
INFO: [main] edu.cmu.pslc.learnsphere.analysis.studentClustering.StudentClusteringMain 22 May 2018 16:47:59,884 - Executing workflow component.
INFO: [main] edu.cmu.pslc.learnsphere.analysis.studentClustering.StudentClusteringMain 22 May 2018 16:47:59,886 - Executing process: [C:\Program, Files\R\R-3.4.3\bin\x64\Rscript.exe, C:\Users\AlRousan\Documents\NetBeansProjects\WorkflowComponents2\AnalysisStudentClustering/program/AnalysisStudentClustering.R, -programDir, C:\Users\AlRousan\Documents\NetBeansProjects\WorkflowComponents2\AnalysisStudentClustering/, -workingDir, C:\Users\AlRousan\Documents\NetBeansProjects\WorkflowComponents2\AnalysisStudentClustering/test/ComponentTestOutput/output/, -header1, Anon.Student.Id, -header2, KC..Unique.step., -header3, Duration..sec., -header4, Outcome, -file0, C:\Users\AlRousan\Documents\NetBeansProjects\WorkflowComponents2\AnalysisStudentClustering\test\example_transactions\data.txt]
INFO: [main] edu.cmu.pslc.learnsphere.analysis.studentClustering.StudentClusteringMain 23 May 2018 00:04:01,350 - Command-line args: [-componentXmlFile, C:\Users\AlRousan\Documents\NetBeansProjects\WorkflowComponents2\AnalysisStudentClustering/test/components/StudentClustering_component_example.xml, -workflowDir, C:\Users\AlRousan\Documents\NetBeansProjects\WorkflowComponents2\AnalysisStudentClustering/test/, -toolDir, C:\Users\AlRousan\Documents\NetBeansProjects\WorkflowComponents2\AnalysisStudentClustering/, -schemaFile, C:\Users\AlRousan\Documents\NetBeansProjects\WorkflowComponents2\AnalysisStudentClustering/schemas/AnalysisStudentClustering_v1_0.xsd]
INFO: [main] edu.cmu.pslc.learnsphere.analysis.studentClustering.StudentClusteringMain 23 May 2018 00:04:01,350 - Initializing workflow component.
INFO: [main] edu.cmu.pslc.datashop.servlet.workflows.WorkflowHelper 23 May 2018 00:04:01,444 - Reading C:\Users\AlRousan\Documents\NetBeansProjects\WorkflowComponents2\AnalysisStudentClustering/test/components/StudentClustering_component_example.xml
INFO: [main] edu.cmu.pslc.datashop.servlet.workflows.WorkflowHelper 23 May 2018 00:04:01,444 - File absolute path: C:\Users\AlRousan\Documents\NetBeansProjects\WorkflowComponents2\AnalysisStudentClustering\test\components\StudentClustering_component_example.xml
INFO: [main] edu.cmu.pslc.datashop.servlet.workflows.WorkflowHelper 23 May 2018 00:04:01,444 - File canonical path: C:\Users\AlRousan\Documents\NetBeansProjects\WorkflowComponents2\AnalysisStudentClustering\test\components\StudentClustering_component_example.xml
INFO: [main] edu.cmu.pslc.learnsphere.analysis.studentClustering.StudentClusteringMain 23 May 2018 00:04:01,459 - Initializing component options.
INFO: [main] edu.cmu.pslc.learnsphere.analysis.studentClustering.StudentClusteringMain 23 May 2018 00:04:01,459 - Using existing component options.
INFO: [main] edu.cmu.pslc.learnsphere.analysis.studentClustering.StudentClusteringMain 23 May 2018 00:04:01,522 - Processing Options
INFO: [main] edu.cmu.pslc.learnsphere.analysis.studentClustering.StudentClusteringMain 23 May 2018 00:04:01,522 - Validating workflow component.
INFO: [main] edu.cmu.pslc.learnsphere.analysis.studentClustering.StudentClusteringMain 23 May 2018 00:04:01,662 - Testing workflow component.
INFO: [main] edu.cmu.pslc.learnsphere.analysis.studentClustering.StudentClusteringMain 23 May 2018 00:04:01,662 - Executing workflow component.
INFO: [main] edu.cmu.pslc.learnsphere.analysis.studentClustering.StudentClusteringMain 23 May 2018 00:04:01,662 - Executing process: [C:\Program, Files\R\R-3.4.3\bin\x64\Rscript.exe, C:\Users\AlRousan\Documents\NetBeansProjects\WorkflowComponents2\AnalysisStudentClustering/program/AnalysisStudentClustering.R, -programDir, C:\Users\AlRousan\Documents\NetBeansProjects\WorkflowComponents2\AnalysisStudentClustering/, -workingDir, C:\Users\AlRousan\Documents\NetBeansProjects\WorkflowComponents2\AnalysisStudentClustering/test/ComponentTestOutput/output/, -header1, Anon.Student.Id, -header2, KC..Unique.step., -header3, Duration..sec., -header4, Outcome, -file0, C:\Users\AlRousan\Documents\NetBeansProjects\WorkflowComponents2\AnalysisStudentClustering\test\example_transactions\data.txt]
INFO: [main] edu.cmu.pslc.learnsphere.analysis.studentClustering.StudentClusteringMain 23 May 2018 00:13:31,844 - Command-line args: [-componentXmlFile, C:\Users\AlRousan\Documents\NetBeansProjects\WorkflowComponents2\AnalysisStudentClustering/test/components/StudentClustering_component_example.xml, -workflowDir, C:\Users\AlRousan\Documents\NetBeansProjects\WorkflowComponents2\AnalysisStudentClustering/test/, -toolDir, C:\Users\AlRousan\Documents\NetBeansProjects\WorkflowComponents2\AnalysisStudentClustering/, -schemaFile, C:\Users\AlRousan\Documents\NetBeansProjects\WorkflowComponents2\AnalysisStudentClustering/schemas/AnalysisStudentClustering_v1_0.xsd]
INFO: [main] edu.cmu.pslc.learnsphere.analysis.studentClustering.StudentClusteringMain 23 May 2018 00:13:31,844 - Initializing workflow component.
INFO: [main] edu.cmu.pslc.datashop.servlet.workflows.WorkflowHelper 23 May 2018 00:13:31,953 - Reading C:\Users\AlRousan\Documents\NetBeansProjects\WorkflowComponents2\AnalysisStudentClustering/test/components/StudentClustering_component_example.xml
INFO: [main] edu.cmu.pslc.datashop.servlet.workflows.WorkflowHelper 23 May 2018 00:13:31,953 - File absolute path: C:\Users\AlRousan\Documents\NetBeansProjects\WorkflowComponents2\AnalysisStudentClustering\test\components\StudentClustering_component_example.xml
INFO: [main] edu.cmu.pslc.datashop.servlet.workflows.WorkflowHelper 23 May 2018 00:13:31,953 - File canonical path: C:\Users\AlRousan\Documents\NetBeansProjects\WorkflowComponents2\AnalysisStudentClustering\test\components\StudentClustering_component_example.xml
INFO: [main] edu.cmu.pslc.learnsphere.analysis.studentClustering.StudentClusteringMain 23 May 2018 00:13:31,969 - Initializing component options.
INFO: [main] edu.cmu.pslc.learnsphere.analysis.studentClustering.StudentClusteringMain 23 May 2018 00:13:31,969 - Using existing component options.
INFO: [main] edu.cmu.pslc.learnsphere.analysis.studentClustering.StudentClusteringMain 23 May 2018 00:13:32,016 - Processing Options
INFO: [main] edu.cmu.pslc.learnsphere.analysis.studentClustering.StudentClusteringMain 23 May 2018 00:13:32,016 - Validating workflow component.
INFO: [main] edu.cmu.pslc.learnsphere.analysis.studentClustering.StudentClusteringMain 23 May 2018 00:13:32,141 - Testing workflow component.
INFO: [main] edu.cmu.pslc.learnsphere.analysis.studentClustering.StudentClusteringMain 23 May 2018 00:13:32,141 - Executing workflow component.
INFO: [main] edu.cmu.pslc.learnsphere.analysis.studentClustering.StudentClusteringMain 23 May 2018 00:13:32,141 - Executing process: [C:\Program, Files\R\R-3.4.3\bin\x64\Rscript.exe, C:\Users\AlRousan\Documents\NetBeansProjects\WorkflowComponents2\AnalysisStudentClustering/program/AnalysisStudentClustering.R, -programDir, C:\Users\AlRousan\Documents\NetBeansProjects\WorkflowComponents2\AnalysisStudentClustering/, -workingDir, C:\Users\AlRousan\Documents\NetBeansProjects\WorkflowComponents2\AnalysisStudentClustering/test/ComponentTestOutput/output/, -header1, Anon.Student.Id, -header2, KC..Unique.step., -header3, Duration..sec., -header4, Outcome, -file0, C:\Users\AlRousan\Documents\NetBeansProjects\WorkflowComponents2\AnalysisStudentClustering\test\example_transactions\data.txt]
INFO: [main] edu.cmu.pslc.learnsphere.analysis.studentClustering.StudentClusteringMain 23 May 2018 00:21:53,007 - Command-line args: [-componentXmlFile, C:\Users\AlRousan\Documents\NetBeansProjects\WorkflowComponents2\AnalysisStudentClustering/test/components/StudentClustering_component_example.xml, -workflowDir, C:\Users\AlRousan\Documents\NetBeansProjects\WorkflowComponents2\AnalysisStudentClustering/test/, -toolDir, C:\Users\AlRousan\Documents\NetBeansProjects\WorkflowComponents2\AnalysisStudentClustering/, -schemaFile, C:\Users\AlRousan\Documents\NetBeansProjects\WorkflowComponents2\AnalysisStudentClustering/schemas/AnalysisStudentClustering_v1_0.xsd]
INFO: [main] edu.cmu.pslc.learnsphere.analysis.studentClustering.StudentClusteringMain 23 May 2018 00:21:53,007 - Initializing workflow component.
INFO: [main] edu.cmu.pslc.datashop.servlet.workflows.WorkflowHelper 23 May 2018 00:21:53,116 - Reading C:\Users\AlRousan\Documents\NetBeansProjects\WorkflowComponents2\AnalysisStudentClustering/test/components/StudentClustering_component_example.xml
INFO: [main] edu.cmu.pslc.datashop.servlet.workflows.WorkflowHelper 23 May 2018 00:21:53,116 - File absolute path: C:\Users\AlRousan\Documents\NetBeansProjects\WorkflowComponents2\AnalysisStudentClustering\test\components\StudentClustering_component_example.xml
INFO: [main] edu.cmu.pslc.datashop.servlet.workflows.WorkflowHelper 23 May 2018 00:21:53,116 - File canonical path: C:\Users\AlRousan\Documents\NetBeansProjects\WorkflowComponents2\AnalysisStudentClustering\test\components\StudentClustering_component_example.xml
INFO: [main] edu.cmu.pslc.learnsphere.analysis.studentClustering.StudentClusteringMain 23 May 2018 00:21:53,132 - Initializing component options.
INFO: [main] edu.cmu.pslc.learnsphere.analysis.studentClustering.StudentClusteringMain 23 May 2018 00:21:53,132 - Using existing component options.
INFO: [main] edu.cmu.pslc.learnsphere.analysis.studentClustering.StudentClusteringMain 23 May 2018 00:21:53,194 - Processing Options
INFO: [main] edu.cmu.pslc.learnsphere.analysis.studentClustering.StudentClusteringMain 23 May 2018 00:21:53,194 - Validating workflow component.
INFO: [main] edu.cmu.pslc.learnsphere.analysis.studentClustering.StudentClusteringMain 23 May 2018 00:21:53,319 - Testing workflow component.
INFO: [main] edu.cmu.pslc.learnsphere.analysis.studentClustering.StudentClusteringMain 23 May 2018 00:21:53,319 - Executing workflow component.
INFO: [main] edu.cmu.pslc.learnsphere.analysis.studentClustering.StudentClusteringMain 23 May 2018 00:21:53,319 - Executing process: [C:\Program, Files\R\R-3.4.3\bin\x64\Rscript.exe, C:\Users\AlRousan\Documents\NetBeansProjects\WorkflowComponents2\AnalysisStudentClustering/program/AnalysisStudentClustering.R, -programDir, C:\Users\AlRousan\Documents\NetBeansProjects\WorkflowComponents2\AnalysisStudentClustering/, -workingDir, C:\Users\AlRousan\Documents\NetBeansProjects\WorkflowComponents2\AnalysisStudentClustering/test/ComponentTestOutput/output/, -header1, Anon.Student.Id, -header2, KC..Unique.step., -header3, Duration..sec., -header4, Outcome, -file0, C:\Users\AlRousan\Documents\NetBeansProjects\WorkflowComponents2\AnalysisStudentClustering\test\example_transactions\data.txt]
INFO: [main] edu.cmu.pslc.learnsphere.analysis.studentClustering.StudentClusteringMain 23 May 2018 00:22:27,538 - Command-line args: [-componentXmlFile, C:\Users\AlRousan\Documents\NetBeansProjects\WorkflowComponents2\AnalysisStudentClustering/test/components/StudentClustering_component_example.xml, -workflowDir, C:\Users\AlRousan\Documents\NetBeansProjects\WorkflowComponents2\AnalysisStudentClustering/test/, -toolDir, C:\Users\AlRousan\Documents\NetBeansProjects\WorkflowComponents2\AnalysisStudentClustering/, -schemaFile, C:\Users\AlRousan\Documents\NetBeansProjects\WorkflowComponents2\AnalysisStudentClustering/schemas/AnalysisStudentClustering_v1_0.xsd]
INFO: [main] edu.cmu.pslc.learnsphere.analysis.studentClustering.StudentClusteringMain 23 May 2018 00:22:27,538 - Initializing workflow component.
INFO: [main] edu.cmu.pslc.datashop.servlet.workflows.WorkflowHelper 23 May 2018 00:22:27,632 - Reading C:\Users\AlRousan\Documents\NetBeansProjects\WorkflowComponents2\AnalysisStudentClustering/test/components/StudentClustering_component_example.xml
INFO: [main] edu.cmu.pslc.datashop.servlet.workflows.WorkflowHelper 23 May 2018 00:22:27,632 - File absolute path: C:\Users\AlRousan\Documents\NetBeansProjects\WorkflowComponents2\AnalysisStudentClustering\test\components\StudentClustering_component_example.xml
INFO: [main] edu.cmu.pslc.datashop.servlet.workflows.WorkflowHelper 23 May 2018 00:22:27,632 - File canonical path: C:\Users\AlRousan\Documents\NetBeansProjects\WorkflowComponents2\AnalysisStudentClustering\test\components\StudentClustering_component_example.xml
INFO: [main] edu.cmu.pslc.learnsphere.analysis.studentClustering.StudentClusteringMain 23 May 2018 00:22:27,648 - Initializing component options.
INFO: [main] edu.cmu.pslc.learnsphere.analysis.studentClustering.StudentClusteringMain 23 May 2018 00:22:27,648 - Using existing component options.
INFO: [main] edu.cmu.pslc.learnsphere.analysis.studentClustering.StudentClusteringMain 23 May 2018 00:22:27,694 - Processing Options
INFO: [main] edu.cmu.pslc.learnsphere.analysis.studentClustering.StudentClusteringMain 23 May 2018 00:22:27,694 - Validating workflow component.
INFO: [main] edu.cmu.pslc.learnsphere.analysis.studentClustering.StudentClusteringMain 23 May 2018 00:22:27,835 - Testing workflow component.
INFO: [main] edu.cmu.pslc.learnsphere.analysis.studentClustering.StudentClusteringMain 23 May 2018 00:22:27,835 - Executing workflow component.
INFO: [main] edu.cmu.pslc.learnsphere.analysis.studentClustering.StudentClusteringMain 23 May 2018 00:22:27,835 - Executing process: [C:\Program, Files\R\R-3.4.3\bin\x64\Rscript.exe, C:\Users\AlRousan\Documents\NetBeansProjects\WorkflowComponents2\AnalysisStudentClustering/program/AnalysisStudentClustering.R, -programDir, C:\Users\AlRousan\Documents\NetBeansProjects\WorkflowComponents2\AnalysisStudentClustering/, -workingDir, C:\Users\AlRousan\Documents\NetBeansProjects\WorkflowComponents2\AnalysisStudentClustering/test/ComponentTestOutput/output/, -header1, Anon.Student.Id, -header2, KC..Unique.step., -header3, Duration..sec., -header4, Outcome, -file0, C:\Users\AlRousan\Documents\NetBeansProjects\WorkflowComponents2\AnalysisStudentClustering\test\example_transactions\data.txt]
INFO: [main] edu.cmu.pslc.learnsphere.analysis.studentClustering.StudentClusteringMain 23 May 2018 00:24:17,247 - Command-line args: [-componentXmlFile, C:\Users\AlRousan\Documents\NetBeansProjects\WorkflowComponents2\AnalysisStudentClustering/test/components/StudentClustering_component_example.xml, -workflowDir, C:\Users\AlRousan\Documents\NetBeansProjects\WorkflowComponents2\AnalysisStudentClustering/test/, -toolDir, C:\Users\AlRousan\Documents\NetBeansProjects\WorkflowComponents2\AnalysisStudentClustering/, -schemaFile, C:\Users\AlRousan\Documents\NetBeansProjects\WorkflowComponents2\AnalysisStudentClustering/schemas/AnalysisStudentClustering_v1_0.xsd]
INFO: [main] edu.cmu.pslc.learnsphere.analysis.studentClustering.StudentClusteringMain 23 May 2018 00:24:17,263 - Initializing workflow component.
INFO: [main] edu.cmu.pslc.datashop.servlet.workflows.WorkflowHelper 23 May 2018 00:24:17,341 - Reading C:\Users\AlRousan\Documents\NetBeansProjects\WorkflowComponents2\AnalysisStudentClustering/test/components/StudentClustering_component_example.xml
INFO: [main] edu.cmu.pslc.datashop.servlet.workflows.WorkflowHelper 23 May 2018 00:24:17,341 - File absolute path: C:\Users\AlRousan\Documents\NetBeansProjects\WorkflowComponents2\AnalysisStudentClustering\test\components\StudentClustering_component_example.xml
INFO: [main] edu.cmu.pslc.datashop.servlet.workflows.WorkflowHelper 23 May 2018 00:24:17,341 - File canonical path: C:\Users\AlRousan\Documents\NetBeansProjects\WorkflowComponents2\AnalysisStudentClustering\test\components\StudentClustering_component_example.xml
INFO: [main] edu.cmu.pslc.learnsphere.analysis.studentClustering.StudentClusteringMain 23 May 2018 00:24:17,356 - Initializing component options.
INFO: [main] edu.cmu.pslc.learnsphere.analysis.studentClustering.StudentClusteringMain 23 May 2018 00:24:17,356 - Using existing component options.
INFO: [main] edu.cmu.pslc.learnsphere.analysis.studentClustering.StudentClusteringMain 23 May 2018 00:24:17,419 - Processing Options
INFO: [main] edu.cmu.pslc.learnsphere.analysis.studentClustering.StudentClusteringMain 23 May 2018 00:24:17,419 - Validating workflow component.
INFO: [main] edu.cmu.pslc.learnsphere.analysis.studentClustering.StudentClusteringMain 23 May 2018 00:24:17,544 - Testing workflow component.
INFO: [main] edu.cmu.pslc.learnsphere.analysis.studentClustering.StudentClusteringMain 23 May 2018 00:24:17,544 - Executing workflow component.
INFO: [main] edu.cmu.pslc.learnsphere.analysis.studentClustering.StudentClusteringMain 23 May 2018 00:24:17,544 - Executing process: [C:\Program, Files\R\R-3.4.3\bin\x64\Rscript.exe, C:\Users\AlRousan\Documents\NetBeansProjects\WorkflowComponents2\AnalysisStudentClustering/program/AnalysisStudentClustering.R, -programDir, C:\Users\AlRousan\Documents\NetBeansProjects\WorkflowComponents2\AnalysisStudentClustering/, -workingDir, C:\Users\AlRousan\Documents\NetBeansProjects\WorkflowComponents2\AnalysisStudentClustering/test/ComponentTestOutput/output/, -header1, Anon.Student.Id, -header2, KC..Unique.step., -header3, Duration..sec., -header4, Outcome, -file0, C:\Users\AlRousan\Documents\NetBeansProjects\WorkflowComponents2\AnalysisStudentClustering\test\example_transactions\data.txt]
INFO: [main] edu.cmu.pslc.learnsphere.analysis.studentClustering.StudentClusteringMain 23 May 2018 00:24:41,541 - Command-line args: [-componentXmlFile, C:\Users\AlRousan\Documents\NetBeansProjects\WorkflowComponents2\AnalysisStudentClustering/test/components/StudentClustering_component_example.xml, -workflowDir, C:\Users\AlRousan\Documents\NetBeansProjects\WorkflowComponents2\AnalysisStudentClustering/test/, -toolDir, C:\Users\AlRousan\Documents\NetBeansProjects\WorkflowComponents2\AnalysisStudentClustering/, -schemaFile, C:\Users\AlRousan\Documents\NetBeansProjects\WorkflowComponents2\AnalysisStudentClustering/schemas/AnalysisStudentClustering_v1_0.xsd]
INFO: [main] edu.cmu.pslc.learnsphere.analysis.studentClustering.StudentClusteringMain 23 May 2018 00:24:41,541 - Initializing workflow component.
INFO: [main] edu.cmu.pslc.datashop.servlet.workflows.WorkflowHelper 23 May 2018 00:24:41,635 - Reading C:\Users\AlRousan\Documents\NetBeansProjects\WorkflowComponents2\AnalysisStudentClustering/test/components/StudentClustering_component_example.xml
INFO: [main] edu.cmu.pslc.datashop.servlet.workflows.WorkflowHelper 23 May 2018 00:24:41,650 - File absolute path: C:\Users\AlRousan\Documents\NetBeansProjects\WorkflowComponents2\AnalysisStudentClustering\test\components\StudentClustering_component_example.xml
INFO: [main] edu.cmu.pslc.datashop.servlet.workflows.WorkflowHelper 23 May 2018 00:24:41,650 - File canonical path: C:\Users\AlRousan\Documents\NetBeansProjects\WorkflowComponents2\AnalysisStudentClustering\test\components\StudentClustering_component_example.xml
INFO: [main] edu.cmu.pslc.learnsphere.analysis.studentClustering.StudentClusteringMain 23 May 2018 00:24:41,650 - Initializing component options.
INFO: [main] edu.cmu.pslc.learnsphere.analysis.studentClustering.StudentClusteringMain 23 May 2018 00:24:41,650 - Using existing component options.
INFO: [main] edu.cmu.pslc.learnsphere.analysis.studentClustering.StudentClusteringMain 23 May 2018 00:24:41,713 - Processing Options
INFO: [main] edu.cmu.pslc.learnsphere.analysis.studentClustering.StudentClusteringMain 23 May 2018 00:24:41,713 - Validating workflow component.
INFO: [main] edu.cmu.pslc.learnsphere.analysis.studentClustering.StudentClusteringMain 23 May 2018 00:24:41,838 - Testing workflow component.
INFO: [main] edu.cmu.pslc.learnsphere.analysis.studentClustering.StudentClusteringMain 23 May 2018 00:24:41,838 - Executing workflow component.
INFO: [main] edu.cmu.pslc.learnsphere.analysis.studentClustering.StudentClusteringMain 23 May 2018 00:24:41,838 - Executing process: [C:\Program, Files\R\R-3.4.3\bin\x64\Rscript.exe, C:\Users\AlRousan\Documents\NetBeansProjects\WorkflowComponents2\AnalysisStudentClustering/program/AnalysisStudentClustering.R, -programDir, C:\Users\AlRousan\Documents\NetBeansProjects\WorkflowComponents2\AnalysisStudentClustering/, -workingDir, C:\Users\AlRousan\Documents\NetBeansProjects\WorkflowComponents2\AnalysisStudentClustering/test/ComponentTestOutput/output/, -header1, Anon.Student.Id, -header2, KC..Unique.step., -header3, Duration..sec., -header4, Outcome, -file0, C:\Users\AlRousan\Documents\NetBeansProjects\WorkflowComponents2\AnalysisStudentClustering\test\example_transactions\data.txt]
INFO: [main] edu.cmu.pslc.learnsphere.analysis.studentClustering.StudentClusteringMain 23 May 2018 00:27:11,134 - Command-line args: [-componentXmlFile, C:\Users\AlRousan\Documents\NetBeansProjects\WorkflowComponents2\AnalysisStudentClustering/test/components/StudentClustering_component_example.xml, -workflowDir, C:\Users\AlRousan\Documents\NetBeansProjects\WorkflowComponents2\AnalysisStudentClustering/test/, -toolDir, C:\Users\AlRousan\Documents\NetBeansProjects\WorkflowComponents2\AnalysisStudentClustering/, -schemaFile, C:\Users\AlRousan\Documents\NetBeansProjects\WorkflowComponents2\AnalysisStudentClustering/schemas/AnalysisStudentClustering_v1_0.xsd]
INFO: [main] edu.cmu.pslc.learnsphere.analysis.studentClustering.StudentClusteringMain 23 May 2018 00:27:11,136 - Initializing workflow component.
INFO: [main] edu.cmu.pslc.datashop.servlet.workflows.WorkflowHelper 23 May 2018 00:27:11,242 - Reading C:\Users\AlRousan\Documents\NetBeansProjects\WorkflowComponents2\AnalysisStudentClustering/test/components/StudentClustering_component_example.xml
INFO: [main] edu.cmu.pslc.datashop.servlet.workflows.WorkflowHelper 23 May 2018 00:27:11,242 - File absolute path: C:\Users\AlRousan\Documents\NetBeansProjects\WorkflowComponents2\AnalysisStudentClustering\test\components\StudentClustering_component_example.xml
INFO: [main] edu.cmu.pslc.datashop.servlet.workflows.WorkflowHelper 23 May 2018 00:27:11,242 - File canonical path: C:\Users\AlRousan\Documents\NetBeansProjects\WorkflowComponents2\AnalysisStudentClustering\test\components\StudentClustering_component_example.xml
INFO: [main] edu.cmu.pslc.learnsphere.analysis.studentClustering.StudentClusteringMain 23 May 2018 00:27:11,258 - Initializing component options.
INFO: [main] edu.cmu.pslc.learnsphere.analysis.studentClustering.StudentClusteringMain 23 May 2018 00:27:11,258 - Using existing component options.
INFO: [main] edu.cmu.pslc.learnsphere.analysis.studentClustering.StudentClusteringMain 23 May 2018 00:27:11,305 - Processing Options
INFO: [main] edu.cmu.pslc.learnsphere.analysis.studentClustering.StudentClusteringMain 23 May 2018 00:27:11,305 - Validating workflow component.
INFO: [main] edu.cmu.pslc.learnsphere.analysis.studentClustering.StudentClusteringMain 23 May 2018 00:27:11,445 - Testing workflow component.
INFO: [main] edu.cmu.pslc.learnsphere.analysis.studentClustering.StudentClusteringMain 23 May 2018 00:27:11,445 - Executing workflow component.
INFO: [main] edu.cmu.pslc.learnsphere.analysis.studentClustering.StudentClusteringMain 23 May 2018 00:27:11,445 - Executing process: [C:\Program, Files\R\R-3.4.3\bin\x64\Rscript.exe, C:\Users\AlRousan\Documents\NetBeansProjects\WorkflowComponents2\AnalysisStudentClustering/program/AnalysisStudentClustering.R, -programDir, C:\Users\AlRousan\Documents\NetBeansProjects\WorkflowComponents2\AnalysisStudentClustering/, -workingDir, C:\Users\AlRousan\Documents\NetBeansProjects\WorkflowComponents2\AnalysisStudentClustering/test/ComponentTestOutput/output/, -header1, Anon.Student.Id, -header2, KC..Unique.step., -header3, Duration..sec., -header4, Outcome, -file0, C:\Users\AlRousan\Documents\NetBeansProjects\WorkflowComponents2\AnalysisStudentClustering\test\example_transactions\data.txt]
INFO: [main] edu.cmu.pslc.learnsphere.analysis.studentClustering.StudentClusteringMain 23 May 2018 00:27:26,117 - Command-line args: [-componentXmlFile, C:\Users\AlRousan\Documents\NetBeansProjects\WorkflowComponents2\AnalysisStudentClustering/test/components/StudentClustering_component_example.xml, -workflowDir, C:\Users\AlRousan\Documents\NetBeansProjects\WorkflowComponents2\AnalysisStudentClustering/test/, -toolDir, C:\Users\AlRousan\Documents\NetBeansProjects\WorkflowComponents2\AnalysisStudentClustering/, -schemaFile, C:\Users\AlRousan\Documents\NetBeansProjects\WorkflowComponents2\AnalysisStudentClustering/schemas/AnalysisStudentClustering_v1_0.xsd]
INFO: [main] edu.cmu.pslc.learnsphere.analysis.studentClustering.StudentClusteringMain 23 May 2018 00:27:26,117 - Initializing workflow component.
INFO: [main] edu.cmu.pslc.datashop.servlet.workflows.WorkflowHelper 23 May 2018 00:27:26,223 - Reading C:\Users\AlRousan\Documents\NetBeansProjects\WorkflowComponents2\AnalysisStudentClustering/test/components/StudentClustering_component_example.xml
INFO: [main] edu.cmu.pslc.datashop.servlet.workflows.WorkflowHelper 23 May 2018 00:27:26,225 - File absolute path: C:\Users\AlRousan\Documents\NetBeansProjects\WorkflowComponents2\AnalysisStudentClustering\test\components\StudentClustering_component_example.xml
INFO: [main] edu.cmu.pslc.datashop.servlet.workflows.WorkflowHelper 23 May 2018 00:27:26,225 - File canonical path: C:\Users\AlRousan\Documents\NetBeansProjects\WorkflowComponents2\AnalysisStudentClustering\test\components\StudentClustering_component_example.xml
INFO: [main] edu.cmu.pslc.learnsphere.analysis.studentClustering.StudentClusteringMain 23 May 2018 00:27:26,227 - Initializing component options.
INFO: [main] edu.cmu.pslc.learnsphere.analysis.studentClustering.StudentClusteringMain 23 May 2018 00:27:26,227 - Using existing component options.
INFO: [main] edu.cmu.pslc.learnsphere.analysis.studentClustering.StudentClusteringMain 23 May 2018 00:27:26,274 - Processing Options
INFO: [main] edu.cmu.pslc.learnsphere.analysis.studentClustering.StudentClusteringMain 23 May 2018 00:27:26,290 - Validating workflow component.
INFO: [main] edu.cmu.pslc.learnsphere.analysis.studentClustering.StudentClusteringMain 23 May 2018 00:27:26,415 - Testing workflow component.
INFO: [main] edu.cmu.pslc.learnsphere.analysis.studentClustering.StudentClusteringMain 23 May 2018 00:27:26,415 - Executing workflow component.
INFO: [main] edu.cmu.pslc.learnsphere.analysis.studentClustering.StudentClusteringMain 23 May 2018 00:27:26,415 - Executing process: [C:\Program, Files\R\R-3.4.3\bin\x64\Rscript.exe, C:\Users\AlRousan\Documents\NetBeansProjects\WorkflowComponents2\AnalysisStudentClustering/program/AnalysisStudentClustering.R, -programDir, C:\Users\AlRousan\Documents\NetBeansProjects\WorkflowComponents2\AnalysisStudentClustering/, -workingDir, C:\Users\AlRousan\Documents\NetBeansProjects\WorkflowComponents2\AnalysisStudentClustering/test/ComponentTestOutput/output/, -header1, Anon.Student.Id, -header2, KC..Unique.step., -header3, Duration..sec., -header4, Outcome, -file0, C:\Users\AlRousan\Documents\NetBeansProjects\WorkflowComponents2\AnalysisStudentClustering\test\example_transactions\data.txt]
INFO: [main] edu.cmu.pslc.learnsphere.analysis.studentClustering.StudentClusteringMain 23 May 2018 00:43:29,394 - Command-line args: [-componentXmlFile, C:\Users\AlRousan\Documents\NetBeansProjects\WorkflowComponents2\AnalysisStudentClustering/test/components/StudentClustering_component_example.xml, -workflowDir, C:\Users\AlRousan\Documents\NetBeansProjects\WorkflowComponents2\AnalysisStudentClustering/test/, -toolDir, C:\Users\AlRousan\Documents\NetBeansProjects\WorkflowComponents2\AnalysisStudentClustering/, -schemaFile, C:\Users\AlRousan\Documents\NetBeansProjects\WorkflowComponents2\AnalysisStudentClustering/schemas/AnalysisStudentClustering_v1_0.xsd]
INFO: [main] edu.cmu.pslc.learnsphere.analysis.studentClustering.StudentClusteringMain 23 May 2018 00:43:29,394 - Initializing workflow component.
INFO: [main] edu.cmu.pslc.datashop.servlet.workflows.WorkflowHelper 23 May 2018 00:43:29,487 - Reading C:\Users\AlRousan\Documents\NetBeansProjects\WorkflowComponents2\AnalysisStudentClustering/test/components/StudentClustering_component_example.xml
INFO: [main] edu.cmu.pslc.datashop.servlet.workflows.WorkflowHelper 23 May 2018 00:43:29,489 - File absolute path: C:\Users\AlRousan\Documents\NetBeansProjects\WorkflowComponents2\AnalysisStudentClustering\test\components\StudentClustering_component_example.xml
INFO: [main] edu.cmu.pslc.datashop.servlet.workflows.WorkflowHelper 23 May 2018 00:43:29,489 - File canonical path: C:\Users\AlRousan\Documents\NetBeansProjects\WorkflowComponents2\AnalysisStudentClustering\test\components\StudentClustering_component_example.xml
INFO: [main] edu.cmu.pslc.learnsphere.analysis.studentClustering.StudentClusteringMain 23 May 2018 00:43:29,498 - Initializing component options.
INFO: [main] edu.cmu.pslc.learnsphere.analysis.studentClustering.StudentClusteringMain 23 May 2018 00:43:29,498 - Using existing component options.
INFO: [main] edu.cmu.pslc.learnsphere.analysis.studentClustering.StudentClusteringMain 23 May 2018 00:43:29,548 - Processing Options
INFO: [main] edu.cmu.pslc.learnsphere.analysis.studentClustering.StudentClusteringMain 23 May 2018 00:43:29,548 - Validating workflow component.
INFO: [main] edu.cmu.pslc.learnsphere.analysis.studentClustering.StudentClusteringMain 23 May 2018 00:43:29,673 - Testing workflow component.
INFO: [main] edu.cmu.pslc.learnsphere.analysis.studentClustering.StudentClusteringMain 23 May 2018 00:43:29,673 - Executing workflow component.
INFO: [main] edu.cmu.pslc.learnsphere.analysis.studentClustering.StudentClusteringMain 23 May 2018 00:43:29,673 - Executing process: [C:\Program, Files\R\R-3.4.3\bin\x64\Rscript.exe, C:\Users\AlRousan\Documents\NetBeansProjects\WorkflowComponents2\AnalysisStudentClustering/program/AnalysisStudentClustering.R, -programDir, C:\Users\AlRousan\Documents\NetBeansProjects\WorkflowComponents2\AnalysisStudentClustering/, -workingDir, C:\Users\AlRousan\Documents\NetBeansProjects\WorkflowComponents2\AnalysisStudentClustering/test/ComponentTestOutput/output/, -header1, Anon.Student.Id, -header2, KC..Unique.step., -header3, Duration..sec., -header4, Outcome, -file0, C:\Users\AlRousan\Documents\NetBeansProjects\WorkflowComponents2\AnalysisStudentClustering\test\example_transactions\data.txt]
INFO: [main] edu.cmu.pslc.learnsphere.analysis.studentClustering.StudentClusteringMain 23 May 2018 00:43:45,691 - Command-line args: [-componentXmlFile, C:\Users\AlRousan\Documents\NetBeansProjects\WorkflowComponents2\AnalysisStudentClustering/test/components/StudentClustering_component_example.xml, -workflowDir, C:\Users\AlRousan\Documents\NetBeansProjects\WorkflowComponents2\AnalysisStudentClustering/test/, -toolDir, C:\Users\AlRousan\Documents\NetBeansProjects\WorkflowComponents2\AnalysisStudentClustering/, -schemaFile, C:\Users\AlRousan\Documents\NetBeansProjects\WorkflowComponents2\AnalysisStudentClustering/schemas/AnalysisStudentClustering_v1_0.xsd]
INFO: [main] edu.cmu.pslc.learnsphere.analysis.studentClustering.StudentClusteringMain 23 May 2018 00:43:45,691 - Initializing workflow component.
INFO: [main] edu.cmu.pslc.datashop.servlet.workflows.WorkflowHelper 23 May 2018 00:43:45,783 - Reading C:\Users\AlRousan\Documents\NetBeansProjects\WorkflowComponents2\AnalysisStudentClustering/test/components/StudentClustering_component_example.xml
INFO: [main] edu.cmu.pslc.datashop.servlet.workflows.WorkflowHelper 23 May 2018 00:43:45,783 - File absolute path: C:\Users\AlRousan\Documents\NetBeansProjects\WorkflowComponents2\AnalysisStudentClustering\test\components\StudentClustering_component_example.xml
INFO: [main] edu.cmu.pslc.datashop.servlet.workflows.WorkflowHelper 23 May 2018 00:43:45,783 - File canonical path: C:\Users\AlRousan\Documents\NetBeansProjects\WorkflowComponents2\AnalysisStudentClustering\test\components\StudentClustering_component_example.xml
INFO: [main] edu.cmu.pslc.learnsphere.analysis.studentClustering.StudentClusteringMain 23 May 2018 00:43:45,799 - Initializing component options.
INFO: [main] edu.cmu.pslc.learnsphere.analysis.studentClustering.StudentClusteringMain 23 May 2018 00:43:45,799 - Using existing component options.
INFO: [main] edu.cmu.pslc.learnsphere.analysis.studentClustering.StudentClusteringMain 23 May 2018 00:43:45,846 - Processing Options
INFO: [main] edu.cmu.pslc.learnsphere.analysis.studentClustering.StudentClusteringMain 23 May 2018 00:43:45,846 - Validating workflow component.
INFO: [main] edu.cmu.pslc.learnsphere.analysis.studentClustering.StudentClusteringMain 23 May 2018 00:43:46,004 - Testing workflow component.
INFO: [main] edu.cmu.pslc.learnsphere.analysis.studentClustering.StudentClusteringMain 23 May 2018 00:43:46,004 - Executing workflow component.
INFO: [main] edu.cmu.pslc.learnsphere.analysis.studentClustering.StudentClusteringMain 23 May 2018 00:43:46,006 - Executing process: [C:\Program, Files\R\R-3.4.3\bin\x64\Rscript.exe, C:\Users\AlRousan\Documents\NetBeansProjects\WorkflowComponents2\AnalysisStudentClustering/program/AnalysisStudentClustering.R, -programDir, C:\Users\AlRousan\Documents\NetBeansProjects\WorkflowComponents2\AnalysisStudentClustering/, -workingDir, C:\Users\AlRousan\Documents\NetBeansProjects\WorkflowComponents2\AnalysisStudentClustering/test/ComponentTestOutput/output/, -header1, Anon.Student.Id, -header2, KC..Unique.step., -header3, Duration..sec., -header4, Outcome, -file0, C:\Users\AlRousan\Documents\NetBeansProjects\WorkflowComponents2\AnalysisStudentClustering\test\example_transactions\data.txt]
INFO: [main] edu.cmu.pslc.learnsphere.analysis.studentClustering.StudentClusteringMain 23 May 2018 03:44:26,696 - Command-line args: [-componentXmlFile, C:\Users\AlRousan\Documents\NetBeansProjects\WorkflowComponents2\AnalysisStudentClustering/test/components/StudentClustering_component_example.xml, -workflowDir, C:\Users\AlRousan\Documents\NetBeansProjects\WorkflowComponents2\AnalysisStudentClustering/test/, -toolDir, C:\Users\AlRousan\Documents\NetBeansProjects\WorkflowComponents2\AnalysisStudentClustering/, -schemaFile, C:\Users\AlRousan\Documents\NetBeansProjects\WorkflowComponents2\AnalysisStudentClustering/schemas/AnalysisStudentClustering_v1_0.xsd]
INFO: [main] edu.cmu.pslc.learnsphere.analysis.studentClustering.StudentClusteringMain 23 May 2018 03:44:26,697 - Initializing workflow component.
INFO: [main] edu.cmu.pslc.datashop.servlet.workflows.WorkflowHelper 23 May 2018 03:44:26,800 - Reading C:\Users\AlRousan\Documents\NetBeansProjects\WorkflowComponents2\AnalysisStudentClustering/test/components/StudentClustering_component_example.xml
INFO: [main] edu.cmu.pslc.datashop.servlet.workflows.WorkflowHelper 23 May 2018 03:44:26,802 - File absolute path: C:\Users\AlRousan\Documents\NetBeansProjects\WorkflowComponents2\AnalysisStudentClustering\test\components\StudentClustering_component_example.xml
INFO: [main] edu.cmu.pslc.datashop.servlet.workflows.WorkflowHelper 23 May 2018 03:44:26,802 - File canonical path: C:\Users\AlRousan\Documents\NetBeansProjects\WorkflowComponents2\AnalysisStudentClustering\test\components\StudentClustering_component_example.xml
INFO: [main] edu.cmu.pslc.learnsphere.analysis.studentClustering.StudentClusteringMain 23 May 2018 03:44:26,811 - Initializing component options.
INFO: [main] edu.cmu.pslc.learnsphere.analysis.studentClustering.StudentClusteringMain 23 May 2018 03:44:26,811 - Using existing component options.
INFO: [main] edu.cmu.pslc.learnsphere.analysis.studentClustering.StudentClusteringMain 23 May 2018 03:44:26,866 - Processing Options
INFO: [main] edu.cmu.pslc.learnsphere.analysis.studentClustering.StudentClusteringMain 23 May 2018 03:44:26,866 - Validating workflow component.
INFO: [main] edu.cmu.pslc.learnsphere.analysis.studentClustering.StudentClusteringMain 23 May 2018 03:44:27,008 - Testing workflow component.
INFO: [main] edu.cmu.pslc.learnsphere.analysis.studentClustering.StudentClusteringMain 23 May 2018 03:44:27,008 - Executing workflow component.
INFO: [main] edu.cmu.pslc.learnsphere.analysis.studentClustering.StudentClusteringMain 23 May 2018 03:44:27,009 - Executing process: [C:\Program, Files\R\R-3.4.3\bin\x64\Rscript.exe, C:\Users\AlRousan\Documents\NetBeansProjects\WorkflowComponents2\AnalysisStudentClustering/program/AnalysisStudentClustering.R, -programDir, C:\Users\AlRousan\Documents\NetBeansProjects\WorkflowComponents2\AnalysisStudentClustering/, -workingDir, C:\Users\AlRousan\Documents\NetBeansProjects\WorkflowComponents2\AnalysisStudentClustering/test/ComponentTestOutput/output/, -header1, Anon.Student.Id, -header2, KC..Unique.step., -header3, Duration..sec., -header4, Outcome, -file0, C:\Users\AlRousan\Documents\NetBeansProjects\WorkflowComponents2\AnalysisStudentClustering\test\example_transactions\data.txt]
INFO: [main] edu.cmu.pslc.learnsphere.analysis.studentClustering.StudentClusteringMain 23 May 2018 03:48:48,340 - Command-line args: [-componentXmlFile, C:\Users\AlRousan\Documents\NetBeansProjects\WorkflowComponents2\AnalysisStudentClustering/test/components/StudentClustering_component_example.xml, -workflowDir, C:\Users\AlRousan\Documents\NetBeansProjects\WorkflowComponents2\AnalysisStudentClustering/test/, -toolDir, C:\Users\AlRousan\Documents\NetBeansProjects\WorkflowComponents2\AnalysisStudentClustering/, -schemaFile, C:\Users\AlRousan\Documents\NetBeansProjects\WorkflowComponents2\AnalysisStudentClustering/schemas/AnalysisStudentClustering_v1_0.xsd]
INFO: [main] edu.cmu.pslc.learnsphere.analysis.studentClustering.StudentClusteringMain 23 May 2018 03:48:48,340 - Initializing workflow component.
INFO: [main] edu.cmu.pslc.datashop.servlet.workflows.WorkflowHelper 23 May 2018 03:48:48,443 - Reading C:\Users\AlRousan\Documents\NetBeansProjects\WorkflowComponents2\AnalysisStudentClustering/test/components/StudentClustering_component_example.xml
INFO: [main] edu.cmu.pslc.datashop.servlet.workflows.WorkflowHelper 23 May 2018 03:48:48,445 - File absolute path: C:\Users\AlRousan\Documents\NetBeansProjects\WorkflowComponents2\AnalysisStudentClustering\test\components\StudentClustering_component_example.xml
INFO: [main] edu.cmu.pslc.datashop.servlet.workflows.WorkflowHelper 23 May 2018 03:48:48,445 - File canonical path: C:\Users\AlRousan\Documents\NetBeansProjects\WorkflowComponents2\AnalysisStudentClustering\test\components\StudentClustering_component_example.xml
INFO: [main] edu.cmu.pslc.learnsphere.analysis.studentClustering.StudentClusteringMain 23 May 2018 03:48:48,454 - Initializing component options.
INFO: [main] edu.cmu.pslc.learnsphere.analysis.studentClustering.StudentClusteringMain 23 May 2018 03:48:48,454 - Using existing component options.
INFO: [main] edu.cmu.pslc.learnsphere.analysis.studentClustering.StudentClusteringMain 23 May 2018 03:48:48,508 - Processing Options
INFO: [main] edu.cmu.pslc.learnsphere.analysis.studentClustering.StudentClusteringMain 23 May 2018 03:48:48,508 - Validating workflow component.
INFO: [main] edu.cmu.pslc.learnsphere.analysis.studentClustering.StudentClusteringMain 23 May 2018 03:48:48,645 - Testing workflow component.
INFO: [main] edu.cmu.pslc.learnsphere.analysis.studentClustering.StudentClusteringMain 23 May 2018 03:48:48,645 - Executing workflow component.
INFO: [main] edu.cmu.pslc.learnsphere.analysis.studentClustering.StudentClusteringMain 23 May 2018 03:48:48,646 - Executing process: [C:\Program, Files\R\R-3.4.3\bin\x64\Rscript.exe, C:\Users\AlRousan\Documents\NetBeansProjects\WorkflowComponents2\AnalysisStudentClustering/program/AnalysisStudentClustering.R, -programDir, C:\Users\AlRousan\Documents\NetBeansProjects\WorkflowComponents2\AnalysisStudentClustering/, -workingDir, C:\Users\AlRousan\Documents\NetBeansProjects\WorkflowComponents2\AnalysisStudentClustering/test/ComponentTestOutput/output/, -header1, Anon.Student.Id, -header2, KC..Unique.step., -header3, Duration..sec., -header4, Outcome, -file0, C:\Users\AlRousan\Documents\NetBeansProjects\WorkflowComponents2\AnalysisStudentClustering\test\example_transactions\data.txt]
INFO: [main] edu.cmu.pslc.learnsphere.analysis.studentClustering.StudentClusteringMain 23 May 2018 03:49:51,563 - Command-line args: [-componentXmlFile, C:\Users\AlRousan\Documents\NetBeansProjects\WorkflowComponents2\AnalysisStudentClustering/test/components/StudentClustering_component_example.xml, -workflowDir, C:\Users\AlRousan\Documents\NetBeansProjects\WorkflowComponents2\AnalysisStudentClustering/test/, -toolDir, C:\Users\AlRousan\Documents\NetBeansProjects\WorkflowComponents2\AnalysisStudentClustering/, -schemaFile, C:\Users\AlRousan\Documents\NetBeansProjects\WorkflowComponents2\AnalysisStudentClustering/schemas/AnalysisStudentClustering_v1_0.xsd]
INFO: [main] edu.cmu.pslc.learnsphere.analysis.studentClustering.StudentClusteringMain 23 May 2018 03:49:51,564 - Initializing workflow component.
INFO: [main] edu.cmu.pslc.datashop.servlet.workflows.WorkflowHelper 23 May 2018 03:49:51,678 - Reading C:\Users\AlRousan\Documents\NetBeansProjects\WorkflowComponents2\AnalysisStudentClustering/test/components/StudentClustering_component_example.xml
INFO: [main] edu.cmu.pslc.datashop.servlet.workflows.WorkflowHelper 23 May 2018 03:49:51,680 - File absolute path: C:\Users\AlRousan\Documents\NetBeansProjects\WorkflowComponents2\AnalysisStudentClustering\test\components\StudentClustering_component_example.xml
INFO: [main] edu.cmu.pslc.datashop.servlet.workflows.WorkflowHelper 23 May 2018 03:49:51,680 - File canonical path: C:\Users\AlRousan\Documents\NetBeansProjects\WorkflowComponents2\AnalysisStudentClustering\test\components\StudentClustering_component_example.xml
INFO: [main] edu.cmu.pslc.learnsphere.analysis.studentClustering.StudentClusteringMain 23 May 2018 03:49:51,690 - Initializing component options.
INFO: [main] edu.cmu.pslc.learnsphere.analysis.studentClustering.StudentClusteringMain 23 May 2018 03:49:51,690 - Using existing component options.
INFO: [main] edu.cmu.pslc.learnsphere.analysis.studentClustering.StudentClusteringMain 23 May 2018 03:49:51,752 - Processing Options
INFO: [main] edu.cmu.pslc.learnsphere.analysis.studentClustering.StudentClusteringMain 23 May 2018 03:49:51,752 - Validating workflow component.
INFO: [main] edu.cmu.pslc.learnsphere.analysis.studentClustering.StudentClusteringMain 23 May 2018 03:49:51,889 - Testing workflow component.
INFO: [main] edu.cmu.pslc.learnsphere.analysis.studentClustering.StudentClusteringMain 23 May 2018 03:49:51,889 - Executing workflow component.
INFO: [main] edu.cmu.pslc.learnsphere.analysis.studentClustering.StudentClusteringMain 23 May 2018 03:49:51,890 - Executing process: [C:\Program, Files\R\R-3.4.3\bin\x64\Rscript.exe, C:\Users\AlRousan\Documents\NetBeansProjects\WorkflowComponents2\AnalysisStudentClustering/program/AnalysisStudentClustering.R, -programDir, C:\Users\AlRousan\Documents\NetBeansProjects\WorkflowComponents2\AnalysisStudentClustering/, -workingDir, C:\Users\AlRousan\Documents\NetBeansProjects\WorkflowComponents2\AnalysisStudentClustering/test/ComponentTestOutput/output/, -header1, Anon.Student.Id, -header2, KC..Unique.step., -header3, Duration..sec., -header4, Outcome, -file0, C:\Users\AlRousan\Documents\NetBeansProjects\WorkflowComponents2\AnalysisStudentClustering\test\example_transactions\data.txt]
INFO: [main] edu.cmu.pslc.learnsphere.analysis.studentClustering.StudentClusteringMain 23 May 2018 03:51:32,999 - Command-line args: [-componentXmlFile, C:\Users\AlRousan\Documents\NetBeansProjects\WorkflowComponents2\AnalysisStudentClustering/test/components/StudentClustering_component_example.xml, -workflowDir, C:\Users\AlRousan\Documents\NetBeansProjects\WorkflowComponents2\AnalysisStudentClustering/test/, -toolDir, C:\Users\AlRousan\Documents\NetBeansProjects\WorkflowComponents2\AnalysisStudentClustering/, -schemaFile, C:\Users\AlRousan\Documents\NetBeansProjects\WorkflowComponents2\AnalysisStudentClustering/schemas/AnalysisStudentClustering_v1_0.xsd]
INFO: [main] edu.cmu.pslc.learnsphere.analysis.studentClustering.StudentClusteringMain 23 May 2018 03:51:33,000 - Initializing workflow component.
INFO: [main] edu.cmu.pslc.datashop.servlet.workflows.WorkflowHelper 23 May 2018 03:51:33,101 - Reading C:\Users\AlRousan\Documents\NetBeansProjects\WorkflowComponents2\AnalysisStudentClustering/test/components/StudentClustering_component_example.xml
INFO: [main] edu.cmu.pslc.datashop.servlet.workflows.WorkflowHelper 23 May 2018 03:51:33,103 - File absolute path: C:\Users\AlRousan\Documents\NetBeansProjects\WorkflowComponents2\AnalysisStudentClustering\test\components\StudentClustering_component_example.xml
INFO: [main] edu.cmu.pslc.datashop.servlet.workflows.WorkflowHelper 23 May 2018 03:51:33,104 - File canonical path: C:\Users\AlRousan\Documents\NetBeansProjects\WorkflowComponents2\AnalysisStudentClustering\test\components\StudentClustering_component_example.xml
INFO: [main] edu.cmu.pslc.learnsphere.analysis.studentClustering.StudentClusteringMain 23 May 2018 03:51:33,114 - Initializing component options.
INFO: [main] edu.cmu.pslc.learnsphere.analysis.studentClustering.StudentClusteringMain 23 May 2018 03:51:33,114 - Using existing component options.
INFO: [main] edu.cmu.pslc.learnsphere.analysis.studentClustering.StudentClusteringMain 23 May 2018 03:51:33,171 - Processing Options
INFO: [main] edu.cmu.pslc.learnsphere.analysis.studentClustering.StudentClusteringMain 23 May 2018 03:51:33,171 - Validating workflow component.
INFO: [main] edu.cmu.pslc.learnsphere.analysis.studentClustering.StudentClusteringMain 23 May 2018 03:51:33,306 - Testing workflow component.
INFO: [main] edu.cmu.pslc.learnsphere.analysis.studentClustering.StudentClusteringMain 23 May 2018 03:51:33,306 - Executing workflow component.
INFO: [main] edu.cmu.pslc.learnsphere.analysis.studentClustering.StudentClusteringMain 23 May 2018 03:51:33,308 - Executing process: [C:\Program, Files\R\R-3.4.3\bin\x64\Rscript.exe, C:\Users\AlRousan\Documents\NetBeansProjects\WorkflowComponents2\AnalysisStudentClustering/program/AnalysisStudentClustering.R, -programDir, C:\Users\AlRousan\Documents\NetBeansProjects\WorkflowComponents2\AnalysisStudentClustering/, -workingDir, C:\Users\AlRousan\Documents\NetBeansProjects\WorkflowComponents2\AnalysisStudentClustering/test/ComponentTestOutput/output/, -header1, Anon.Student.Id, -header2, KC..Unique.step., -header3, Duration..sec., -header4, Outcome, -file0, C:\Users\AlRousan\Documents\NetBeansProjects\WorkflowComponents2\AnalysisStudentClustering\test\example_transactions\data.txt]
INFO: [main] edu.cmu.pslc.learnsphere.analysis.studentClustering.StudentClusteringMain 23 May 2018 03:53:44,646 - Command-line args: [-componentXmlFile, C:\Users\AlRousan\Documents\NetBeansProjects\WorkflowComponents2\AnalysisStudentClustering/test/components/StudentClustering_component_example.xml, -workflowDir, C:\Users\AlRousan\Documents\NetBeansProjects\WorkflowComponents2\AnalysisStudentClustering/test/, -toolDir, C:\Users\AlRousan\Documents\NetBeansProjects\WorkflowComponents2\AnalysisStudentClustering/, -schemaFile, C:\Users\AlRousan\Documents\NetBeansProjects\WorkflowComponents2\AnalysisStudentClustering/schemas/AnalysisStudentClustering_v1_0.xsd]
INFO: [main] edu.cmu.pslc.learnsphere.analysis.studentClustering.StudentClusteringMain 23 May 2018 03:53:44,647 - Initializing workflow component.
INFO: [main] edu.cmu.pslc.datashop.servlet.workflows.WorkflowHelper 23 May 2018 03:53:44,753 - Reading C:\Users\AlRousan\Documents\NetBeansProjects\WorkflowComponents2\AnalysisStudentClustering/test/components/StudentClustering_component_example.xml
INFO: [main] edu.cmu.pslc.datashop.servlet.workflows.WorkflowHelper 23 May 2018 03:53:44,755 - File absolute path: C:\Users\AlRousan\Documents\NetBeansProjects\WorkflowComponents2\AnalysisStudentClustering\test\components\StudentClustering_component_example.xml
INFO: [main] edu.cmu.pslc.datashop.servlet.workflows.WorkflowHelper 23 May 2018 03:53:44,755 - File canonical path: C:\Users\AlRousan\Documents\NetBeansProjects\WorkflowComponents2\AnalysisStudentClustering\test\components\StudentClustering_component_example.xml
INFO: [main] edu.cmu.pslc.learnsphere.analysis.studentClustering.StudentClusteringMain 23 May 2018 03:53:44,766 - Initializing component options.
INFO: [main] edu.cmu.pslc.learnsphere.analysis.studentClustering.StudentClusteringMain 23 May 2018 03:53:44,766 - Using existing component options.
INFO: [main] edu.cmu.pslc.learnsphere.analysis.studentClustering.StudentClusteringMain 23 May 2018 03:53:44,821 - Processing Options
INFO: [main] edu.cmu.pslc.learnsphere.analysis.studentClustering.StudentClusteringMain 23 May 2018 03:53:44,821 - Validating workflow component.
INFO: [main] edu.cmu.pslc.learnsphere.analysis.studentClustering.StudentClusteringMain 23 May 2018 03:53:44,959 - Testing workflow component.
INFO: [main] edu.cmu.pslc.learnsphere.analysis.studentClustering.StudentClusteringMain 23 May 2018 03:53:44,959 - Executing workflow component.
INFO: [main] edu.cmu.pslc.learnsphere.analysis.studentClustering.StudentClusteringMain 23 May 2018 03:53:44,960 - Executing process: [C:\Program, Files\R\R-3.4.3\bin\x64\Rscript.exe, C:\Users\AlRousan\Documents\NetBeansProjects\WorkflowComponents2\AnalysisStudentClustering/program/AnalysisStudentClustering.R, -programDir, C:\Users\AlRousan\Documents\NetBeansProjects\WorkflowComponents2\AnalysisStudentClustering/, -workingDir, C:\Users\AlRousan\Documents\NetBeansProjects\WorkflowComponents2\AnalysisStudentClustering/test/ComponentTestOutput/output/, -header1, Anon.Student.Id, -header2, KC..Unique.step., -header3, Duration..sec., -header4, Outcome, -file0, C:\Users\AlRousan\Documents\NetBeansProjects\WorkflowComponents2\AnalysisStudentClustering\test\example_transactions\data.txt]
INFO: [main] edu.cmu.pslc.datashop.servlet.workflows.WorkflowHelper 23 May 2018 03:53:46,105 - First line: [1] "-----------------------------"
INFO: [main] edu.cmu.pslc.datashop.servlet.workflows.WorkflowHelper 23 May 2018 03:53:46,105 - Delim: 	
INFO: [main] edu.cmu.pslc.learnsphere.analysis.studentClustering.StudentClusteringMain 23 May 2018 03:58:25,959 - Command-line args: [-componentXmlFile, C:\Users\AlRousan\Documents\NetBeansProjects\WorkflowComponents2\AnalysisStudentClustering/test/components/StudentClustering_component_example.xml, -workflowDir, C:\Users\AlRousan\Documents\NetBeansProjects\WorkflowComponents2\AnalysisStudentClustering/test/, -toolDir, C:\Users\AlRousan\Documents\NetBeansProjects\WorkflowComponents2\AnalysisStudentClustering/, -schemaFile, C:\Users\AlRousan\Documents\NetBeansProjects\WorkflowComponents2\AnalysisStudentClustering/schemas/AnalysisStudentClustering_v1_0.xsd]
INFO: [main] edu.cmu.pslc.learnsphere.analysis.studentClustering.StudentClusteringMain 23 May 2018 03:58:25,960 - Initializing workflow component.
INFO: [main] edu.cmu.pslc.datashop.servlet.workflows.WorkflowHelper 23 May 2018 03:58:26,061 - Reading C:\Users\AlRousan\Documents\NetBeansProjects\WorkflowComponents2\AnalysisStudentClustering/test/components/StudentClustering_component_example.xml
INFO: [main] edu.cmu.pslc.datashop.servlet.workflows.WorkflowHelper 23 May 2018 03:58:26,063 - File absolute path: C:\Users\AlRousan\Documents\NetBeansProjects\WorkflowComponents2\AnalysisStudentClustering\test\components\StudentClustering_component_example.xml
INFO: [main] edu.cmu.pslc.datashop.servlet.workflows.WorkflowHelper 23 May 2018 03:58:26,063 - File canonical path: C:\Users\AlRousan\Documents\NetBeansProjects\WorkflowComponents2\AnalysisStudentClustering\test\components\StudentClustering_component_example.xml
INFO: [main] edu.cmu.pslc.learnsphere.analysis.studentClustering.StudentClusteringMain 23 May 2018 03:58:26,073 - Initializing component options.
INFO: [main] edu.cmu.pslc.learnsphere.analysis.studentClustering.StudentClusteringMain 23 May 2018 03:58:26,073 - Using existing component options.
INFO: [main] edu.cmu.pslc.learnsphere.analysis.studentClustering.StudentClusteringMain 23 May 2018 03:58:26,131 - Processing Options
INFO: [main] edu.cmu.pslc.learnsphere.analysis.studentClustering.StudentClusteringMain 23 May 2018 03:58:26,131 - Validating workflow component.
INFO: [main] edu.cmu.pslc.learnsphere.analysis.studentClustering.StudentClusteringMain 23 May 2018 03:58:26,275 - Testing workflow component.
INFO: [main] edu.cmu.pslc.learnsphere.analysis.studentClustering.StudentClusteringMain 23 May 2018 03:58:26,276 - Executing workflow component.
INFO: [main] edu.cmu.pslc.learnsphere.analysis.studentClustering.StudentClusteringMain 23 May 2018 03:58:26,277 - Executing process: [C:\Program, Files\R\R-3.4.3\bin\x64\Rscript.exe, C:\Users\AlRousan\Documents\NetBeansProjects\WorkflowComponents2\AnalysisStudentClustering/program/AnalysisStudentClustering.R, -programDir, C:\Users\AlRousan\Documents\NetBeansProjects\WorkflowComponents2\AnalysisStudentClustering/, -workingDir, C:\Users\AlRousan\Documents\NetBeansProjects\WorkflowComponents2\AnalysisStudentClustering/test/ComponentTestOutput/output/, -header1, Anon.Student.Id, -header2, KC..Unique.step., -header3, Duration..sec., -header4, Outcome, -file0, C:\Users\AlRousan\Documents\NetBeansProjects\WorkflowComponents2\AnalysisStudentClustering\test\example_transactions\data.txt]
INFO: [main] edu.cmu.pslc.datashop.servlet.workflows.WorkflowHelper 23 May 2018 03:58:27,407 - First line: [1] "-----------------------------"
INFO: [main] edu.cmu.pslc.datashop.servlet.workflows.WorkflowHelper 23 May 2018 03:58:27,407 - Delim: 	
